<?xml version="1.0" encoding="UTF-8"?>
<testsuites name="superadmin can add jobs" time="61" tests="2" failures="0" errors="1">
   <testsuite name="superadmin can add jobs" tests="2" failures="0" errors="1" time="61" timestamp="2018-12-03 15:26:10" hostname="M.Kamel - 10.1.210.199" id="Test Suites/superadmin can add jobs">
      <properties>
         <property name="deviceName" value=""/>
         <property name="devicePlatform" value=""/>
         <property name="logFolder" value="C:\\Users\\M.Kamel\\git\\regression22\\Reports\\superadmin can add jobs\\20181203_152609"/>
         <property name="logFiles" value="C:\\Users\\M.Kamel\\git\\regression22\\Reports\\superadmin can add jobs\\20181203_152609\\execution0.log"/>
         <property name="attachments" value=""/>
         <property name="hostName" value="M.Kamel - 10.1.210.199"/>
         <property name="os" value="Windows 10 64bit"/>
         <property name="katalonVersion" value="5.8.6.1"/>
         <property name="browser" value="Chrome 70.0.3538.110"/>
         <property name="hostAddress" value="10.1.210.199"/>
         <property name="sessionId" value="f7ff76ad7f0170c4ff51091fa88255fb"/>
         <property name="seleniumVersion" value="3.7.1"/>
         <property name="proxyInformation" value="ProxyInformation{proxyOption=NO_PROXY, proxyServerType=HTTP, password=, proxyServerAddress=, proxyServerPort=0}"/>
         <property name="platform" value="Windows 10"/>
      </properties>
      <testcase name="Test Cases/Final/Login - superadmin" classname="Test Cases/Final/Login - superadmin" status="PASSED">
         <system-out><![CDATA[2018-12-03 15:26:10 - [TEST_CASE][PASSED] - Test Cases/Final/Login - superadmin: Test Cases/Final/Login - superadmin

2018-12-03 15:26:11 - [TEST_STEP][PASSED] - openBrowser: Browser is opened with url: ''

2018-12-03 15:26:14 - [MESSAGE][PASSED] - Browser is opened with url: ''

2018-12-03 15:26:14 - [TEST_STEP][PASSED] - maximizeWindow: Current window maximized

2018-12-03 15:26:15 - [MESSAGE][PASSED] - Current window maximized

2018-12-03 15:26:15 - [TEST_STEP][PASSED] - navigateToUrl: Navigate to 'https://www.schooolz.com' successfully

2018-12-03 15:26:28 - [MESSAGE][PASSED] - Navigate to 'https://www.schooolz.com' successfully

2018-12-03 15:26:28 - [TEST_STEP][PASSED] - delay: Delayed 10 second(s)

2018-12-03 15:26:38 - [MESSAGE][PASSED] - Delayed 10 second(s)

2018-12-03 15:26:38 - [TEST_STEP][PASSED] - click: Object: 'Object Repository/join to school/login_btn' is clicked on

2018-12-03 15:26:38 - [MESSAGE][PASSED] - Object: 'Object Repository/join to school/login_btn' is clicked on

2018-12-03 15:26:38 - [TEST_STEP][PASSED] - delay: Delayed 5 second(s)

2018-12-03 15:26:43 - [MESSAGE][PASSED] - Delayed 5 second(s)

2018-12-03 15:26:43 - [TEST_STEP][PASSED] - setText: Text 'superadmin' is set on object 'Object Repository/join to school/UserName_txt'

2018-12-03 15:26:43 - [MESSAGE][PASSED] - Text 'superadmin' is set on object 'Object Repository/join to school/UserName_txt'

2018-12-03 15:26:43 - [TEST_STEP][PASSED] - setText: Text '123456' is set on object 'Object Repository/join to school/UserPassword_txt'

2018-12-03 15:26:44 - [MESSAGE][PASSED] - Text '123456' is set on object 'Object Repository/join to school/UserPassword_txt'

2018-12-03 15:26:44 - [TEST_STEP][PASSED] - click: Object: 'Object Repository/join to school/register_btn' is clicked on

2018-12-03 15:26:48 - [MESSAGE][PASSED] - Object: 'Object Repository/join to school/register_btn' is clicked on]]></system-out>
         <system-err><![CDATA[]]></system-err>
      </testcase>
      <testcase name="Test Cases/Final/nav_to_HS" classname="Test Cases/Final/nav_to_HS" status="PASSED">
         <system-out><![CDATA[2018-12-03 15:26:48 - [TEST_CASE][PASSED] - Test Cases/Final/nav_to_HS: Test Cases/Final/nav_to_HS

2018-12-03 15:26:48 - [TEST_STEP][PASSED] - navigateToUrl: Navigate to 'http://www.schooolz.com' successfully

2018-12-03 15:26:58 - [MESSAGE][PASSED] - Navigate to 'http://www.schooolz.com' successfully]]></system-out>
         <system-err><![CDATA[]]></system-err>
      </testcase>
      <testcase name="Test Cases/Final/add_jobs" classname="Test Cases/Final/add_jobs" status="ERROR">
         <error type="ERROR" message="Test Cases/Final/add_jobs FAILED because (of) (Stack trace: groovy.lang.MissingPropertyException: No such property: RandomStringUtils for class: Script1543747815486
	at org.codehaus.groovy.runtime.ScriptBytecodeAdapter.unwrap(ScriptBytecodeAdapter.java:53)
	at org.codehaus.groovy.runtime.callsite.PogoGetPropertySite.getProperty(PogoGetPropertySite.java:52)
	at org.codehaus.groovy.runtime.callsite.AbstractCallSite.callGroovyObjectGetProperty(AbstractCallSite.java:307)
	at Script1543747815486.run(Script1543747815486.groovy:49)
	at com.kms.katalon.core.main.ScriptEngine.run(ScriptEngine.java:183)
	at com.kms.katalon.core.main.ScriptEngine.runScriptAsRawText(ScriptEngine.java:108)
	at com.kms.katalon.core.main.TestCaseExecutor.runScript(TestCaseExecutor.java:294)
	at com.kms.katalon.core.main.TestCaseExecutor.doExecute(TestCaseExecutor.java:285)
	at com.kms.katalon.core.main.TestCaseExecutor.processExecutionPhase(TestCaseExecutor.java:264)
	at com.kms.katalon.core.main.TestCaseExecutor.accessMainPhase(TestCaseExecutor.java:256)
	at com.kms.katalon.core.main.TestCaseExecutor.execute(TestCaseExecutor.java:200)
	at com.kms.katalon.core.main.TestSuiteExecutor.accessTestCaseMainPhase(TestSuiteExecutor.java:129)
	at com.kms.katalon.core.main.TestSuiteExecutor.accessTestSuiteMainPhase(TestSuiteExecutor.java:112)
	at com.kms.katalon.core.main.TestSuiteExecutor.execute(TestSuiteExecutor.java:81)
	at com.kms.katalon.core.main.TestCaseMain.startTestSuite(TestCaseMain.java:142)
	at com.kms.katalon.core.main.TestCaseMain$startTestSuite$0.call(Unknown Source)
	at org.codehaus.groovy.runtime.callsite.CallSiteArray.defaultCall(CallSiteArray.java:48)
	at org.codehaus.groovy.runtime.callsite.AbstractCallSite.call(AbstractCallSite.java:113)
	at org.codehaus.groovy.runtime.callsite.AbstractCallSite.call(AbstractCallSite.java:141)
	at TempTestSuite1543843569128.run(TempTestSuite1543843569128.groovy:36)
	at groovy.lang.GroovyShell.runScriptOrMainOrTestOrRunnable(GroovyShell.java:263)
	at groovy.lang.GroovyShell.run(GroovyShell.java:518)
	at groovy.lang.GroovyShell.run(GroovyShell.java:507)
	at groovy.ui.GroovyMain.processOnce(GroovyMain.java:653)
	at groovy.ui.GroovyMain.run(GroovyMain.java:384)
	at groovy.ui.GroovyMain.process(GroovyMain.java:370)
	at groovy.ui.GroovyMain.processArgs(GroovyMain.java:129)
	at groovy.ui.GroovyMain.main(GroovyMain.java:109)
	at sun.reflect.NativeMethodAccessorImpl.invoke0(Native Method)
	at sun.reflect.NativeMethodAccessorImpl.invoke(NativeMethodAccessorImpl.java:62)
	at sun.reflect.DelegatingMethodAccessorImpl.invoke(DelegatingMethodAccessorImpl.java:43)
	at java.lang.reflect.Method.invoke(Method.java:498)
	at org.codehaus.groovy.tools.GroovyStarter.rootLoader(GroovyStarter.java:109)
	at org.codehaus.groovy.tools.GroovyStarter.main(GroovyStarter.java:131)
)"/>
         <system-out><![CDATA[2018-12-03 15:26:58 - [TEST_CASE][ERROR] - Test Cases/Final/add_jobs: Test Cases/Final/add_jobs FAILED because (of) (Stack trace: groovy.lang.MissingPropertyException: No such property: RandomStringUtils for class: Script1543747815486
	at org.codehaus.groovy.runtime.ScriptBytecodeAdapter.unwrap(ScriptBytecodeAdapter.java:53)
	at org.codehaus.groovy.runtime.callsite.PogoGetPropertySite.getProperty(PogoGetPropertySite.java:52)
	at org.codehaus.groovy.runtime.callsite.AbstractCallSite.callGroovyObjectGetProperty(AbstractCallSite.java:307)
	at Script1543747815486.run(Script1543747815486.groovy:49)
	at com.kms.katalon.core.main.ScriptEngine.run(ScriptEngine.java:183)
	at com.kms.katalon.core.main.ScriptEngine.runScriptAsRawText(ScriptEngine.java:108)
	at com.kms.katalon.core.main.TestCaseExecutor.runScript(TestCaseExecutor.java:294)
	at com.kms.katalon.core.main.TestCaseExecutor.doExecute(TestCaseExecutor.java:285)
	at com.kms.katalon.core.main.TestCaseExecutor.processExecutionPhase(TestCaseExecutor.java:264)
	at com.kms.katalon.core.main.TestCaseExecutor.accessMainPhase(TestCaseExecutor.java:256)
	at com.kms.katalon.core.main.TestCaseExecutor.execute(TestCaseExecutor.java:200)
	at com.kms.katalon.core.main.TestSuiteExecutor.accessTestCaseMainPhase(TestSuiteExecutor.java:129)
	at com.kms.katalon.core.main.TestSuiteExecutor.accessTestSuiteMainPhase(TestSuiteExecutor.java:112)
	at com.kms.katalon.core.main.TestSuiteExecutor.execute(TestSuiteExecutor.java:81)
	at com.kms.katalon.core.main.TestCaseMain.startTestSuite(TestCaseMain.java:142)
	at com.kms.katalon.core.main.TestCaseMain$startTestSuite$0.call(Unknown Source)
	at org.codehaus.groovy.runtime.callsite.CallSiteArray.defaultCall(CallSiteArray.java:48)
	at org.codehaus.groovy.runtime.callsite.AbstractCallSite.call(AbstractCallSite.java:113)
	at org.codehaus.groovy.runtime.callsite.AbstractCallSite.call(AbstractCallSite.java:141)
	at TempTestSuite1543843569128.run(TempTestSuite1543843569128.groovy:36)
	at groovy.lang.GroovyShell.runScriptOrMainOrTestOrRunnable(GroovyShell.java:263)
	at groovy.lang.GroovyShell.run(GroovyShell.java:518)
	at groovy.lang.GroovyShell.run(GroovyShell.java:507)
	at groovy.ui.GroovyMain.processOnce(GroovyMain.java:653)
	at groovy.ui.GroovyMain.run(GroovyMain.java:384)
	at groovy.ui.GroovyMain.process(GroovyMain.java:370)
	at groovy.ui.GroovyMain.processArgs(GroovyMain.java:129)
	at groovy.ui.GroovyMain.main(GroovyMain.java:109)
	at sun.reflect.NativeMethodAccessorImpl.invoke0(Native Method)
	at sun.reflect.NativeMethodAccessorImpl.invoke(NativeMethodAccessorImpl.java:62)
	at sun.reflect.DelegatingMethodAccessorImpl.invoke(DelegatingMethodAccessorImpl.java:43)
	at java.lang.reflect.Method.invoke(Method.java:498)
	at org.codehaus.groovy.tools.GroovyStarter.rootLoader(GroovyStarter.java:109)
	at org.codehaus.groovy.tools.GroovyStarter.main(GroovyStarter.java:131)
)

2018-12-03 15:26:58 - [TEST_STEP][NOT_RUN] - openBrowser: NOT_RUN: openBrowser

2018-12-03 15:26:58 - [MESSAGE][NOT_RUN] - NOT_RUN: openBrowser

2018-12-03 15:26:58 - [TEST_STEP][NOT_RUN] - maximizeWindow: NOT_RUN: maximizeWindow

2018-12-03 15:26:58 - [MESSAGE][NOT_RUN] - NOT_RUN: maximizeWindow

2018-12-03 15:26:58 - [TEST_STEP][NOT_RUN] - navigateToUrl: NOT_RUN: navigateToUrl

2018-12-03 15:26:58 - [MESSAGE][NOT_RUN] - NOT_RUN: navigateToUrl

2018-12-03 15:26:58 - [TEST_STEP][NOT_RUN] - delay: NOT_RUN: delay

2018-12-03 15:26:58 - [MESSAGE][NOT_RUN] - NOT_RUN: delay

2018-12-03 15:26:58 - [TEST_STEP][NOT_RUN] - click: NOT_RUN: click

2018-12-03 15:26:58 - [MESSAGE][NOT_RUN] - NOT_RUN: click

2018-12-03 15:26:58 - [TEST_STEP][NOT_RUN] - delay: NOT_RUN: delay

2018-12-03 15:26:58 - [MESSAGE][NOT_RUN] - NOT_RUN: delay

2018-12-03 15:26:58 - [TEST_STEP][NOT_RUN] - setText: NOT_RUN: setText

2018-12-03 15:26:58 - [MESSAGE][NOT_RUN] - NOT_RUN: setText

2018-12-03 15:26:58 - [TEST_STEP][NOT_RUN] - delay: NOT_RUN: delay

2018-12-03 15:26:58 - [MESSAGE][NOT_RUN] - NOT_RUN: delay

2018-12-03 15:26:58 - [TEST_STEP][NOT_RUN] - setText: NOT_RUN: setText

2018-12-03 15:26:58 - [MESSAGE][NOT_RUN] - NOT_RUN: setText

2018-12-03 15:26:58 - [TEST_STEP][NOT_RUN] - delay: NOT_RUN: delay

2018-12-03 15:26:58 - [MESSAGE][NOT_RUN] - NOT_RUN: delay

2018-12-03 15:26:58 - [TEST_STEP][NOT_RUN] - click: NOT_RUN: click

2018-12-03 15:26:58 - [MESSAGE][NOT_RUN] - NOT_RUN: click

2018-12-03 15:26:58 - [TEST_STEP][NOT_RUN] - delay: NOT_RUN: delay

2018-12-03 15:26:58 - [MESSAGE][NOT_RUN] - NOT_RUN: delay

2018-12-03 15:26:58 - [TEST_STEP][PASSED] - click: Object: 'Object Repository/add_jobs/jobs_btn' is clicked on

2018-12-03 15:27:00 - [MESSAGE][PASSED] - Object: 'Object Repository/add_jobs/jobs_btn' is clicked on

2018-12-03 15:27:00 - [TEST_STEP][PASSED] - delay: Delayed 5 second(s)

2018-12-03 15:27:05 - [MESSAGE][PASSED] - Delayed 5 second(s)

2018-12-03 15:27:05 - [TEST_STEP][PASSED] - click: Object: 'Object Repository/add_jobs/addjob_btn' is clicked on

2018-12-03 15:27:06 - [MESSAGE][PASSED] - Object: 'Object Repository/add_jobs/addjob_btn' is clicked on

2018-12-03 15:27:06 - [TEST_STEP][PASSED] - delay: Delayed 5 second(s)

2018-12-03 15:27:11 - [MESSAGE][PASSED] - Delayed 5 second(s)

2018-12-03 15:27:11 - [TEST_STEP][PASSED] - setText: Finding Test Object with id 'Object Repository/add_jobs/name']]></system-out>
         <system-err><![CDATA[2018-12-03 15:26:58 - [TEST_CASE][ERROR] - Test Cases/Final/add_jobs: Test Cases/Final/add_jobs FAILED because (of) (Stack trace: groovy.lang.MissingPropertyException: No such property: RandomStringUtils for class: Script1543747815486
	at org.codehaus.groovy.runtime.ScriptBytecodeAdapter.unwrap(ScriptBytecodeAdapter.java:53)
	at org.codehaus.groovy.runtime.callsite.PogoGetPropertySite.getProperty(PogoGetPropertySite.java:52)
	at org.codehaus.groovy.runtime.callsite.AbstractCallSite.callGroovyObjectGetProperty(AbstractCallSite.java:307)
	at Script1543747815486.run(Script1543747815486.groovy:49)
	at com.kms.katalon.core.main.ScriptEngine.run(ScriptEngine.java:183)
	at com.kms.katalon.core.main.ScriptEngine.runScriptAsRawText(ScriptEngine.java:108)
	at com.kms.katalon.core.main.TestCaseExecutor.runScript(TestCaseExecutor.java:294)
	at com.kms.katalon.core.main.TestCaseExecutor.doExecute(TestCaseExecutor.java:285)
	at com.kms.katalon.core.main.TestCaseExecutor.processExecutionPhase(TestCaseExecutor.java:264)
	at com.kms.katalon.core.main.TestCaseExecutor.accessMainPhase(TestCaseExecutor.java:256)
	at com.kms.katalon.core.main.TestCaseExecutor.execute(TestCaseExecutor.java:200)
	at com.kms.katalon.core.main.TestSuiteExecutor.accessTestCaseMainPhase(TestSuiteExecutor.java:129)
	at com.kms.katalon.core.main.TestSuiteExecutor.accessTestSuiteMainPhase(TestSuiteExecutor.java:112)
	at com.kms.katalon.core.main.TestSuiteExecutor.execute(TestSuiteExecutor.java:81)
	at com.kms.katalon.core.main.TestCaseMain.startTestSuite(TestCaseMain.java:142)
	at com.kms.katalon.core.main.TestCaseMain$startTestSuite$0.call(Unknown Source)
	at org.codehaus.groovy.runtime.callsite.CallSiteArray.defaultCall(CallSiteArray.java:48)
	at org.codehaus.groovy.runtime.callsite.AbstractCallSite.call(AbstractCallSite.java:113)
	at org.codehaus.groovy.runtime.callsite.AbstractCallSite.call(AbstractCallSite.java:141)
	at TempTestSuite1543843569128.run(TempTestSuite1543843569128.groovy:36)
	at groovy.lang.GroovyShell.runScriptOrMainOrTestOrRunnable(GroovyShell.java:263)
	at groovy.lang.GroovyShell.run(GroovyShell.java:518)
	at groovy.lang.GroovyShell.run(GroovyShell.java:507)
	at groovy.ui.GroovyMain.processOnce(GroovyMain.java:653)
	at groovy.ui.GroovyMain.run(GroovyMain.java:384)
	at groovy.ui.GroovyMain.process(GroovyMain.java:370)
	at groovy.ui.GroovyMain.processArgs(GroovyMain.java:129)
	at groovy.ui.GroovyMain.main(GroovyMain.java:109)
	at sun.reflect.NativeMethodAccessorImpl.invoke0(Native Method)
	at sun.reflect.NativeMethodAccessorImpl.invoke(NativeMethodAccessorImpl.java:62)
	at sun.reflect.DelegatingMethodAccessorImpl.invoke(DelegatingMethodAccessorImpl.java:43)
	at java.lang.reflect.Method.invoke(Method.java:498)
	at org.codehaus.groovy.tools.GroovyStarter.rootLoader(GroovyStarter.java:109)
	at org.codehaus.groovy.tools.GroovyStarter.main(GroovyStarter.java:131)
)]]></system-err>
      </testcase>
      <system-out><![CDATA[2018-12-03 15:26:10 - [TEST_SUITE][ERROR] - superadmin can add jobs: Test Cases/Final/add_jobs FAILED because (of) (Stack trace: groovy.lang.MissingPropertyException: No such property: RandomStringUtils for class: Script1543747815486
	at org.codehaus.groovy.runtime.ScriptBytecodeAdapter.unwrap(ScriptBytecodeAdapter.java:53)
	at org.codehaus.groovy.runtime.callsite.PogoGetPropertySite.getProperty(PogoGetPropertySite.java:52)
	at org.codehaus.groovy.runtime.callsite.AbstractCallSite.callGroovyObjectGetProperty(AbstractCallSite.java:307)
	at Script1543747815486.run(Script1543747815486.groovy:49)
	at com.kms.katalon.core.main.ScriptEngine.run(ScriptEngine.java:183)
	at com.kms.katalon.core.main.ScriptEngine.runScriptAsRawText(ScriptEngine.java:108)
	at com.kms.katalon.core.main.TestCaseExecutor.runScript(TestCaseExecutor.java:294)
	at com.kms.katalon.core.main.TestCaseExecutor.doExecute(TestCaseExecutor.java:285)
	at com.kms.katalon.core.main.TestCaseExecutor.processExecutionPhase(TestCaseExecutor.java:264)
	at com.kms.katalon.core.main.TestCaseExecutor.accessMainPhase(TestCaseExecutor.java:256)
	at com.kms.katalon.core.main.TestCaseExecutor.execute(TestCaseExecutor.java:200)
	at com.kms.katalon.core.main.TestSuiteExecutor.accessTestCaseMainPhase(TestSuiteExecutor.java:129)
	at com.kms.katalon.core.main.TestSuiteExecutor.accessTestSuiteMainPhase(TestSuiteExecutor.java:112)
	at com.kms.katalon.core.main.TestSuiteExecutor.execute(TestSuiteExecutor.java:81)
	at com.kms.katalon.core.main.TestCaseMain.startTestSuite(TestCaseMain.java:142)
	at com.kms.katalon.core.main.TestCaseMain$startTestSuite$0.call(Unknown Source)
	at org.codehaus.groovy.runtime.callsite.CallSiteArray.defaultCall(CallSiteArray.java:48)
	at org.codehaus.groovy.runtime.callsite.AbstractCallSite.call(AbstractCallSite.java:113)
	at org.codehaus.groovy.runtime.callsite.AbstractCallSite.call(AbstractCallSite.java:141)
	at TempTestSuite1543843569128.run(TempTestSuite1543843569128.groovy:36)
	at groovy.lang.GroovyShell.runScriptOrMainOrTestOrRunnable(GroovyShell.java:263)
	at groovy.lang.GroovyShell.run(GroovyShell.java:518)
	at groovy.lang.GroovyShell.run(GroovyShell.java:507)
	at groovy.ui.GroovyMain.processOnce(GroovyMain.java:653)
	at groovy.ui.GroovyMain.run(GroovyMain.java:384)
	at groovy.ui.GroovyMain.process(GroovyMain.java:370)
	at groovy.ui.GroovyMain.processArgs(GroovyMain.java:129)
	at groovy.ui.GroovyMain.main(GroovyMain.java:109)
	at sun.reflect.NativeMethodAccessorImpl.invoke0(Native Method)
	at sun.reflect.NativeMethodAccessorImpl.invoke(NativeMethodAccessorImpl.java:62)
	at sun.reflect.DelegatingMethodAccessorImpl.invoke(DelegatingMethodAccessorImpl.java:43)
	at java.lang.reflect.Method.invoke(Method.java:498)
	at org.codehaus.groovy.tools.GroovyStarter.rootLoader(GroovyStarter.java:109)
	at org.codehaus.groovy.tools.GroovyStarter.main(GroovyStarter.java:131)
)]]></system-out>
      <system-err><![CDATA[2018-12-03 15:26:10 - [TEST_SUITE][ERROR] - superadmin can add jobs: Test Cases/Final/add_jobs FAILED because (of) (Stack trace: groovy.lang.MissingPropertyException: No such property: RandomStringUtils for class: Script1543747815486
	at org.codehaus.groovy.runtime.ScriptBytecodeAdapter.unwrap(ScriptBytecodeAdapter.java:53)
	at org.codehaus.groovy.runtime.callsite.PogoGetPropertySite.getProperty(PogoGetPropertySite.java:52)
	at org.codehaus.groovy.runtime.callsite.AbstractCallSite.callGroovyObjectGetProperty(AbstractCallSite.java:307)
	at Script1543747815486.run(Script1543747815486.groovy:49)
	at com.kms.katalon.core.main.ScriptEngine.run(ScriptEngine.java:183)
	at com.kms.katalon.core.main.ScriptEngine.runScriptAsRawText(ScriptEngine.java:108)
	at com.kms.katalon.core.main.TestCaseExecutor.runScript(TestCaseExecutor.java:294)
	at com.kms.katalon.core.main.TestCaseExecutor.doExecute(TestCaseExecutor.java:285)
	at com.kms.katalon.core.main.TestCaseExecutor.processExecutionPhase(TestCaseExecutor.java:264)
	at com.kms.katalon.core.main.TestCaseExecutor.accessMainPhase(TestCaseExecutor.java:256)
	at com.kms.katalon.core.main.TestCaseExecutor.execute(TestCaseExecutor.java:200)
	at com.kms.katalon.core.main.TestSuiteExecutor.accessTestCaseMainPhase(TestSuiteExecutor.java:129)
	at com.kms.katalon.core.main.TestSuiteExecutor.accessTestSuiteMainPhase(TestSuiteExecutor.java:112)
	at com.kms.katalon.core.main.TestSuiteExecutor.execute(TestSuiteExecutor.java:81)
	at com.kms.katalon.core.main.TestCaseMain.startTestSuite(TestCaseMain.java:142)
	at com.kms.katalon.core.main.TestCaseMain$startTestSuite$0.call(Unknown Source)
	at org.codehaus.groovy.runtime.callsite.CallSiteArray.defaultCall(CallSiteArray.java:48)
	at org.codehaus.groovy.runtime.callsite.AbstractCallSite.call(AbstractCallSite.java:113)
	at org.codehaus.groovy.runtime.callsite.AbstractCallSite.call(AbstractCallSite.java:141)
	at TempTestSuite1543843569128.run(TempTestSuite1543843569128.groovy:36)
	at groovy.lang.GroovyShell.runScriptOrMainOrTestOrRunnable(GroovyShell.java:263)
	at groovy.lang.GroovyShell.run(GroovyShell.java:518)
	at groovy.lang.GroovyShell.run(GroovyShell.java:507)
	at groovy.ui.GroovyMain.processOnce(GroovyMain.java:653)
	at groovy.ui.GroovyMain.run(GroovyMain.java:384)
	at groovy.ui.GroovyMain.process(GroovyMain.java:370)
	at groovy.ui.GroovyMain.processArgs(GroovyMain.java:129)
	at groovy.ui.GroovyMain.main(GroovyMain.java:109)
	at sun.reflect.NativeMethodAccessorImpl.invoke0(Native Method)
	at sun.reflect.NativeMethodAccessorImpl.invoke(NativeMethodAccessorImpl.java:62)
	at sun.reflect.DelegatingMethodAccessorImpl.invoke(DelegatingMethodAccessorImpl.java:43)
	at java.lang.reflect.Method.invoke(Method.java:498)
	at org.codehaus.groovy.tools.GroovyStarter.rootLoader(GroovyStarter.java:109)
	at org.codehaus.groovy.tools.GroovyStarter.main(GroovyStarter.java:131)
)]]></system-err>
   </testsuite>
</testsuites>
