<?xml version="1.0" encoding="UTF-8"?>
<testsuites name="advanced search" time="164" tests="10" failures="2" errors="0">
   <testsuite name="advanced search" tests="10" failures="2" errors="0" time="164" timestamp="2018-12-04 11:45:02" hostname="M.Kamel - 10.1.210.151" id="Test Suites/advanced search">
      <properties>
         <property name="deviceName" value=""/>
         <property name="devicePlatform" value=""/>
         <property name="logFolder" value="C:\\Users\\M.Kamel\\git\\regression2\\Reports\\advanced search\\20181204_114458"/>
         <property name="logFiles" value="C:\\Users\\M.Kamel\\git\\regression2\\Reports\\advanced search\\20181204_114458\\execution0.log"/>
         <property name="attachments" value=""/>
         <property name="hostName" value="M.Kamel - 10.1.210.151"/>
         <property name="os" value="Windows 10 64bit"/>
         <property name="katalonVersion" value="5.7.1.1"/>
         <property name="browser" value="Chrome 70.0.3538.110"/>
         <property name="hostAddress" value="10.1.210.151"/>
         <property name="sessionId" value="c24b4da157834eca58b45cc5307683a1"/>
         <property name="seleniumVersion" value="3.7.1"/>
         <property name="proxyInformation" value="ProxyInformation{proxyOption=NO_PROXY, proxyServerType=HTTP, password=, proxyServerAddress=, proxyServerPort=0}"/>
         <property name="platform" value="Windows 10"/>
      </properties>
      <testcase name="Test Cases/Final/search_with_specialty" classname="Test Cases/Final/search_with_specialty" status="PASSED">
         <system-out><![CDATA[2018-12-04 11:45:03 - [TEST_CASE][PASSED] - Test Cases/Final/search_with_specialty: Test Cases/Final/search_with_specialty

2018-12-04 11:45:03 - [TEST_STEP][PASSED] - openBrowser: Browser is opened with url: ''

2018-12-04 11:45:09 - [MESSAGE][PASSED] - Browser is opened with url: ''

2018-12-04 11:45:10 - [TEST_STEP][PASSED] - maximizeWindow: Current window maximized

2018-12-04 11:45:11 - [MESSAGE][PASSED] - Current window maximized

2018-12-04 11:45:11 - [TEST_STEP][PASSED] - navigateToUrl: Navigate to 'https://www.schooolz.com' successfully

2018-12-04 11:45:23 - [MESSAGE][PASSED] - Navigate to 'https://www.schooolz.com' successfully

2018-12-04 11:45:23 - [TEST_STEP][PASSED] - click: Object: 'Object Repository/advanced search1/home_search_btn' is clicked on

2018-12-04 11:45:25 - [MESSAGE][PASSED] - Object: 'Object Repository/advanced search1/home_search_btn' is clicked on

2018-12-04 11:45:25 - [TEST_STEP][PASSED] - delay: Delayed 3 second(s)

2018-12-04 11:45:28 - [MESSAGE][PASSED] - Delayed 3 second(s)

2018-12-04 11:45:28 - [TEST_STEP][PASSED] - click: Object: 'Object Repository/advanced search1/advanced_search_btn' is clicked on

2018-12-04 11:45:30 - [MESSAGE][PASSED] - Object: 'Object Repository/advanced search1/advanced_search_btn' is clicked on

2018-12-04 11:45:30 - [TEST_STEP][PASSED] - delay: Delayed 3 second(s)

2018-12-04 11:45:33 - [MESSAGE][PASSED] - Delayed 3 second(s)

2018-12-04 11:45:33 - [TEST_STEP][PASSED] - click: Object: 'Object Repository/advanced search1/spciality' is clicked on

2018-12-04 11:45:33 - [MESSAGE][PASSED] - Object: 'Object Repository/advanced search1/spciality' is clicked on

2018-12-04 11:45:33 - [TEST_STEP][PASSED] - delay: Delayed 3 second(s)

2018-12-04 11:45:36 - [MESSAGE][PASSED] - Delayed 3 second(s)

2018-12-04 11:45:36 - [TEST_STEP][PASSED] - check: Object 'Object Repository/advanced search1/governmental_checkbox' is checked

2018-12-04 11:45:36 - [MESSAGE][PASSED] - Object 'Object Repository/advanced search1/governmental_checkbox' is checked

2018-12-04 11:45:36 - [TEST_STEP][PASSED] - verifyElementChecked: Object 'Object Repository/advanced search1/governmental_checkbox' is checked

2018-12-04 11:45:36 - [MESSAGE][WARNING] - Timeout '0' is invalid. Using default page load timeout: '30'

2018-12-04 11:45:36 - [MESSAGE][PASSED] - Object 'Object Repository/advanced search1/governmental_checkbox' is checked

2018-12-04 11:45:36 - [TEST_STEP][PASSED] - delay: Delayed 10 second(s)

2018-12-04 11:45:46 - [MESSAGE][PASSED] - Delayed 10 second(s)

2018-12-04 11:45:46 - [TEST_STEP][NOT_RUN] - verifyTextPresent: NOT_RUN: verifyTextPresent

2018-12-04 11:45:46 - [MESSAGE][NOT_RUN] - NOT_RUN: verifyTextPresent]]></system-out>
         <system-err><![CDATA[]]></system-err>
      </testcase>
      <testcase name="Test Cases/Final/back to advanced search" classname="Test Cases/Final/back to advanced search" status="PASSED">
         <system-out><![CDATA[2018-12-04 11:45:46 - [TEST_CASE][PASSED] - Test Cases/Final/back to advanced search: Test Cases/Final/back to advanced search

2018-12-04 11:45:46 - [TEST_STEP][PASSED] - navigateToUrl: Navigate to 'http://www.schooolz.com/homeSearch?school_name=&category_id=&country_id=&city_id=&action=Home_Result' successfully

2018-12-04 11:45:50 - [MESSAGE][PASSED] - Navigate to 'http://www.schooolz.com/homeSearch?school_name=&category_id=&country_id=&city_id=&action=Home_Result' successfully

2018-12-04 11:45:50 - [TEST_STEP][PASSED] - delay: Delayed 5 second(s)

2018-12-04 11:45:55 - [MESSAGE][PASSED] - Delayed 5 second(s)

2018-12-04 11:45:55 - [TEST_STEP][PASSED] - click: Object: 'Object Repository/advanced search1/advanced_search_btn' is clicked on

2018-12-04 11:45:57 - [MESSAGE][PASSED] - Object: 'Object Repository/advanced search1/advanced_search_btn' is clicked on]]></system-out>
         <system-err><![CDATA[]]></system-err>
      </testcase>
      <testcase name="Test Cases/Final/search with kind of school" classname="Test Cases/Final/search with kind of school" status="PASSED">
         <system-out><![CDATA[2018-12-04 11:45:57 - [TEST_CASE][PASSED] - Test Cases/Final/search with kind of school: Test Cases/Final/search with kind of school

2018-12-04 11:45:57 - [TEST_STEP][NOT_RUN] - openBrowser: NOT_RUN: openBrowser

2018-12-04 11:45:57 - [MESSAGE][NOT_RUN] - NOT_RUN: openBrowser

2018-12-04 11:45:57 - [TEST_STEP][NOT_RUN] - maximizeWindow: NOT_RUN: maximizeWindow

2018-12-04 11:45:57 - [MESSAGE][NOT_RUN] - NOT_RUN: maximizeWindow

2018-12-04 11:45:57 - [TEST_STEP][NOT_RUN] - navigateToUrl: NOT_RUN: navigateToUrl

2018-12-04 11:45:57 - [MESSAGE][NOT_RUN] - NOT_RUN: navigateToUrl

2018-12-04 11:45:57 - [TEST_STEP][NOT_RUN] - click: NOT_RUN: click

2018-12-04 11:45:57 - [MESSAGE][NOT_RUN] - NOT_RUN: click

2018-12-04 11:45:57 - [TEST_STEP][NOT_RUN] - delay: NOT_RUN: delay

2018-12-04 11:45:57 - [MESSAGE][NOT_RUN] - NOT_RUN: delay

2018-12-04 11:45:57 - [TEST_STEP][NOT_RUN] - click: NOT_RUN: click

2018-12-04 11:45:57 - [MESSAGE][NOT_RUN] - NOT_RUN: click

2018-12-04 11:45:57 - [TEST_STEP][PASSED] - delay: Delayed 3 second(s)

2018-12-04 11:46:00 - [MESSAGE][PASSED] - Delayed 3 second(s)

2018-12-04 11:46:00 - [TEST_STEP][PASSED] - click: Object: 'Object Repository/advanced search1/kind of school' is clicked on

2018-12-04 11:46:00 - [MESSAGE][PASSED] - Object: 'Object Repository/advanced search1/kind of school' is clicked on

2018-12-04 11:46:00 - [TEST_STEP][PASSED] - delay: Delayed 3 second(s)

2018-12-04 11:46:03 - [MESSAGE][PASSED] - Delayed 3 second(s)

2018-12-04 11:46:03 - [TEST_STEP][PASSED] - check: Object 'Object Repository/advanced search1/kind_of_school_checkbox' is checked

2018-12-04 11:46:03 - [MESSAGE][PASSED] - Object 'Object Repository/advanced search1/kind_of_school_checkbox' is checked

2018-12-04 11:46:03 - [TEST_STEP][PASSED] - verifyElementChecked: Object 'Object Repository/advanced search1/kind_of_school_checkbox' is checked

2018-12-04 11:46:03 - [MESSAGE][WARNING] - Timeout '0' is invalid. Using default page load timeout: '30'

2018-12-04 11:46:03 - [MESSAGE][PASSED] - Object 'Object Repository/advanced search1/kind_of_school_checkbox' is checked

2018-12-04 11:46:03 - [TEST_STEP][PASSED] - delay: Delayed 10 second(s)

2018-12-04 11:46:13 - [MESSAGE][PASSED] - Delayed 10 second(s)

2018-12-04 11:46:13 - [TEST_STEP][NOT_RUN] - delay: NOT_RUN: delay

2018-12-04 11:46:13 - [MESSAGE][NOT_RUN] - NOT_RUN: delay]]></system-out>
         <system-err><![CDATA[]]></system-err>
      </testcase>
      <testcase name="Test Cases/Final/back to advanced search1" classname="Test Cases/Final/back to advanced search1" status="PASSED">
         <system-out><![CDATA[2018-12-04 11:46:13 - [TEST_CASE][PASSED] - Test Cases/Final/back to advanced search1: Test Cases/Final/back to advanced search1

2018-12-04 11:46:13 - [TEST_STEP][PASSED] - navigateToUrl: Navigate to 'http://www.schooolz.com/homeSearch?school_name=&category_id=&country_id=&city_id=&action=Home_Result' successfully

2018-12-04 11:46:15 - [MESSAGE][PASSED] - Navigate to 'http://www.schooolz.com/homeSearch?school_name=&category_id=&country_id=&city_id=&action=Home_Result' successfully

2018-12-04 11:46:15 - [TEST_STEP][PASSED] - delay: Delayed 5 second(s)

2018-12-04 11:46:20 - [MESSAGE][PASSED] - Delayed 5 second(s)

2018-12-04 11:46:20 - [TEST_STEP][PASSED] - click: Object: 'Object Repository/advanced search1/advanced_search_btn' is clicked on

2018-12-04 11:46:21 - [MESSAGE][PASSED] - Object: 'Object Repository/advanced search1/advanced_search_btn' is clicked on]]></system-out>
         <system-err><![CDATA[]]></system-err>
      </testcase>
      <testcase name="Test Cases/Final/search with country" classname="Test Cases/Final/search with country" status="PASSED">
         <system-out><![CDATA[2018-12-04 11:46:21 - [TEST_CASE][PASSED] - Test Cases/Final/search with country: Test Cases/Final/search with country

2018-12-04 11:46:22 - [TEST_STEP][NOT_RUN] - openBrowser: NOT_RUN: openBrowser

2018-12-04 11:46:22 - [MESSAGE][NOT_RUN] - NOT_RUN: openBrowser

2018-12-04 11:46:22 - [TEST_STEP][NOT_RUN] - maximizeWindow: NOT_RUN: maximizeWindow

2018-12-04 11:46:22 - [MESSAGE][NOT_RUN] - NOT_RUN: maximizeWindow

2018-12-04 11:46:22 - [TEST_STEP][NOT_RUN] - navigateToUrl: NOT_RUN: navigateToUrl

2018-12-04 11:46:22 - [MESSAGE][NOT_RUN] - NOT_RUN: navigateToUrl

2018-12-04 11:46:22 - [TEST_STEP][NOT_RUN] - click: NOT_RUN: click

2018-12-04 11:46:22 - [MESSAGE][NOT_RUN] - NOT_RUN: click

2018-12-04 11:46:22 - [TEST_STEP][NOT_RUN] - delay: NOT_RUN: delay

2018-12-04 11:46:22 - [MESSAGE][NOT_RUN] - NOT_RUN: delay

2018-12-04 11:46:22 - [TEST_STEP][NOT_RUN] - click: NOT_RUN: click

2018-12-04 11:46:22 - [MESSAGE][NOT_RUN] - NOT_RUN: click

2018-12-04 11:46:22 - [TEST_STEP][PASSED] - delay: Delayed 3 second(s)

2018-12-04 11:46:25 - [MESSAGE][PASSED] - Delayed 3 second(s)

2018-12-04 11:46:25 - [TEST_STEP][PASSED] - click: Object: 'Object Repository/advanced search1/country' is clicked on

2018-12-04 11:46:25 - [MESSAGE][PASSED] - Object: 'Object Repository/advanced search1/country' is clicked on

2018-12-04 11:46:25 - [TEST_STEP][PASSED] - delay: Delayed 3 second(s)

2018-12-04 11:46:28 - [MESSAGE][PASSED] - Delayed 3 second(s)

2018-12-04 11:46:28 - [TEST_STEP][PASSED] - check: Object 'Object Repository/advanced search1/country_checkbox' is checked

2018-12-04 11:46:28 - [MESSAGE][PASSED] - Object 'Object Repository/advanced search1/country_checkbox' is checked

2018-12-04 11:46:28 - [TEST_STEP][PASSED] - verifyElementChecked: Object 'Object Repository/advanced search1/country_checkbox' is checked

2018-12-04 11:46:28 - [MESSAGE][WARNING] - Timeout '0' is invalid. Using default page load timeout: '30'

2018-12-04 11:46:28 - [MESSAGE][PASSED] - Object 'Object Repository/advanced search1/country_checkbox' is checked

2018-12-04 11:46:28 - [TEST_STEP][PASSED] - delay: Delayed 1 second(s)

2018-12-04 11:46:29 - [MESSAGE][PASSED] - Delayed 1 second(s)]]></system-out>
         <system-err><![CDATA[]]></system-err>
      </testcase>
      <testcase name="Test Cases/Final/search with city" classname="Test Cases/Final/search with city" status="PASSED">
         <system-out><![CDATA[2018-12-04 11:46:29 - [TEST_CASE][PASSED] - Test Cases/Final/search with city: Test Cases/Final/search with city

2018-12-04 11:46:29 - [TEST_STEP][NOT_RUN] - openBrowser: NOT_RUN: openBrowser

2018-12-04 11:46:29 - [MESSAGE][NOT_RUN] - NOT_RUN: openBrowser

2018-12-04 11:46:29 - [TEST_STEP][NOT_RUN] - maximizeWindow: NOT_RUN: maximizeWindow

2018-12-04 11:46:29 - [MESSAGE][NOT_RUN] - NOT_RUN: maximizeWindow

2018-12-04 11:46:29 - [TEST_STEP][NOT_RUN] - navigateToUrl: NOT_RUN: navigateToUrl

2018-12-04 11:46:29 - [MESSAGE][NOT_RUN] - NOT_RUN: navigateToUrl

2018-12-04 11:46:29 - [TEST_STEP][NOT_RUN] - click: NOT_RUN: click

2018-12-04 11:46:29 - [MESSAGE][NOT_RUN] - NOT_RUN: click

2018-12-04 11:46:29 - [TEST_STEP][NOT_RUN] - delay: NOT_RUN: delay

2018-12-04 11:46:29 - [MESSAGE][NOT_RUN] - NOT_RUN: delay

2018-12-04 11:46:29 - [TEST_STEP][NOT_RUN] - click: NOT_RUN: click

2018-12-04 11:46:29 - [MESSAGE][NOT_RUN] - NOT_RUN: click

2018-12-04 11:46:29 - [TEST_STEP][NOT_RUN] - delay: NOT_RUN: delay

2018-12-04 11:46:29 - [MESSAGE][NOT_RUN] - NOT_RUN: delay

2018-12-04 11:46:29 - [TEST_STEP][NOT_RUN] - click: NOT_RUN: click

2018-12-04 11:46:29 - [MESSAGE][NOT_RUN] - NOT_RUN: click

2018-12-04 11:46:29 - [TEST_STEP][NOT_RUN] - delay: NOT_RUN: delay

2018-12-04 11:46:29 - [MESSAGE][NOT_RUN] - NOT_RUN: delay

2018-12-04 11:46:29 - [TEST_STEP][NOT_RUN] - check: NOT_RUN: check

2018-12-04 11:46:29 - [MESSAGE][NOT_RUN] - NOT_RUN: check

2018-12-04 11:46:29 - [TEST_STEP][NOT_RUN] - verifyElementChecked: NOT_RUN: verifyElementChecked

2018-12-04 11:46:29 - [MESSAGE][NOT_RUN] - NOT_RUN: verifyElementChecked

2018-12-04 11:46:29 - [TEST_STEP][PASSED] - delay: Delayed 3 second(s)

2018-12-04 11:46:32 - [MESSAGE][PASSED] - Delayed 3 second(s)

2018-12-04 11:46:32 - [TEST_STEP][PASSED] - click: Object: 'Object Repository/advanced search1/city' is clicked on

2018-12-04 11:46:32 - [MESSAGE][PASSED] - Object: 'Object Repository/advanced search1/city' is clicked on

2018-12-04 11:46:32 - [TEST_STEP][PASSED] - delay: Delayed 3 second(s)

2018-12-04 11:46:35 - [MESSAGE][PASSED] - Delayed 3 second(s)

2018-12-04 11:46:35 - [TEST_STEP][PASSED] - check: Object 'Object Repository/advanced search1/city_checkbox' is checked

2018-12-04 11:46:35 - [MESSAGE][PASSED] - Object 'Object Repository/advanced search1/city_checkbox' is checked

2018-12-04 11:46:35 - [TEST_STEP][PASSED] - verifyElementChecked: Object 'Object Repository/advanced search1/city_checkbox' is checked

2018-12-04 11:46:35 - [MESSAGE][WARNING] - Timeout '0' is invalid. Using default page load timeout: '30'

2018-12-04 11:46:35 - [MESSAGE][PASSED] - Object 'Object Repository/advanced search1/city_checkbox' is checked

2018-12-04 11:46:35 - [TEST_STEP][PASSED] - delay: Delayed 10 second(s)

2018-12-04 11:46:45 - [MESSAGE][PASSED] - Delayed 10 second(s)]]></system-out>
         <system-err><![CDATA[]]></system-err>
      </testcase>
      <testcase name="Test Cases/Final/back to advanced search2" classname="Test Cases/Final/back to advanced search2" status="PASSED">
         <system-out><![CDATA[2018-12-04 11:46:45 - [TEST_CASE][PASSED] - Test Cases/Final/back to advanced search2: Test Cases/Final/back to advanced search2

2018-12-04 11:46:45 - [TEST_STEP][PASSED] - navigateToUrl: Navigate to 'http://www.schooolz.com/homeSearch?school_name=&category_id=&country_id=&city_id=&action=Home_Result' successfully

2018-12-04 11:46:46 - [MESSAGE][PASSED] - Navigate to 'http://www.schooolz.com/homeSearch?school_name=&category_id=&country_id=&city_id=&action=Home_Result' successfully

2018-12-04 11:46:46 - [TEST_STEP][PASSED] - delay: Delayed 5 second(s)

2018-12-04 11:46:51 - [MESSAGE][PASSED] - Delayed 5 second(s)

2018-12-04 11:46:51 - [TEST_STEP][PASSED] - click: Object: 'Object Repository/advanced search1/advanced_search_btn' is clicked on

2018-12-04 11:46:53 - [MESSAGE][PASSED] - Object: 'Object Repository/advanced search1/advanced_search_btn' is clicked on]]></system-out>
         <system-err><![CDATA[]]></system-err>
      </testcase>
      <testcase name="Test Cases/Final/search with educational level" classname="Test Cases/Final/search with educational level" status="PASSED">
         <system-out><![CDATA[2018-12-04 11:46:53 - [TEST_CASE][PASSED] - Test Cases/Final/search with educational level: Test Cases/Final/search with educational level

2018-12-04 11:46:53 - [TEST_STEP][NOT_RUN] - openBrowser: NOT_RUN: openBrowser

2018-12-04 11:46:53 - [MESSAGE][NOT_RUN] - NOT_RUN: openBrowser

2018-12-04 11:46:53 - [TEST_STEP][NOT_RUN] - maximizeWindow: NOT_RUN: maximizeWindow

2018-12-04 11:46:53 - [MESSAGE][NOT_RUN] - NOT_RUN: maximizeWindow

2018-12-04 11:46:53 - [TEST_STEP][NOT_RUN] - navigateToUrl: NOT_RUN: navigateToUrl

2018-12-04 11:46:53 - [MESSAGE][NOT_RUN] - NOT_RUN: navigateToUrl

2018-12-04 11:46:53 - [TEST_STEP][NOT_RUN] - click: NOT_RUN: click

2018-12-04 11:46:53 - [MESSAGE][NOT_RUN] - NOT_RUN: click

2018-12-04 11:46:53 - [TEST_STEP][NOT_RUN] - delay: NOT_RUN: delay

2018-12-04 11:46:53 - [MESSAGE][NOT_RUN] - NOT_RUN: delay

2018-12-04 11:46:53 - [TEST_STEP][NOT_RUN] - click: NOT_RUN: click

2018-12-04 11:46:53 - [MESSAGE][NOT_RUN] - NOT_RUN: click

2018-12-04 11:46:53 - [TEST_STEP][PASSED] - delay: Delayed 3 second(s)

2018-12-04 11:46:56 - [MESSAGE][PASSED] - Delayed 3 second(s)

2018-12-04 11:46:56 - [TEST_STEP][PASSED] - click: Object: 'Object Repository/advanced search1/educaional level' is clicked on

2018-12-04 11:46:56 - [MESSAGE][PASSED] - Object: 'Object Repository/advanced search1/educaional level' is clicked on

2018-12-04 11:46:56 - [TEST_STEP][PASSED] - delay: Delayed 3 second(s)

2018-12-04 11:46:59 - [MESSAGE][PASSED] - Delayed 3 second(s)

2018-12-04 11:46:59 - [TEST_STEP][PASSED] - check: Object 'Object Repository/advanced search1/educational level_checkbox' is checked

2018-12-04 11:46:59 - [MESSAGE][PASSED] - Object 'Object Repository/advanced search1/educational level_checkbox' is checked

2018-12-04 11:46:59 - [TEST_STEP][PASSED] - verifyElementChecked: Object 'Object Repository/advanced search1/educational level_checkbox' is checked

2018-12-04 11:46:59 - [MESSAGE][WARNING] - Timeout '0' is invalid. Using default page load timeout: '30'

2018-12-04 11:46:59 - [MESSAGE][PASSED] - Object 'Object Repository/advanced search1/educational level_checkbox' is checked

2018-12-04 11:46:59 - [TEST_STEP][PASSED] - delay: Delayed 5 second(s)

2018-12-04 11:47:04 - [MESSAGE][PASSED] - Delayed 5 second(s)]]></system-out>
         <system-err><![CDATA[]]></system-err>
      </testcase>
      <testcase name="Test Cases/Final/back to advanced search4" classname="Test Cases/Final/back to advanced search4" status="PASSED">
         <system-out><![CDATA[2018-12-04 11:47:04 - [TEST_CASE][PASSED] - Test Cases/Final/back to advanced search4: Test Cases/Final/back to advanced search4

2018-12-04 11:47:05 - [TEST_STEP][PASSED] - navigateToUrl: Navigate to 'http://www.schooolz.com/homeSearch?school_name=&category_id=&country_id=&city_id=&action=Home_Result' successfully

2018-12-04 11:47:05 - [MESSAGE][PASSED] - Navigate to 'http://www.schooolz.com/homeSearch?school_name=&category_id=&country_id=&city_id=&action=Home_Result' successfully

2018-12-04 11:47:05 - [TEST_STEP][PASSED] - delay: Delayed 5 second(s)

2018-12-04 11:47:10 - [MESSAGE][PASSED] - Delayed 5 second(s)

2018-12-04 11:47:10 - [TEST_STEP][PASSED] - click: Object: 'Object Repository/advanced search1/advanced_search_btn' is clicked on

2018-12-04 11:47:12 - [MESSAGE][PASSED] - Object: 'Object Repository/advanced search1/advanced_search_btn' is clicked on]]></system-out>
         <system-err><![CDATA[]]></system-err>
      </testcase>
      <testcase name="Test Cases/Final/search with gender" classname="Test Cases/Final/search with gender" status="PASSED">
         <system-out><![CDATA[2018-12-04 11:47:12 - [TEST_CASE][PASSED] - Test Cases/Final/search with gender: Test Cases/Final/search with gender

2018-12-04 11:47:12 - [TEST_STEP][NOT_RUN] - openBrowser: NOT_RUN: openBrowser

2018-12-04 11:47:12 - [MESSAGE][NOT_RUN] - NOT_RUN: openBrowser

2018-12-04 11:47:12 - [TEST_STEP][NOT_RUN] - maximizeWindow: NOT_RUN: maximizeWindow

2018-12-04 11:47:12 - [MESSAGE][NOT_RUN] - NOT_RUN: maximizeWindow

2018-12-04 11:47:12 - [TEST_STEP][NOT_RUN] - navigateToUrl: NOT_RUN: navigateToUrl

2018-12-04 11:47:12 - [MESSAGE][NOT_RUN] - NOT_RUN: navigateToUrl

2018-12-04 11:47:12 - [TEST_STEP][NOT_RUN] - click: NOT_RUN: click

2018-12-04 11:47:12 - [MESSAGE][NOT_RUN] - NOT_RUN: click

2018-12-04 11:47:12 - [TEST_STEP][NOT_RUN] - delay: NOT_RUN: delay

2018-12-04 11:47:12 - [MESSAGE][NOT_RUN] - NOT_RUN: delay

2018-12-04 11:47:12 - [TEST_STEP][NOT_RUN] - click: NOT_RUN: click

2018-12-04 11:47:12 - [MESSAGE][NOT_RUN] - NOT_RUN: click

2018-12-04 11:47:12 - [TEST_STEP][PASSED] - delay: Delayed 3 second(s)

2018-12-04 11:47:15 - [MESSAGE][PASSED] - Delayed 3 second(s)

2018-12-04 11:47:15 - [TEST_STEP][PASSED] - click: Object: 'Object Repository/advanced search1/gender' is clicked on

2018-12-04 11:47:16 - [MESSAGE][PASSED] - Object: 'Object Repository/advanced search1/gender' is clicked on

2018-12-04 11:47:16 - [TEST_STEP][PASSED] - delay: Delayed 3 second(s)

2018-12-04 11:47:19 - [MESSAGE][PASSED] - Delayed 3 second(s)

2018-12-04 11:47:19 - [TEST_STEP][PASSED] - check: Object 'Object Repository/advanced search1/gender1_checkbox' is checked

2018-12-04 11:47:19 - [MESSAGE][PASSED] - Object 'Object Repository/advanced search1/gender1_checkbox' is checked

2018-12-04 11:47:19 - [TEST_STEP][PASSED] - verifyElementChecked: Object 'Object Repository/advanced search1/gender1_checkbox' is checked

2018-12-04 11:47:19 - [MESSAGE][WARNING] - Timeout '0' is invalid. Using default page load timeout: '30'

2018-12-04 11:47:19 - [MESSAGE][PASSED] - Object 'Object Repository/advanced search1/gender1_checkbox' is checked

2018-12-04 11:47:19 - [TEST_STEP][PASSED] - delay: Delayed 10 second(s)

2018-12-04 11:47:29 - [MESSAGE][PASSED] - Delayed 10 second(s)]]></system-out>
         <system-err><![CDATA[]]></system-err>
      </testcase>
      <testcase name="Test Cases/Final/back to advanced search3" classname="Test Cases/Final/back to advanced search3" status="FAILED">
         <failure type="FAILED" message="(Stack trace: com.kms.katalon.core.exception.StepFailedException: Unable to navigate to 'http://www.schooolz.com/homeSearch?school_name=&amp;category_id=&amp;country_id=&amp;city_id=&amp;action=Home_Result' (Root cause: org.openqa.selenium.WebDriverException: unknown error: cannot determine loading status
from unknown error: cannot determine loading status
from disconnected: received Inspector.detached event
  (Session info: chrome=70.0.3538.110)
  (Driver info: chromedriver=2.35.528161 (5b82f2d2aae0ca24b877009200ced9065a772e73),platform=Windows NT 10.0.17134 x86_64) (WARNING: The server did not provide any stacktrace information)
Command duration or timeout: 0 milliseconds
Build info: version: '3.7.1', revision: '8a0099a', time: '2017-11-06T21:07:36.161Z'
System info: host: 'MKAMEL', ip: '10.1.210.151', os.name: 'Windows 10', os.arch: 'amd64', os.version: '10.0', java.version: '1.8.0_181'
Driver info: com.kms.katalon.selenium.driver.CChromeDriver
Capabilities {acceptInsecureCerts: false, acceptSslCerts: false, applicationCacheEnabled: false, browserConnectionEnabled: false, browserName: chrome, chrome: {chromedriverVersion: 2.35.528161 (5b82f2d2aae0ca..., userDataDir: C:\Users\MA006~1.KAM\AppDat...}, cssSelectorsEnabled: true, databaseEnabled: false, handlesAlerts: true, hasTouchScreen: false, javascriptEnabled: true, locationContextEnabled: true, mobileEmulationEnabled: false, nativeEvents: true, networkConnectionEnabled: false, pageLoadStrategy: normal, platform: XP, platformName: XP, rotatable: false, setWindowRect: true, takesHeapSnapshot: true, takesScreenshot: true, unexpectedAlertBehaviour: , unhandledPromptBehavior: , version: 70.0.3538.110, webStorageEnabled: true}
Session ID: c24b4da157834eca58b45cc5307683a1)
	at com.kms.katalon.core.keyword.internal.KeywordMain.stepFailed(KeywordMain.groovy:36)
	at com.kms.katalon.core.webui.keyword.internal.WebUIKeywordMain.stepFailed(WebUIKeywordMain.groovy:65)
	at com.kms.katalon.core.webui.keyword.internal.WebUIKeywordMain.runKeyword(WebUIKeywordMain.groovy:27)
	at com.kms.katalon.core.webui.keyword.builtin.NavigateToUrlKeyword.navigateToUrl(NavigateToUrlKeyword.groovy:83)
	at com.kms.katalon.core.webui.keyword.builtin.NavigateToUrlKeyword.execute(NavigateToUrlKeyword.groovy:67)
	at com.kms.katalon.core.keyword.internal.KeywordExecutor.executeKeywordForPlatform(KeywordExecutor.groovy:53)
	at com.kms.katalon.core.webui.keyword.WebUiBuiltInKeywords.navigateToUrl(WebUiBuiltInKeywords.groovy:183)
	at com.kms.katalon.core.webui.keyword.WebUiBuiltInKeywords$navigateToUrl$1.call(Unknown Source)
	at org.codehaus.groovy.runtime.callsite.CallSiteArray.defaultCall(CallSiteArray.java:48)
	at org.codehaus.groovy.runtime.callsite.AbstractCallSite.call(AbstractCallSite.java:113)
	at org.codehaus.groovy.runtime.callsite.AbstractCallSite.call(AbstractCallSite.java:125)
	at Script1543840550227.run(Script1543840550227.groovy:16)
	at com.kms.katalon.core.main.ScriptEngine.run(ScriptEngine.java:183)
	at com.kms.katalon.core.main.ScriptEngine.runScriptAsRawText(ScriptEngine.java:108)
	at com.kms.katalon.core.main.TestCaseExecutor.runScript(TestCaseExecutor.java:294)
	at com.kms.katalon.core.main.TestCaseExecutor.doExecute(TestCaseExecutor.java:285)
	at com.kms.katalon.core.main.TestCaseExecutor.processExecutionPhase(TestCaseExecutor.java:264)
	at com.kms.katalon.core.main.TestCaseExecutor.accessMainPhase(TestCaseExecutor.java:256)
	at com.kms.katalon.core.main.TestCaseExecutor.execute(TestCaseExecutor.java:200)
	at com.kms.katalon.core.main.TestSuiteExecutor.accessTestCaseMainPhase(TestSuiteExecutor.java:129)
	at com.kms.katalon.core.main.TestSuiteExecutor.accessTestSuiteMainPhase(TestSuiteExecutor.java:112)
	at com.kms.katalon.core.main.TestSuiteExecutor.execute(TestSuiteExecutor.java:81)
	at com.kms.katalon.core.main.TestCaseMain.startTestSuite(TestCaseMain.java:142)
	at com.kms.katalon.core.main.TestCaseMain$startTestSuite$0.call(Unknown Source)
	at org.codehaus.groovy.runtime.callsite.CallSiteArray.defaultCall(CallSiteArray.java:48)
	at org.codehaus.groovy.runtime.callsite.AbstractCallSite.call(AbstractCallSite.java:113)
	at org.codehaus.groovy.runtime.callsite.AbstractCallSite.call(AbstractCallSite.java:141)
	at TempTestSuite1543916698545.run(TempTestSuite1543916698545.groovy:36)
	at groovy.lang.GroovyShell.runScriptOrMainOrTestOrRunnable(GroovyShell.java:263)
	at groovy.lang.GroovyShell.run(GroovyShell.java:518)
	at groovy.lang.GroovyShell.run(GroovyShell.java:507)
	at groovy.ui.GroovyMain.processOnce(GroovyMain.java:653)
	at groovy.ui.GroovyMain.run(GroovyMain.java:384)
	at groovy.ui.GroovyMain.process(GroovyMain.java:370)
	at groovy.ui.GroovyMain.processArgs(GroovyMain.java:129)
	at groovy.ui.GroovyMain.main(GroovyMain.java:109)
	at sun.reflect.NativeMethodAccessorImpl.invoke0(Native Method)
	at sun.reflect.NativeMethodAccessorImpl.invoke(NativeMethodAccessorImpl.java:62)
	at sun.reflect.DelegatingMethodAccessorImpl.invoke(DelegatingMethodAccessorImpl.java:43)
	at java.lang.reflect.Method.invoke(Method.java:498)
	at org.codehaus.groovy.tools.GroovyStarter.rootLoader(GroovyStarter.java:109)
	at org.codehaus.groovy.tools.GroovyStarter.main(GroovyStarter.java:131)
)"/>
         <system-out><![CDATA[2018-12-04 11:47:29 - [TEST_CASE][FAILED] - Test Cases/Final/back to advanced search3: Test Cases/Final/back to advanced search3 FAILED because (of) (Stack trace: com.kms.katalon.core.exception.StepFailedException: Unable to navigate to 'http://www.schooolz.com/homeSearch?school_name=&category_id=&country_id=&city_id=&action=Home_Result' (Root cause: org.openqa.selenium.WebDriverException: unknown error: cannot determine loading status
from unknown error: cannot determine loading status
from disconnected: received Inspector.detached event
  (Session info: chrome=70.0.3538.110)
  (Driver info: chromedriver=2.35.528161 (5b82f2d2aae0ca24b877009200ced9065a772e73),platform=Windows NT 10.0.17134 x86_64) (WARNING: The server did not provide any stacktrace information)
Command duration or timeout: 0 milliseconds
Build info: version: '3.7.1', revision: '8a0099a', time: '2017-11-06T21:07:36.161Z'
System info: host: 'MKAMEL', ip: '10.1.210.151', os.name: 'Windows 10', os.arch: 'amd64', os.version: '10.0', java.version: '1.8.0_181'
Driver info: com.kms.katalon.selenium.driver.CChromeDriver
Capabilities {acceptInsecureCerts: false, acceptSslCerts: false, applicationCacheEnabled: false, browserConnectionEnabled: false, browserName: chrome, chrome: {chromedriverVersion: 2.35.528161 (5b82f2d2aae0ca..., userDataDir: C:\Users\MA006~1.KAM\AppDat...}, cssSelectorsEnabled: true, databaseEnabled: false, handlesAlerts: true, hasTouchScreen: false, javascriptEnabled: true, locationContextEnabled: true, mobileEmulationEnabled: false, nativeEvents: true, networkConnectionEnabled: false, pageLoadStrategy: normal, platform: XP, platformName: XP, rotatable: false, setWindowRect: true, takesHeapSnapshot: true, takesScreenshot: true, unexpectedAlertBehaviour: , unhandledPromptBehavior: , version: 70.0.3538.110, webStorageEnabled: true}
Session ID: c24b4da157834eca58b45cc5307683a1)
	at com.kms.katalon.core.keyword.internal.KeywordMain.stepFailed(KeywordMain.groovy:36)
	at com.kms.katalon.core.webui.keyword.internal.WebUIKeywordMain.stepFailed(WebUIKeywordMain.groovy:65)
	at com.kms.katalon.core.webui.keyword.internal.WebUIKeywordMain.runKeyword(WebUIKeywordMain.groovy:27)
	at com.kms.katalon.core.webui.keyword.builtin.NavigateToUrlKeyword.navigateToUrl(NavigateToUrlKeyword.groovy:83)
	at com.kms.katalon.core.webui.keyword.builtin.NavigateToUrlKeyword.execute(NavigateToUrlKeyword.groovy:67)
	at com.kms.katalon.core.keyword.internal.KeywordExecutor.executeKeywordForPlatform(KeywordExecutor.groovy:53)
	at com.kms.katalon.core.webui.keyword.WebUiBuiltInKeywords.navigateToUrl(WebUiBuiltInKeywords.groovy:183)
	at com.kms.katalon.core.webui.keyword.WebUiBuiltInKeywords$navigateToUrl$1.call(Unknown Source)
	at org.codehaus.groovy.runtime.callsite.CallSiteArray.defaultCall(CallSiteArray.java:48)
	at org.codehaus.groovy.runtime.callsite.AbstractCallSite.call(AbstractCallSite.java:113)
	at org.codehaus.groovy.runtime.callsite.AbstractCallSite.call(AbstractCallSite.java:125)
	at Script1543840550227.run(Script1543840550227.groovy:16)
	at com.kms.katalon.core.main.ScriptEngine.run(ScriptEngine.java:183)
	at com.kms.katalon.core.main.ScriptEngine.runScriptAsRawText(ScriptEngine.java:108)
	at com.kms.katalon.core.main.TestCaseExecutor.runScript(TestCaseExecutor.java:294)
	at com.kms.katalon.core.main.TestCaseExecutor.doExecute(TestCaseExecutor.java:285)
	at com.kms.katalon.core.main.TestCaseExecutor.processExecutionPhase(TestCaseExecutor.java:264)
	at com.kms.katalon.core.main.TestCaseExecutor.accessMainPhase(TestCaseExecutor.java:256)
	at com.kms.katalon.core.main.TestCaseExecutor.execute(TestCaseExecutor.java:200)
	at com.kms.katalon.core.main.TestSuiteExecutor.accessTestCaseMainPhase(TestSuiteExecutor.java:129)
	at com.kms.katalon.core.main.TestSuiteExecutor.accessTestSuiteMainPhase(TestSuiteExecutor.java:112)
	at com.kms.katalon.core.main.TestSuiteExecutor.execute(TestSuiteExecutor.java:81)
	at com.kms.katalon.core.main.TestCaseMain.startTestSuite(TestCaseMain.java:142)
	at com.kms.katalon.core.main.TestCaseMain$startTestSuite$0.call(Unknown Source)
	at org.codehaus.groovy.runtime.callsite.CallSiteArray.defaultCall(CallSiteArray.java:48)
	at org.codehaus.groovy.runtime.callsite.AbstractCallSite.call(AbstractCallSite.java:113)
	at org.codehaus.groovy.runtime.callsite.AbstractCallSite.call(AbstractCallSite.java:141)
	at TempTestSuite1543916698545.run(TempTestSuite1543916698545.groovy:36)
	at groovy.lang.GroovyShell.runScriptOrMainOrTestOrRunnable(GroovyShell.java:263)
	at groovy.lang.GroovyShell.run(GroovyShell.java:518)
	at groovy.lang.GroovyShell.run(GroovyShell.java:507)
	at groovy.ui.GroovyMain.processOnce(GroovyMain.java:653)
	at groovy.ui.GroovyMain.run(GroovyMain.java:384)
	at groovy.ui.GroovyMain.process(GroovyMain.java:370)
	at groovy.ui.GroovyMain.processArgs(GroovyMain.java:129)
	at groovy.ui.GroovyMain.main(GroovyMain.java:109)
	at sun.reflect.NativeMethodAccessorImpl.invoke0(Native Method)
	at sun.reflect.NativeMethodAccessorImpl.invoke(NativeMethodAccessorImpl.java:62)
	at sun.reflect.DelegatingMethodAccessorImpl.invoke(DelegatingMethodAccessorImpl.java:43)
	at java.lang.reflect.Method.invoke(Method.java:498)
	at org.codehaus.groovy.tools.GroovyStarter.rootLoader(GroovyStarter.java:109)
	at org.codehaus.groovy.tools.GroovyStarter.main(GroovyStarter.java:131)
)

2018-12-04 11:47:29 - [TEST_STEP][FAILED] - navigateToUrl: Unable to navigate to 'http://www.schooolz.com/homeSearch?school_name=&category_id=&country_id=&city_id=&action=Home_Result' (Root cause: org.openqa.selenium.WebDriverException: unknown error: cannot determine loading status
from unknown error: cannot determine loading status
from disconnected: received Inspector.detached event
  (Session info: chrome=70.0.3538.110)
  (Driver info: chromedriver=2.35.528161 (5b82f2d2aae0ca24b877009200ced9065a772e73),platform=Windows NT 10.0.17134 x86_64) (WARNING: The server did not provide any stacktrace information)
Command duration or timeout: 0 milliseconds
Build info: version: '3.7.1', revision: '8a0099a', time: '2017-11-06T21:07:36.161Z'
System info: host: 'MKAMEL', ip: '10.1.210.151', os.name: 'Windows 10', os.arch: 'amd64', os.version: '10.0', java.version: '1.8.0_181'
Driver info: com.kms.katalon.selenium.driver.CChromeDriver
Capabilities {acceptInsecureCerts: false, acceptSslCerts: false, applicationCacheEnabled: false, browserConnectionEnabled: false, browserName: chrome, chrome: {chromedriverVersion: 2.35.528161 (5b82f2d2aae0ca..., userDataDir: C:\Users\MA006~1.KAM\AppDat...}, cssSelectorsEnabled: true, databaseEnabled: false, handlesAlerts: true, hasTouchScreen: false, javascriptEnabled: true, locationContextEnabled: true, mobileEmulationEnabled: false, nativeEvents: true, networkConnectionEnabled: false, pageLoadStrategy: normal, platform: XP, platformName: XP, rotatable: false, setWindowRect: true, takesHeapSnapshot: true, takesScreenshot: true, unexpectedAlertBehaviour: , unhandledPromptBehavior: , version: 70.0.3538.110, webStorageEnabled: true}
Session ID: c24b4da157834eca58b45cc5307683a1)

2018-12-04 11:47:34 - [MESSAGE][WARNING] - Cannot take screenshot

2018-12-04 11:47:34 - [MESSAGE][FAILED] - Unable to navigate to 'http://www.schooolz.com/homeSearch?school_name=&category_id=&country_id=&city_id=&action=Home_Result' (Root cause: org.openqa.selenium.WebDriverException: unknown error: cannot determine loading status
from unknown error: cannot determine loading status
from disconnected: received Inspector.detached event
  (Session info: chrome=70.0.3538.110)
  (Driver info: chromedriver=2.35.528161 (5b82f2d2aae0ca24b877009200ced9065a772e73),platform=Windows NT 10.0.17134 x86_64) (WARNING: The server did not provide any stacktrace information)
Command duration or timeout: 0 milliseconds
Build info: version: '3.7.1', revision: '8a0099a', time: '2017-11-06T21:07:36.161Z'
System info: host: 'MKAMEL', ip: '10.1.210.151', os.name: 'Windows 10', os.arch: 'amd64', os.version: '10.0', java.version: '1.8.0_181'
Driver info: com.kms.katalon.selenium.driver.CChromeDriver
Capabilities {acceptInsecureCerts: false, acceptSslCerts: false, applicationCacheEnabled: false, browserConnectionEnabled: false, browserName: chrome, chrome: {chromedriverVersion: 2.35.528161 (5b82f2d2aae0ca..., userDataDir: C:\Users\MA006~1.KAM\AppDat...}, cssSelectorsEnabled: true, databaseEnabled: false, handlesAlerts: true, hasTouchScreen: false, javascriptEnabled: true, locationContextEnabled: true, mobileEmulationEnabled: false, nativeEvents: true, networkConnectionEnabled: false, pageLoadStrategy: normal, platform: XP, platformName: XP, rotatable: false, setWindowRect: true, takesHeapSnapshot: true, takesScreenshot: true, unexpectedAlertBehaviour: , unhandledPromptBehavior: , version: 70.0.3538.110, webStorageEnabled: true}
Session ID: c24b4da157834eca58b45cc5307683a1)]]></system-out>
         <system-err><![CDATA[2018-12-04 11:47:29 - [TEST_CASE][FAILED] - Test Cases/Final/back to advanced search3: Test Cases/Final/back to advanced search3 FAILED because (of) (Stack trace: com.kms.katalon.core.exception.StepFailedException: Unable to navigate to 'http://www.schooolz.com/homeSearch?school_name=&category_id=&country_id=&city_id=&action=Home_Result' (Root cause: org.openqa.selenium.WebDriverException: unknown error: cannot determine loading status
from unknown error: cannot determine loading status
from disconnected: received Inspector.detached event
  (Session info: chrome=70.0.3538.110)
  (Driver info: chromedriver=2.35.528161 (5b82f2d2aae0ca24b877009200ced9065a772e73),platform=Windows NT 10.0.17134 x86_64) (WARNING: The server did not provide any stacktrace information)
Command duration or timeout: 0 milliseconds
Build info: version: '3.7.1', revision: '8a0099a', time: '2017-11-06T21:07:36.161Z'
System info: host: 'MKAMEL', ip: '10.1.210.151', os.name: 'Windows 10', os.arch: 'amd64', os.version: '10.0', java.version: '1.8.0_181'
Driver info: com.kms.katalon.selenium.driver.CChromeDriver
Capabilities {acceptInsecureCerts: false, acceptSslCerts: false, applicationCacheEnabled: false, browserConnectionEnabled: false, browserName: chrome, chrome: {chromedriverVersion: 2.35.528161 (5b82f2d2aae0ca..., userDataDir: C:\Users\MA006~1.KAM\AppDat...}, cssSelectorsEnabled: true, databaseEnabled: false, handlesAlerts: true, hasTouchScreen: false, javascriptEnabled: true, locationContextEnabled: true, mobileEmulationEnabled: false, nativeEvents: true, networkConnectionEnabled: false, pageLoadStrategy: normal, platform: XP, platformName: XP, rotatable: false, setWindowRect: true, takesHeapSnapshot: true, takesScreenshot: true, unexpectedAlertBehaviour: , unhandledPromptBehavior: , version: 70.0.3538.110, webStorageEnabled: true}
Session ID: c24b4da157834eca58b45cc5307683a1)
	at com.kms.katalon.core.keyword.internal.KeywordMain.stepFailed(KeywordMain.groovy:36)
	at com.kms.katalon.core.webui.keyword.internal.WebUIKeywordMain.stepFailed(WebUIKeywordMain.groovy:65)
	at com.kms.katalon.core.webui.keyword.internal.WebUIKeywordMain.runKeyword(WebUIKeywordMain.groovy:27)
	at com.kms.katalon.core.webui.keyword.builtin.NavigateToUrlKeyword.navigateToUrl(NavigateToUrlKeyword.groovy:83)
	at com.kms.katalon.core.webui.keyword.builtin.NavigateToUrlKeyword.execute(NavigateToUrlKeyword.groovy:67)
	at com.kms.katalon.core.keyword.internal.KeywordExecutor.executeKeywordForPlatform(KeywordExecutor.groovy:53)
	at com.kms.katalon.core.webui.keyword.WebUiBuiltInKeywords.navigateToUrl(WebUiBuiltInKeywords.groovy:183)
	at com.kms.katalon.core.webui.keyword.WebUiBuiltInKeywords$navigateToUrl$1.call(Unknown Source)
	at org.codehaus.groovy.runtime.callsite.CallSiteArray.defaultCall(CallSiteArray.java:48)
	at org.codehaus.groovy.runtime.callsite.AbstractCallSite.call(AbstractCallSite.java:113)
	at org.codehaus.groovy.runtime.callsite.AbstractCallSite.call(AbstractCallSite.java:125)
	at Script1543840550227.run(Script1543840550227.groovy:16)
	at com.kms.katalon.core.main.ScriptEngine.run(ScriptEngine.java:183)
	at com.kms.katalon.core.main.ScriptEngine.runScriptAsRawText(ScriptEngine.java:108)
	at com.kms.katalon.core.main.TestCaseExecutor.runScript(TestCaseExecutor.java:294)
	at com.kms.katalon.core.main.TestCaseExecutor.doExecute(TestCaseExecutor.java:285)
	at com.kms.katalon.core.main.TestCaseExecutor.processExecutionPhase(TestCaseExecutor.java:264)
	at com.kms.katalon.core.main.TestCaseExecutor.accessMainPhase(TestCaseExecutor.java:256)
	at com.kms.katalon.core.main.TestCaseExecutor.execute(TestCaseExecutor.java:200)
	at com.kms.katalon.core.main.TestSuiteExecutor.accessTestCaseMainPhase(TestSuiteExecutor.java:129)
	at com.kms.katalon.core.main.TestSuiteExecutor.accessTestSuiteMainPhase(TestSuiteExecutor.java:112)
	at com.kms.katalon.core.main.TestSuiteExecutor.execute(TestSuiteExecutor.java:81)
	at com.kms.katalon.core.main.TestCaseMain.startTestSuite(TestCaseMain.java:142)
	at com.kms.katalon.core.main.TestCaseMain$startTestSuite$0.call(Unknown Source)
	at org.codehaus.groovy.runtime.callsite.CallSiteArray.defaultCall(CallSiteArray.java:48)
	at org.codehaus.groovy.runtime.callsite.AbstractCallSite.call(AbstractCallSite.java:113)
	at org.codehaus.groovy.runtime.callsite.AbstractCallSite.call(AbstractCallSite.java:141)
	at TempTestSuite1543916698545.run(TempTestSuite1543916698545.groovy:36)
	at groovy.lang.GroovyShell.runScriptOrMainOrTestOrRunnable(GroovyShell.java:263)
	at groovy.lang.GroovyShell.run(GroovyShell.java:518)
	at groovy.lang.GroovyShell.run(GroovyShell.java:507)
	at groovy.ui.GroovyMain.processOnce(GroovyMain.java:653)
	at groovy.ui.GroovyMain.run(GroovyMain.java:384)
	at groovy.ui.GroovyMain.process(GroovyMain.java:370)
	at groovy.ui.GroovyMain.processArgs(GroovyMain.java:129)
	at groovy.ui.GroovyMain.main(GroovyMain.java:109)
	at sun.reflect.NativeMethodAccessorImpl.invoke0(Native Method)
	at sun.reflect.NativeMethodAccessorImpl.invoke(NativeMethodAccessorImpl.java:62)
	at sun.reflect.DelegatingMethodAccessorImpl.invoke(DelegatingMethodAccessorImpl.java:43)
	at java.lang.reflect.Method.invoke(Method.java:498)
	at org.codehaus.groovy.tools.GroovyStarter.rootLoader(GroovyStarter.java:109)
	at org.codehaus.groovy.tools.GroovyStarter.main(GroovyStarter.java:131)
)]]></system-err>
      </testcase>
      <testcase name="Test Cases/Final/activities" classname="Test Cases/Final/activities" status="FAILED">
         <failure type="FAILED" message="(Stack trace: com.kms.katalon.core.exception.StepFailedException: Unable to click on object 'Object Repository/advanced search1/activities' (Root cause: org.openqa.selenium.WebDriverException: chrome not reachable
  (Session info: chrome=70.0.3538.110)
  (Driver info: chromedriver=2.35.528161 (5b82f2d2aae0ca24b877009200ced9065a772e73),platform=Windows NT 10.0.17134 x86_64) (WARNING: The server did not provide any stacktrace information)
Command duration or timeout: 0 milliseconds
Build info: version: '3.7.1', revision: '8a0099a', time: '2017-11-06T21:07:36.161Z'
System info: host: 'MKAMEL', ip: '10.1.210.151', os.name: 'Windows 10', os.arch: 'amd64', os.version: '10.0', java.version: '1.8.0_181'
Driver info: com.kms.katalon.selenium.driver.CChromeDriver
Capabilities {acceptInsecureCerts: false, acceptSslCerts: false, applicationCacheEnabled: false, browserConnectionEnabled: false, browserName: chrome, chrome: {chromedriverVersion: 2.35.528161 (5b82f2d2aae0ca..., userDataDir: C:\Users\MA006~1.KAM\AppDat...}, cssSelectorsEnabled: true, databaseEnabled: false, handlesAlerts: true, hasTouchScreen: false, javascriptEnabled: true, locationContextEnabled: true, mobileEmulationEnabled: false, nativeEvents: true, networkConnectionEnabled: false, pageLoadStrategy: normal, platform: XP, platformName: XP, rotatable: false, setWindowRect: true, takesHeapSnapshot: true, takesScreenshot: true, unexpectedAlertBehaviour: , unhandledPromptBehavior: , version: 70.0.3538.110, webStorageEnabled: true}
Session ID: c24b4da157834eca58b45cc5307683a1
*** Element info: {Using=xpath, value=//*[@id=&quot;headingSix&quot;]})
	at com.kms.katalon.core.keyword.internal.KeywordMain.stepFailed(KeywordMain.groovy:36)
	at com.kms.katalon.core.webui.keyword.internal.WebUIKeywordMain.stepFailed(WebUIKeywordMain.groovy:65)
	at com.kms.katalon.core.webui.keyword.internal.WebUIKeywordMain.runKeyword(WebUIKeywordMain.groovy:27)
	at com.kms.katalon.core.webui.keyword.builtin.ClickKeyword.click(ClickKeyword.groovy:86)
	at com.kms.katalon.core.webui.keyword.builtin.ClickKeyword.execute(ClickKeyword.groovy:67)
	at com.kms.katalon.core.keyword.internal.KeywordExecutor.executeKeywordForPlatform(KeywordExecutor.groovy:53)
	at com.kms.katalon.core.webui.keyword.WebUiBuiltInKeywords.click(WebUiBuiltInKeywords.groovy:616)
	at com.kms.katalon.core.webui.keyword.WebUiBuiltInKeywords$click$2.call(Unknown Source)
	at org.codehaus.groovy.runtime.callsite.CallSiteArray.defaultCall(CallSiteArray.java:48)
	at org.codehaus.groovy.runtime.callsite.AbstractCallSite.call(AbstractCallSite.java:113)
	at org.codehaus.groovy.runtime.callsite.AbstractCallSite.call(AbstractCallSite.java:125)
	at Script1543747814474.run(Script1543747814474.groovy:30)
	at com.kms.katalon.core.main.ScriptEngine.run(ScriptEngine.java:183)
	at com.kms.katalon.core.main.ScriptEngine.runScriptAsRawText(ScriptEngine.java:108)
	at com.kms.katalon.core.main.TestCaseExecutor.runScript(TestCaseExecutor.java:294)
	at com.kms.katalon.core.main.TestCaseExecutor.doExecute(TestCaseExecutor.java:285)
	at com.kms.katalon.core.main.TestCaseExecutor.processExecutionPhase(TestCaseExecutor.java:264)
	at com.kms.katalon.core.main.TestCaseExecutor.accessMainPhase(TestCaseExecutor.java:256)
	at com.kms.katalon.core.main.TestCaseExecutor.execute(TestCaseExecutor.java:200)
	at com.kms.katalon.core.main.TestSuiteExecutor.accessTestCaseMainPhase(TestSuiteExecutor.java:129)
	at com.kms.katalon.core.main.TestSuiteExecutor.accessTestSuiteMainPhase(TestSuiteExecutor.java:112)
	at com.kms.katalon.core.main.TestSuiteExecutor.execute(TestSuiteExecutor.java:81)
	at com.kms.katalon.core.main.TestCaseMain.startTestSuite(TestCaseMain.java:142)
	at com.kms.katalon.core.main.TestCaseMain$startTestSuite$0.call(Unknown Source)
	at org.codehaus.groovy.runtime.callsite.CallSiteArray.defaultCall(CallSiteArray.java:48)
	at org.codehaus.groovy.runtime.callsite.AbstractCallSite.call(AbstractCallSite.java:113)
	at org.codehaus.groovy.runtime.callsite.AbstractCallSite.call(AbstractCallSite.java:141)
	at TempTestSuite1543916698545.run(TempTestSuite1543916698545.groovy:36)
	at groovy.lang.GroovyShell.runScriptOrMainOrTestOrRunnable(GroovyShell.java:263)
	at groovy.lang.GroovyShell.run(GroovyShell.java:518)
	at groovy.lang.GroovyShell.run(GroovyShell.java:507)
	at groovy.ui.GroovyMain.processOnce(GroovyMain.java:653)
	at groovy.ui.GroovyMain.run(GroovyMain.java:384)
	at groovy.ui.GroovyMain.process(GroovyMain.java:370)
	at groovy.ui.GroovyMain.processArgs(GroovyMain.java:129)
	at groovy.ui.GroovyMain.main(GroovyMain.java:109)
	at sun.reflect.NativeMethodAccessorImpl.invoke0(Native Method)
	at sun.reflect.NativeMethodAccessorImpl.invoke(NativeMethodAccessorImpl.java:62)
	at sun.reflect.DelegatingMethodAccessorImpl.invoke(DelegatingMethodAccessorImpl.java:43)
	at java.lang.reflect.Method.invoke(Method.java:498)
	at org.codehaus.groovy.tools.GroovyStarter.rootLoader(GroovyStarter.java:109)
	at org.codehaus.groovy.tools.GroovyStarter.main(GroovyStarter.java:131)
)"/>
         <system-out><![CDATA[2018-12-04 11:47:34 - [TEST_CASE][FAILED] - Test Cases/Final/activities: Test Cases/Final/activities FAILED because (of) (Stack trace: com.kms.katalon.core.exception.StepFailedException: Unable to click on object 'Object Repository/advanced search1/activities' (Root cause: org.openqa.selenium.WebDriverException: chrome not reachable
  (Session info: chrome=70.0.3538.110)
  (Driver info: chromedriver=2.35.528161 (5b82f2d2aae0ca24b877009200ced9065a772e73),platform=Windows NT 10.0.17134 x86_64) (WARNING: The server did not provide any stacktrace information)
Command duration or timeout: 0 milliseconds
Build info: version: '3.7.1', revision: '8a0099a', time: '2017-11-06T21:07:36.161Z'
System info: host: 'MKAMEL', ip: '10.1.210.151', os.name: 'Windows 10', os.arch: 'amd64', os.version: '10.0', java.version: '1.8.0_181'
Driver info: com.kms.katalon.selenium.driver.CChromeDriver
Capabilities {acceptInsecureCerts: false, acceptSslCerts: false, applicationCacheEnabled: false, browserConnectionEnabled: false, browserName: chrome, chrome: {chromedriverVersion: 2.35.528161 (5b82f2d2aae0ca..., userDataDir: C:\Users\MA006~1.KAM\AppDat...}, cssSelectorsEnabled: true, databaseEnabled: false, handlesAlerts: true, hasTouchScreen: false, javascriptEnabled: true, locationContextEnabled: true, mobileEmulationEnabled: false, nativeEvents: true, networkConnectionEnabled: false, pageLoadStrategy: normal, platform: XP, platformName: XP, rotatable: false, setWindowRect: true, takesHeapSnapshot: true, takesScreenshot: true, unexpectedAlertBehaviour: , unhandledPromptBehavior: , version: 70.0.3538.110, webStorageEnabled: true}
Session ID: c24b4da157834eca58b45cc5307683a1
*** Element info: {Using=xpath, value=//*[@id="headingSix"]})
	at com.kms.katalon.core.keyword.internal.KeywordMain.stepFailed(KeywordMain.groovy:36)
	at com.kms.katalon.core.webui.keyword.internal.WebUIKeywordMain.stepFailed(WebUIKeywordMain.groovy:65)
	at com.kms.katalon.core.webui.keyword.internal.WebUIKeywordMain.runKeyword(WebUIKeywordMain.groovy:27)
	at com.kms.katalon.core.webui.keyword.builtin.ClickKeyword.click(ClickKeyword.groovy:86)
	at com.kms.katalon.core.webui.keyword.builtin.ClickKeyword.execute(ClickKeyword.groovy:67)
	at com.kms.katalon.core.keyword.internal.KeywordExecutor.executeKeywordForPlatform(KeywordExecutor.groovy:53)
	at com.kms.katalon.core.webui.keyword.WebUiBuiltInKeywords.click(WebUiBuiltInKeywords.groovy:616)
	at com.kms.katalon.core.webui.keyword.WebUiBuiltInKeywords$click$2.call(Unknown Source)
	at org.codehaus.groovy.runtime.callsite.CallSiteArray.defaultCall(CallSiteArray.java:48)
	at org.codehaus.groovy.runtime.callsite.AbstractCallSite.call(AbstractCallSite.java:113)
	at org.codehaus.groovy.runtime.callsite.AbstractCallSite.call(AbstractCallSite.java:125)
	at Script1543747814474.run(Script1543747814474.groovy:30)
	at com.kms.katalon.core.main.ScriptEngine.run(ScriptEngine.java:183)
	at com.kms.katalon.core.main.ScriptEngine.runScriptAsRawText(ScriptEngine.java:108)
	at com.kms.katalon.core.main.TestCaseExecutor.runScript(TestCaseExecutor.java:294)
	at com.kms.katalon.core.main.TestCaseExecutor.doExecute(TestCaseExecutor.java:285)
	at com.kms.katalon.core.main.TestCaseExecutor.processExecutionPhase(TestCaseExecutor.java:264)
	at com.kms.katalon.core.main.TestCaseExecutor.accessMainPhase(TestCaseExecutor.java:256)
	at com.kms.katalon.core.main.TestCaseExecutor.execute(TestCaseExecutor.java:200)
	at com.kms.katalon.core.main.TestSuiteExecutor.accessTestCaseMainPhase(TestSuiteExecutor.java:129)
	at com.kms.katalon.core.main.TestSuiteExecutor.accessTestSuiteMainPhase(TestSuiteExecutor.java:112)
	at com.kms.katalon.core.main.TestSuiteExecutor.execute(TestSuiteExecutor.java:81)
	at com.kms.katalon.core.main.TestCaseMain.startTestSuite(TestCaseMain.java:142)
	at com.kms.katalon.core.main.TestCaseMain$startTestSuite$0.call(Unknown Source)
	at org.codehaus.groovy.runtime.callsite.CallSiteArray.defaultCall(CallSiteArray.java:48)
	at org.codehaus.groovy.runtime.callsite.AbstractCallSite.call(AbstractCallSite.java:113)
	at org.codehaus.groovy.runtime.callsite.AbstractCallSite.call(AbstractCallSite.java:141)
	at TempTestSuite1543916698545.run(TempTestSuite1543916698545.groovy:36)
	at groovy.lang.GroovyShell.runScriptOrMainOrTestOrRunnable(GroovyShell.java:263)
	at groovy.lang.GroovyShell.run(GroovyShell.java:518)
	at groovy.lang.GroovyShell.run(GroovyShell.java:507)
	at groovy.ui.GroovyMain.processOnce(GroovyMain.java:653)
	at groovy.ui.GroovyMain.run(GroovyMain.java:384)
	at groovy.ui.GroovyMain.process(GroovyMain.java:370)
	at groovy.ui.GroovyMain.processArgs(GroovyMain.java:129)
	at groovy.ui.GroovyMain.main(GroovyMain.java:109)
	at sun.reflect.NativeMethodAccessorImpl.invoke0(Native Method)
	at sun.reflect.NativeMethodAccessorImpl.invoke(NativeMethodAccessorImpl.java:62)
	at sun.reflect.DelegatingMethodAccessorImpl.invoke(DelegatingMethodAccessorImpl.java:43)
	at java.lang.reflect.Method.invoke(Method.java:498)
	at org.codehaus.groovy.tools.GroovyStarter.rootLoader(GroovyStarter.java:109)
	at org.codehaus.groovy.tools.GroovyStarter.main(GroovyStarter.java:131)
)

2018-12-04 11:47:34 - [TEST_STEP][NOT_RUN] - openBrowser: NOT_RUN: openBrowser

2018-12-04 11:47:34 - [MESSAGE][NOT_RUN] - NOT_RUN: openBrowser

2018-12-04 11:47:34 - [TEST_STEP][NOT_RUN] - maximizeWindow: NOT_RUN: maximizeWindow

2018-12-04 11:47:34 - [MESSAGE][NOT_RUN] - NOT_RUN: maximizeWindow

2018-12-04 11:47:34 - [TEST_STEP][NOT_RUN] - navigateToUrl: NOT_RUN: navigateToUrl

2018-12-04 11:47:34 - [MESSAGE][NOT_RUN] - NOT_RUN: navigateToUrl

2018-12-04 11:47:34 - [TEST_STEP][NOT_RUN] - click: NOT_RUN: click

2018-12-04 11:47:34 - [MESSAGE][NOT_RUN] - NOT_RUN: click

2018-12-04 11:47:34 - [TEST_STEP][NOT_RUN] - delay: NOT_RUN: delay

2018-12-04 11:47:34 - [MESSAGE][NOT_RUN] - NOT_RUN: delay

2018-12-04 11:47:34 - [TEST_STEP][NOT_RUN] - click: NOT_RUN: click

2018-12-04 11:47:34 - [MESSAGE][NOT_RUN] - NOT_RUN: click

2018-12-04 11:47:34 - [TEST_STEP][PASSED] - delay: Delayed 3 second(s)

2018-12-04 11:47:37 - [MESSAGE][PASSED] - Delayed 3 second(s)

2018-12-04 11:47:37 - [TEST_STEP][FAILED] - click: Unable to click on object 'Object Repository/advanced search1/activities' (Root cause: org.openqa.selenium.WebDriverException: chrome not reachable
  (Session info: chrome=70.0.3538.110)
  (Driver info: chromedriver=2.35.528161 (5b82f2d2aae0ca24b877009200ced9065a772e73),platform=Windows NT 10.0.17134 x86_64) (WARNING: The server did not provide any stacktrace information)
Command duration or timeout: 0 milliseconds
Build info: version: '3.7.1', revision: '8a0099a', time: '2017-11-06T21:07:36.161Z'
System info: host: 'MKAMEL', ip: '10.1.210.151', os.name: 'Windows 10', os.arch: 'amd64', os.version: '10.0', java.version: '1.8.0_181'
Driver info: com.kms.katalon.selenium.driver.CChromeDriver
Capabilities {acceptInsecureCerts: false, acceptSslCerts: false, applicationCacheEnabled: false, browserConnectionEnabled: false, browserName: chrome, chrome: {chromedriverVersion: 2.35.528161 (5b82f2d2aae0ca..., userDataDir: C:\Users\MA006~1.KAM\AppDat...}, cssSelectorsEnabled: true, databaseEnabled: false, handlesAlerts: true, hasTouchScreen: false, javascriptEnabled: true, locationContextEnabled: true, mobileEmulationEnabled: false, nativeEvents: true, networkConnectionEnabled: false, pageLoadStrategy: normal, platform: XP, platformName: XP, rotatable: false, setWindowRect: true, takesHeapSnapshot: true, takesScreenshot: true, unexpectedAlertBehaviour: , unhandledPromptBehavior: , version: 70.0.3538.110, webStorageEnabled: true}
Session ID: c24b4da157834eca58b45cc5307683a1
*** Element info: {Using=xpath, value=//*[@id="headingSix"]})

2018-12-04 11:47:45 - [MESSAGE][WARNING] - Cannot take screenshot

2018-12-04 11:47:45 - [MESSAGE][FAILED] - Unable to click on object 'Object Repository/advanced search1/activities' (Root cause: org.openqa.selenium.WebDriverException: chrome not reachable
  (Session info: chrome=70.0.3538.110)
  (Driver info: chromedriver=2.35.528161 (5b82f2d2aae0ca24b877009200ced9065a772e73),platform=Windows NT 10.0.17134 x86_64) (WARNING: The server did not provide any stacktrace information)
Command duration or timeout: 0 milliseconds
Build info: version: '3.7.1', revision: '8a0099a', time: '2017-11-06T21:07:36.161Z'
System info: host: 'MKAMEL', ip: '10.1.210.151', os.name: 'Windows 10', os.arch: 'amd64', os.version: '10.0', java.version: '1.8.0_181'
Driver info: com.kms.katalon.selenium.driver.CChromeDriver
Capabilities {acceptInsecureCerts: false, acceptSslCerts: false, applicationCacheEnabled: false, browserConnectionEnabled: false, browserName: chrome, chrome: {chromedriverVersion: 2.35.528161 (5b82f2d2aae0ca..., userDataDir: C:\Users\MA006~1.KAM\AppDat...}, cssSelectorsEnabled: true, databaseEnabled: false, handlesAlerts: true, hasTouchScreen: false, javascriptEnabled: true, locationContextEnabled: true, mobileEmulationEnabled: false, nativeEvents: true, networkConnectionEnabled: false, pageLoadStrategy: normal, platform: XP, platformName: XP, rotatable: false, setWindowRect: true, takesHeapSnapshot: true, takesScreenshot: true, unexpectedAlertBehaviour: , unhandledPromptBehavior: , version: 70.0.3538.110, webStorageEnabled: true}
Session ID: c24b4da157834eca58b45cc5307683a1
*** Element info: {Using=xpath, value=//*[@id="headingSix"]})]]></system-out>
         <system-err><![CDATA[2018-12-04 11:47:34 - [TEST_CASE][FAILED] - Test Cases/Final/activities: Test Cases/Final/activities FAILED because (of) (Stack trace: com.kms.katalon.core.exception.StepFailedException: Unable to click on object 'Object Repository/advanced search1/activities' (Root cause: org.openqa.selenium.WebDriverException: chrome not reachable
  (Session info: chrome=70.0.3538.110)
  (Driver info: chromedriver=2.35.528161 (5b82f2d2aae0ca24b877009200ced9065a772e73),platform=Windows NT 10.0.17134 x86_64) (WARNING: The server did not provide any stacktrace information)
Command duration or timeout: 0 milliseconds
Build info: version: '3.7.1', revision: '8a0099a', time: '2017-11-06T21:07:36.161Z'
System info: host: 'MKAMEL', ip: '10.1.210.151', os.name: 'Windows 10', os.arch: 'amd64', os.version: '10.0', java.version: '1.8.0_181'
Driver info: com.kms.katalon.selenium.driver.CChromeDriver
Capabilities {acceptInsecureCerts: false, acceptSslCerts: false, applicationCacheEnabled: false, browserConnectionEnabled: false, browserName: chrome, chrome: {chromedriverVersion: 2.35.528161 (5b82f2d2aae0ca..., userDataDir: C:\Users\MA006~1.KAM\AppDat...}, cssSelectorsEnabled: true, databaseEnabled: false, handlesAlerts: true, hasTouchScreen: false, javascriptEnabled: true, locationContextEnabled: true, mobileEmulationEnabled: false, nativeEvents: true, networkConnectionEnabled: false, pageLoadStrategy: normal, platform: XP, platformName: XP, rotatable: false, setWindowRect: true, takesHeapSnapshot: true, takesScreenshot: true, unexpectedAlertBehaviour: , unhandledPromptBehavior: , version: 70.0.3538.110, webStorageEnabled: true}
Session ID: c24b4da157834eca58b45cc5307683a1
*** Element info: {Using=xpath, value=//*[@id="headingSix"]})
	at com.kms.katalon.core.keyword.internal.KeywordMain.stepFailed(KeywordMain.groovy:36)
	at com.kms.katalon.core.webui.keyword.internal.WebUIKeywordMain.stepFailed(WebUIKeywordMain.groovy:65)
	at com.kms.katalon.core.webui.keyword.internal.WebUIKeywordMain.runKeyword(WebUIKeywordMain.groovy:27)
	at com.kms.katalon.core.webui.keyword.builtin.ClickKeyword.click(ClickKeyword.groovy:86)
	at com.kms.katalon.core.webui.keyword.builtin.ClickKeyword.execute(ClickKeyword.groovy:67)
	at com.kms.katalon.core.keyword.internal.KeywordExecutor.executeKeywordForPlatform(KeywordExecutor.groovy:53)
	at com.kms.katalon.core.webui.keyword.WebUiBuiltInKeywords.click(WebUiBuiltInKeywords.groovy:616)
	at com.kms.katalon.core.webui.keyword.WebUiBuiltInKeywords$click$2.call(Unknown Source)
	at org.codehaus.groovy.runtime.callsite.CallSiteArray.defaultCall(CallSiteArray.java:48)
	at org.codehaus.groovy.runtime.callsite.AbstractCallSite.call(AbstractCallSite.java:113)
	at org.codehaus.groovy.runtime.callsite.AbstractCallSite.call(AbstractCallSite.java:125)
	at Script1543747814474.run(Script1543747814474.groovy:30)
	at com.kms.katalon.core.main.ScriptEngine.run(ScriptEngine.java:183)
	at com.kms.katalon.core.main.ScriptEngine.runScriptAsRawText(ScriptEngine.java:108)
	at com.kms.katalon.core.main.TestCaseExecutor.runScript(TestCaseExecutor.java:294)
	at com.kms.katalon.core.main.TestCaseExecutor.doExecute(TestCaseExecutor.java:285)
	at com.kms.katalon.core.main.TestCaseExecutor.processExecutionPhase(TestCaseExecutor.java:264)
	at com.kms.katalon.core.main.TestCaseExecutor.accessMainPhase(TestCaseExecutor.java:256)
	at com.kms.katalon.core.main.TestCaseExecutor.execute(TestCaseExecutor.java:200)
	at com.kms.katalon.core.main.TestSuiteExecutor.accessTestCaseMainPhase(TestSuiteExecutor.java:129)
	at com.kms.katalon.core.main.TestSuiteExecutor.accessTestSuiteMainPhase(TestSuiteExecutor.java:112)
	at com.kms.katalon.core.main.TestSuiteExecutor.execute(TestSuiteExecutor.java:81)
	at com.kms.katalon.core.main.TestCaseMain.startTestSuite(TestCaseMain.java:142)
	at com.kms.katalon.core.main.TestCaseMain$startTestSuite$0.call(Unknown Source)
	at org.codehaus.groovy.runtime.callsite.CallSiteArray.defaultCall(CallSiteArray.java:48)
	at org.codehaus.groovy.runtime.callsite.AbstractCallSite.call(AbstractCallSite.java:113)
	at org.codehaus.groovy.runtime.callsite.AbstractCallSite.call(AbstractCallSite.java:141)
	at TempTestSuite1543916698545.run(TempTestSuite1543916698545.groovy:36)
	at groovy.lang.GroovyShell.runScriptOrMainOrTestOrRunnable(GroovyShell.java:263)
	at groovy.lang.GroovyShell.run(GroovyShell.java:518)
	at groovy.lang.GroovyShell.run(GroovyShell.java:507)
	at groovy.ui.GroovyMain.processOnce(GroovyMain.java:653)
	at groovy.ui.GroovyMain.run(GroovyMain.java:384)
	at groovy.ui.GroovyMain.process(GroovyMain.java:370)
	at groovy.ui.GroovyMain.processArgs(GroovyMain.java:129)
	at groovy.ui.GroovyMain.main(GroovyMain.java:109)
	at sun.reflect.NativeMethodAccessorImpl.invoke0(Native Method)
	at sun.reflect.NativeMethodAccessorImpl.invoke(NativeMethodAccessorImpl.java:62)
	at sun.reflect.DelegatingMethodAccessorImpl.invoke(DelegatingMethodAccessorImpl.java:43)
	at java.lang.reflect.Method.invoke(Method.java:498)
	at org.codehaus.groovy.tools.GroovyStarter.rootLoader(GroovyStarter.java:109)
	at org.codehaus.groovy.tools.GroovyStarter.main(GroovyStarter.java:131)
)]]></system-err>
      </testcase>
      <system-out><![CDATA[2018-12-04 11:45:02 - [TEST_SUITE][FAILED] - advanced search: Test Cases/Final/back to advanced search3 FAILED because (of) (Stack trace: com.kms.katalon.core.exception.StepFailedException: Unable to navigate to 'http://www.schooolz.com/homeSearch?school_name=&category_id=&country_id=&city_id=&action=Home_Result' (Root cause: org.openqa.selenium.WebDriverException: unknown error: cannot determine loading status
from unknown error: cannot determine loading status
from disconnected: received Inspector.detached event
  (Session info: chrome=70.0.3538.110)
  (Driver info: chromedriver=2.35.528161 (5b82f2d2aae0ca24b877009200ced9065a772e73),platform=Windows NT 10.0.17134 x86_64) (WARNING: The server did not provide any stacktrace information)
Command duration or timeout: 0 milliseconds
Build info: version: '3.7.1', revision: '8a0099a', time: '2017-11-06T21:07:36.161Z'
System info: host: 'MKAMEL', ip: '10.1.210.151', os.name: 'Windows 10', os.arch: 'amd64', os.version: '10.0', java.version: '1.8.0_181'
Driver info: com.kms.katalon.selenium.driver.CChromeDriver
Capabilities {acceptInsecureCerts: false, acceptSslCerts: false, applicationCacheEnabled: false, browserConnectionEnabled: false, browserName: chrome, chrome: {chromedriverVersion: 2.35.528161 (5b82f2d2aae0ca..., userDataDir: C:\Users\MA006~1.KAM\AppDat...}, cssSelectorsEnabled: true, databaseEnabled: false, handlesAlerts: true, hasTouchScreen: false, javascriptEnabled: true, locationContextEnabled: true, mobileEmulationEnabled: false, nativeEvents: true, networkConnectionEnabled: false, pageLoadStrategy: normal, platform: XP, platformName: XP, rotatable: false, setWindowRect: true, takesHeapSnapshot: true, takesScreenshot: true, unexpectedAlertBehaviour: , unhandledPromptBehavior: , version: 70.0.3538.110, webStorageEnabled: true}
Session ID: c24b4da157834eca58b45cc5307683a1)
	at com.kms.katalon.core.keyword.internal.KeywordMain.stepFailed(KeywordMain.groovy:36)
	at com.kms.katalon.core.webui.keyword.internal.WebUIKeywordMain.stepFailed(WebUIKeywordMain.groovy:65)
	at com.kms.katalon.core.webui.keyword.internal.WebUIKeywordMain.runKeyword(WebUIKeywordMain.groovy:27)
	at com.kms.katalon.core.webui.keyword.builtin.NavigateToUrlKeyword.navigateToUrl(NavigateToUrlKeyword.groovy:83)
	at com.kms.katalon.core.webui.keyword.builtin.NavigateToUrlKeyword.execute(NavigateToUrlKeyword.groovy:67)
	at com.kms.katalon.core.keyword.internal.KeywordExecutor.executeKeywordForPlatform(KeywordExecutor.groovy:53)
	at com.kms.katalon.core.webui.keyword.WebUiBuiltInKeywords.navigateToUrl(WebUiBuiltInKeywords.groovy:183)
	at com.kms.katalon.core.webui.keyword.WebUiBuiltInKeywords$navigateToUrl$1.call(Unknown Source)
	at org.codehaus.groovy.runtime.callsite.CallSiteArray.defaultCall(CallSiteArray.java:48)
	at org.codehaus.groovy.runtime.callsite.AbstractCallSite.call(AbstractCallSite.java:113)
	at org.codehaus.groovy.runtime.callsite.AbstractCallSite.call(AbstractCallSite.java:125)
	at Script1543840550227.run(Script1543840550227.groovy:16)
	at com.kms.katalon.core.main.ScriptEngine.run(ScriptEngine.java:183)
	at com.kms.katalon.core.main.ScriptEngine.runScriptAsRawText(ScriptEngine.java:108)
	at com.kms.katalon.core.main.TestCaseExecutor.runScript(TestCaseExecutor.java:294)
	at com.kms.katalon.core.main.TestCaseExecutor.doExecute(TestCaseExecutor.java:285)
	at com.kms.katalon.core.main.TestCaseExecutor.processExecutionPhase(TestCaseExecutor.java:264)
	at com.kms.katalon.core.main.TestCaseExecutor.accessMainPhase(TestCaseExecutor.java:256)
	at com.kms.katalon.core.main.TestCaseExecutor.execute(TestCaseExecutor.java:200)
	at com.kms.katalon.core.main.TestSuiteExecutor.accessTestCaseMainPhase(TestSuiteExecutor.java:129)
	at com.kms.katalon.core.main.TestSuiteExecutor.accessTestSuiteMainPhase(TestSuiteExecutor.java:112)
	at com.kms.katalon.core.main.TestSuiteExecutor.execute(TestSuiteExecutor.java:81)
	at com.kms.katalon.core.main.TestCaseMain.startTestSuite(TestCaseMain.java:142)
	at com.kms.katalon.core.main.TestCaseMain$startTestSuite$0.call(Unknown Source)
	at org.codehaus.groovy.runtime.callsite.CallSiteArray.defaultCall(CallSiteArray.java:48)
	at org.codehaus.groovy.runtime.callsite.AbstractCallSite.call(AbstractCallSite.java:113)
	at org.codehaus.groovy.runtime.callsite.AbstractCallSite.call(AbstractCallSite.java:141)
	at TempTestSuite1543916698545.run(TempTestSuite1543916698545.groovy:36)
	at groovy.lang.GroovyShell.runScriptOrMainOrTestOrRunnable(GroovyShell.java:263)
	at groovy.lang.GroovyShell.run(GroovyShell.java:518)
	at groovy.lang.GroovyShell.run(GroovyShell.java:507)
	at groovy.ui.GroovyMain.processOnce(GroovyMain.java:653)
	at groovy.ui.GroovyMain.run(GroovyMain.java:384)
	at groovy.ui.GroovyMain.process(GroovyMain.java:370)
	at groovy.ui.GroovyMain.processArgs(GroovyMain.java:129)
	at groovy.ui.GroovyMain.main(GroovyMain.java:109)
	at sun.reflect.NativeMethodAccessorImpl.invoke0(Native Method)
	at sun.reflect.NativeMethodAccessorImpl.invoke(NativeMethodAccessorImpl.java:62)
	at sun.reflect.DelegatingMethodAccessorImpl.invoke(DelegatingMethodAccessorImpl.java:43)
	at java.lang.reflect.Method.invoke(Method.java:498)
	at org.codehaus.groovy.tools.GroovyStarter.rootLoader(GroovyStarter.java:109)
	at org.codehaus.groovy.tools.GroovyStarter.main(GroovyStarter.java:131)
)]]></system-out>
      <system-err><![CDATA[2018-12-04 11:45:02 - [TEST_SUITE][FAILED] - advanced search: Test Cases/Final/back to advanced search3 FAILED because (of) (Stack trace: com.kms.katalon.core.exception.StepFailedException: Unable to navigate to 'http://www.schooolz.com/homeSearch?school_name=&category_id=&country_id=&city_id=&action=Home_Result' (Root cause: org.openqa.selenium.WebDriverException: unknown error: cannot determine loading status
from unknown error: cannot determine loading status
from disconnected: received Inspector.detached event
  (Session info: chrome=70.0.3538.110)
  (Driver info: chromedriver=2.35.528161 (5b82f2d2aae0ca24b877009200ced9065a772e73),platform=Windows NT 10.0.17134 x86_64) (WARNING: The server did not provide any stacktrace information)
Command duration or timeout: 0 milliseconds
Build info: version: '3.7.1', revision: '8a0099a', time: '2017-11-06T21:07:36.161Z'
System info: host: 'MKAMEL', ip: '10.1.210.151', os.name: 'Windows 10', os.arch: 'amd64', os.version: '10.0', java.version: '1.8.0_181'
Driver info: com.kms.katalon.selenium.driver.CChromeDriver
Capabilities {acceptInsecureCerts: false, acceptSslCerts: false, applicationCacheEnabled: false, browserConnectionEnabled: false, browserName: chrome, chrome: {chromedriverVersion: 2.35.528161 (5b82f2d2aae0ca..., userDataDir: C:\Users\MA006~1.KAM\AppDat...}, cssSelectorsEnabled: true, databaseEnabled: false, handlesAlerts: true, hasTouchScreen: false, javascriptEnabled: true, locationContextEnabled: true, mobileEmulationEnabled: false, nativeEvents: true, networkConnectionEnabled: false, pageLoadStrategy: normal, platform: XP, platformName: XP, rotatable: false, setWindowRect: true, takesHeapSnapshot: true, takesScreenshot: true, unexpectedAlertBehaviour: , unhandledPromptBehavior: , version: 70.0.3538.110, webStorageEnabled: true}
Session ID: c24b4da157834eca58b45cc5307683a1)
	at com.kms.katalon.core.keyword.internal.KeywordMain.stepFailed(KeywordMain.groovy:36)
	at com.kms.katalon.core.webui.keyword.internal.WebUIKeywordMain.stepFailed(WebUIKeywordMain.groovy:65)
	at com.kms.katalon.core.webui.keyword.internal.WebUIKeywordMain.runKeyword(WebUIKeywordMain.groovy:27)
	at com.kms.katalon.core.webui.keyword.builtin.NavigateToUrlKeyword.navigateToUrl(NavigateToUrlKeyword.groovy:83)
	at com.kms.katalon.core.webui.keyword.builtin.NavigateToUrlKeyword.execute(NavigateToUrlKeyword.groovy:67)
	at com.kms.katalon.core.keyword.internal.KeywordExecutor.executeKeywordForPlatform(KeywordExecutor.groovy:53)
	at com.kms.katalon.core.webui.keyword.WebUiBuiltInKeywords.navigateToUrl(WebUiBuiltInKeywords.groovy:183)
	at com.kms.katalon.core.webui.keyword.WebUiBuiltInKeywords$navigateToUrl$1.call(Unknown Source)
	at org.codehaus.groovy.runtime.callsite.CallSiteArray.defaultCall(CallSiteArray.java:48)
	at org.codehaus.groovy.runtime.callsite.AbstractCallSite.call(AbstractCallSite.java:113)
	at org.codehaus.groovy.runtime.callsite.AbstractCallSite.call(AbstractCallSite.java:125)
	at Script1543840550227.run(Script1543840550227.groovy:16)
	at com.kms.katalon.core.main.ScriptEngine.run(ScriptEngine.java:183)
	at com.kms.katalon.core.main.ScriptEngine.runScriptAsRawText(ScriptEngine.java:108)
	at com.kms.katalon.core.main.TestCaseExecutor.runScript(TestCaseExecutor.java:294)
	at com.kms.katalon.core.main.TestCaseExecutor.doExecute(TestCaseExecutor.java:285)
	at com.kms.katalon.core.main.TestCaseExecutor.processExecutionPhase(TestCaseExecutor.java:264)
	at com.kms.katalon.core.main.TestCaseExecutor.accessMainPhase(TestCaseExecutor.java:256)
	at com.kms.katalon.core.main.TestCaseExecutor.execute(TestCaseExecutor.java:200)
	at com.kms.katalon.core.main.TestSuiteExecutor.accessTestCaseMainPhase(TestSuiteExecutor.java:129)
	at com.kms.katalon.core.main.TestSuiteExecutor.accessTestSuiteMainPhase(TestSuiteExecutor.java:112)
	at com.kms.katalon.core.main.TestSuiteExecutor.execute(TestSuiteExecutor.java:81)
	at com.kms.katalon.core.main.TestCaseMain.startTestSuite(TestCaseMain.java:142)
	at com.kms.katalon.core.main.TestCaseMain$startTestSuite$0.call(Unknown Source)
	at org.codehaus.groovy.runtime.callsite.CallSiteArray.defaultCall(CallSiteArray.java:48)
	at org.codehaus.groovy.runtime.callsite.AbstractCallSite.call(AbstractCallSite.java:113)
	at org.codehaus.groovy.runtime.callsite.AbstractCallSite.call(AbstractCallSite.java:141)
	at TempTestSuite1543916698545.run(TempTestSuite1543916698545.groovy:36)
	at groovy.lang.GroovyShell.runScriptOrMainOrTestOrRunnable(GroovyShell.java:263)
	at groovy.lang.GroovyShell.run(GroovyShell.java:518)
	at groovy.lang.GroovyShell.run(GroovyShell.java:507)
	at groovy.ui.GroovyMain.processOnce(GroovyMain.java:653)
	at groovy.ui.GroovyMain.run(GroovyMain.java:384)
	at groovy.ui.GroovyMain.process(GroovyMain.java:370)
	at groovy.ui.GroovyMain.processArgs(GroovyMain.java:129)
	at groovy.ui.GroovyMain.main(GroovyMain.java:109)
	at sun.reflect.NativeMethodAccessorImpl.invoke0(Native Method)
	at sun.reflect.NativeMethodAccessorImpl.invoke(NativeMethodAccessorImpl.java:62)
	at sun.reflect.DelegatingMethodAccessorImpl.invoke(DelegatingMethodAccessorImpl.java:43)
	at java.lang.reflect.Method.invoke(Method.java:498)
	at org.codehaus.groovy.tools.GroovyStarter.rootLoader(GroovyStarter.java:109)
	at org.codehaus.groovy.tools.GroovyStarter.main(GroovyStarter.java:131)
)]]></system-err>
   </testsuite>
</testsuites>
