<?xml version="1.0" encoding="UTF-8"?>
<testsuites name="school can add event" time="281" tests="2" failures="1" errors="0">
   <testsuite name="school can add event" tests="2" failures="1" errors="0" time="281" timestamp="2018-12-08 16:12:42" hostname="M.Kamel - 10.1.210.199" id="Test Suites/school can add event">
      <properties>
         <property name="deviceName" value=""/>
         <property name="devicePlatform" value=""/>
         <property name="logFolder" value="C:\\Users\\M.Kamel\\git\\regression22\\Reports\\school can add event\\20181208_161240"/>
         <property name="logFiles" value="C:\\Users\\M.Kamel\\git\\regression22\\Reports\\school can add event\\20181208_161240\\execution0.log"/>
         <property name="attachments" value="C:\\Users\\M.Kamel\\git\\regression22\\Reports\\school can add event\\20181208_161240\\1544278643034.png"/>
         <property name="hostName" value="M.Kamel - 10.1.210.199"/>
         <property name="os" value="Windows 10 64bit"/>
         <property name="katalonVersion" value="5.8.6.1"/>
         <property name="browser" value="Chrome 70.0.3538.110"/>
         <property name="hostAddress" value="10.1.210.199"/>
         <property name="sessionId" value="8c6698ff08c2f9cf7edc813ef43c6a35"/>
         <property name="seleniumVersion" value="3.7.1"/>
         <property name="proxyInformation" value="ProxyInformation{proxyOption=NO_PROXY, proxyServerType=HTTP, password=, proxyServerAddress=, proxyServerPort=0}"/>
         <property name="platform" value="Windows 10"/>
      </properties>
      <testcase name="Test Cases/Final/reg as school" classname="Test Cases/Final/reg as school" status="PASSED">
         <system-out><![CDATA[2018-12-08 16:12:42 - [TEST_CASE][PASSED] - Test Cases/Final/reg as school: Test Cases/Final/reg as school

2018-12-08 16:12:43 - [TEST_STEP][PASSED] - openBrowser: Browser is opened with url: ''

2018-12-08 16:12:46 - [MESSAGE][PASSED] - Browser is opened with url: ''

2018-12-08 16:12:46 - [TEST_STEP][PASSED] - maximizeWindow: Current window maximized

2018-12-08 16:12:47 - [MESSAGE][PASSED] - Current window maximized

2018-12-08 16:12:47 - [TEST_STEP][PASSED] - navigateToUrl: Navigate to 'https://www.schooolz.com/school/create' successfully

2018-12-08 16:12:52 - [MESSAGE][PASSED] - Navigate to 'https://www.schooolz.com/school/create' successfully

2018-12-08 16:12:52 - [TEST_STEP][NOT_RUN] - delay: NOT_RUN: delay

2018-12-08 16:12:52 - [MESSAGE][NOT_RUN] - NOT_RUN: delay

2018-12-08 16:12:52 - [TEST_STEP][PASSED] - setText: Text 'xoucYxkITH' is set on object 'Object Repository/reg as schoool/school_name'

2018-12-08 16:12:52 - [MESSAGE][PASSED] - Text 'xoucYxkITH' is set on object 'Object Repository/reg as schoool/school_name'

2018-12-08 16:12:52 - [TEST_STEP][PASSED] - setText: Text 'VbDCvDPzzL' is set on object 'Object Repository/reg as schoool/uname_txt'

2018-12-08 16:12:53 - [MESSAGE][PASSED] - Text 'VbDCvDPzzL' is set on object 'Object Repository/reg as schoool/uname_txt'

2018-12-08 16:12:53 - [TEST_STEP][PASSED] - setText: Text 'VbojDUIKxE@yahoo.com' is set on object 'Object Repository/reg as schoool/email_txt'

2018-12-08 16:12:53 - [MESSAGE][PASSED] - Text 'VbojDUIKxE@yahoo.com' is set on object 'Object Repository/reg as schoool/email_txt'

2018-12-08 16:12:53 - [TEST_STEP][PASSED] - setText: Text '123456789' is set on object 'Object Repository/reg as schoool/password_txt'

2018-12-08 16:12:54 - [MESSAGE][PASSED] - Text '123456789' is set on object 'Object Repository/reg as schoool/password_txt'

2018-12-08 16:12:54 - [TEST_STEP][PASSED] - setText: Text '123456789' is set on object 'Object Repository/reg as schoool/confirm pass_txt'

2018-12-08 16:12:54 - [MESSAGE][PASSED] - Text '123456789' is set on object 'Object Repository/reg as schoool/confirm pass_txt'

2018-12-08 16:12:54 - [TEST_STEP][PASSED] - setText: Text '1234567890' is set on object 'Object Repository/reg as schoool/phone_txt'

2018-12-08 16:12:54 - [MESSAGE][PASSED] - Text '1234567890' is set on object 'Object Repository/reg as schoool/phone_txt'

2018-12-08 16:12:54 - [TEST_STEP][PASSED] - selectOptionByValue: All options with value '1' are selected in object 'Object Repository/reg as schoool/country_dropdown menu' 

2018-12-08 16:12:54 - [MESSAGE][PASSED] - All options with value '1' are selected in object 'Object Repository/reg as schoool/country_dropdown menu' 

2018-12-08 16:12:54 - [TEST_STEP][PASSED] - delay: Delayed 3 second(s)

2018-12-08 16:12:57 - [MESSAGE][PASSED] - Delayed 3 second(s)

2018-12-08 16:12:57 - [TEST_STEP][PASSED] - selectOptionByValue: All options with value '1' are selected in object 'Object Repository/reg as schoool/city_dropdown menu' 

2018-12-08 16:12:58 - [MESSAGE][PASSED] - All options with value '1' are selected in object 'Object Repository/reg as schoool/city_dropdown menu' 

2018-12-08 16:12:58 - [TEST_STEP][PASSED] - delay: Delayed 3 second(s)

2018-12-08 16:13:01 - [MESSAGE][PASSED] - Delayed 3 second(s)

2018-12-08 16:13:01 - [TEST_STEP][PASSED] - selectOptionByValue: All options with value '8' are selected in object 'Object Repository/reg as schoool/region_dropdown menu' 

2018-12-08 16:13:01 - [MESSAGE][PASSED] - All options with value '8' are selected in object 'Object Repository/reg as schoool/region_dropdown menu' 

2018-12-08 16:13:01 - [TEST_STEP][PASSED] - delay: Delayed 3 second(s)

2018-12-08 16:13:04 - [MESSAGE][PASSED] - Delayed 3 second(s)

2018-12-08 16:13:04 - [TEST_STEP][PASSED] - selectOptionByValue: All options with value 'السبت' are selected in object 'Object Repository/reg as schoool/week starting_dropdown menu' 

2018-12-08 16:13:04 - [MESSAGE][PASSED] - All options with value 'السبت' are selected in object 'Object Repository/reg as schoool/week starting_dropdown menu' 

2018-12-08 16:13:04 - [TEST_STEP][PASSED] - delay: Delayed 3 second(s)

2018-12-08 16:13:07 - [MESSAGE][PASSED] - Delayed 3 second(s)

2018-12-08 16:13:07 - [TEST_STEP][PASSED] - selectOptionByValue: All options with value 'الخميس' are selected in object 'Object Repository/reg as schoool/ending week_dropdown menu' 

2018-12-08 16:13:07 - [MESSAGE][PASSED] - All options with value 'الخميس' are selected in object 'Object Repository/reg as schoool/ending week_dropdown menu' 

2018-12-08 16:13:07 - [TEST_STEP][PASSED] - delay: Delayed 3 second(s)

2018-12-08 16:13:10 - [MESSAGE][PASSED] - Delayed 3 second(s)

2018-12-08 16:13:10 - [TEST_STEP][PASSED] - setText: Text '01:00AM' is set on object 'Object Repository/reg as schoool/starting time_txt'

2018-12-08 16:13:10 - [MESSAGE][PASSED] - Text '01:00AM' is set on object 'Object Repository/reg as schoool/starting time_txt'

2018-12-08 16:13:10 - [TEST_STEP][PASSED] - delay: Delayed 3 second(s)

2018-12-08 16:13:13 - [MESSAGE][PASSED] - Delayed 3 second(s)

2018-12-08 16:13:13 - [TEST_STEP][PASSED] - setText: Text '10:00PM' is set on object 'Object Repository/reg as schoool/ending time_txt'

2018-12-08 16:13:14 - [MESSAGE][PASSED] - Text '10:00PM' is set on object 'Object Repository/reg as schoool/ending time_txt'

2018-12-08 16:13:14 - [TEST_STEP][PASSED] - delay: Delayed 3 second(s)

2018-12-08 16:13:17 - [MESSAGE][PASSED] - Delayed 3 second(s)

2018-12-08 16:13:17 - [TEST_STEP][PASSED] - setText: Text 'heliopli square' is set on object 'Object Repository/reg as schoool/school address_txt'

2018-12-08 16:13:17 - [MESSAGE][PASSED] - Text 'heliopli square' is set on object 'Object Repository/reg as schoool/school address_txt'

2018-12-08 16:13:17 - [TEST_STEP][PASSED] - delay: Delayed 5 second(s)

2018-12-08 16:13:22 - [MESSAGE][PASSED] - Delayed 5 second(s)

2018-12-08 16:13:22 - [TEST_STEP][PASSED] - setText: Text '12345678912' is set on object 'Object Repository/reg as schoool/fax_txt'

2018-12-08 16:13:22 - [MESSAGE][PASSED] - Text '12345678912' is set on object 'Object Repository/reg as schoool/fax_txt'

2018-12-08 16:13:22 - [TEST_STEP][PASSED] - delay: Delayed 5 second(s)

2018-12-08 16:13:27 - [MESSAGE][PASSED] - Delayed 5 second(s)

2018-12-08 16:13:27 - [TEST_STEP][PASSED] - setText: Text 'https://www.facebook.com/aaaaa.52056223' is set on object 'Object Repository/reg as schoool/school_facebook'

2018-12-08 16:13:28 - [MESSAGE][PASSED] - Text 'https://www.facebook.com/aaaaa.52056223' is set on object 'Object Repository/reg as schoool/school_facebook'

2018-12-08 16:13:28 - [TEST_STEP][PASSED] - delay: Delayed 5 second(s)

2018-12-08 16:13:33 - [MESSAGE][PASSED] - Delayed 5 second(s)

2018-12-08 16:13:33 - [TEST_STEP][PASSED] - setText: Text 'https://www.twitter.com/aaaaa.52056223' is set on object 'Object Repository/reg as schoool/school_twitter'

2018-12-08 16:13:34 - [MESSAGE][PASSED] - Text 'https://www.twitter.com/aaaaa.52056223' is set on object 'Object Repository/reg as schoool/school_twitter'

2018-12-08 16:13:34 - [TEST_STEP][PASSED] - delay: Delayed 5 second(s)

2018-12-08 16:13:39 - [MESSAGE][PASSED] - Delayed 5 second(s)

2018-12-08 16:13:39 - [TEST_STEP][PASSED] - setText: Text 'https://www.instgram.com/aaaaa.52056223' is set on object 'Object Repository/reg as schoool/school_insta'

2018-12-08 16:13:40 - [MESSAGE][PASSED] - Text 'https://www.instgram.com/aaaaa.52056223' is set on object 'Object Repository/reg as schoool/school_insta'

2018-12-08 16:13:40 - [TEST_STEP][PASSED] - delay: Delayed 5 second(s)

2018-12-08 16:13:45 - [MESSAGE][PASSED] - Delayed 5 second(s)

2018-12-08 16:13:45 - [TEST_STEP][PASSED] - setText: Text 'https://www.linkedin.com/aaaaa.52056223' is set on object 'Object Repository/reg as schoool/school_linkedin'

2018-12-08 16:13:45 - [MESSAGE][PASSED] - Text 'https://www.linkedin.com/aaaaa.52056223' is set on object 'Object Repository/reg as schoool/school_linkedin'

2018-12-08 16:13:45 - [TEST_STEP][PASSED] - delay: Delayed 5 second(s)

2018-12-08 16:13:50 - [MESSAGE][PASSED] - Delayed 5 second(s)

2018-12-08 16:13:50 - [TEST_STEP][NOT_RUN] - uploadFile: NOT_RUN: uploadFile

2018-12-08 16:13:50 - [MESSAGE][NOT_RUN] - NOT_RUN: uploadFile

2018-12-08 16:13:50 - [TEST_STEP][PASSED] - delay: Delayed 5 second(s)

2018-12-08 16:13:55 - [MESSAGE][PASSED] - Delayed 5 second(s)

2018-12-08 16:13:55 - [TEST_STEP][PASSED] - selectOptionByValue: All options with value '1' are selected in object 'Object Repository/reg as schoool/school_activities' 

2018-12-08 16:13:55 - [MESSAGE][PASSED] - All options with value '1' are selected in object 'Object Repository/reg as schoool/school_activities' 

2018-12-08 16:13:55 - [TEST_STEP][PASSED] - delay: Delayed 5 second(s)

2018-12-08 16:14:00 - [MESSAGE][PASSED] - Delayed 5 second(s)

2018-12-08 16:14:00 - [TEST_STEP][PASSED] - selectOptionByValue: All options with value '1' are selected in object 'Object Repository/reg as schoool/school type_dropdown menu' 

2018-12-08 16:14:01 - [MESSAGE][PASSED] - All options with value '1' are selected in object 'Object Repository/reg as schoool/school type_dropdown menu' 

2018-12-08 16:14:01 - [TEST_STEP][PASSED] - delay: Delayed 5 second(s)

2018-12-08 16:14:06 - [MESSAGE][PASSED] - Delayed 5 second(s)

2018-12-08 16:14:06 - [TEST_STEP][PASSED] - selectOptionByValue: All options with value '1' are selected in object 'Object Repository/reg as schoool/category' 

2018-12-08 16:14:06 - [MESSAGE][PASSED] - All options with value '1' are selected in object 'Object Repository/reg as schoool/category' 

2018-12-08 16:14:06 - [TEST_STEP][PASSED] - delay: Delayed 5 second(s)

2018-12-08 16:14:11 - [MESSAGE][PASSED] - Delayed 5 second(s)

2018-12-08 16:14:11 - [TEST_STEP][PASSED] - selectOptionByValue: All options with value '2' are selected in object 'Object Repository/reg as schoool/gender' 

2018-12-08 16:14:11 - [MESSAGE][PASSED] - All options with value '2' are selected in object 'Object Repository/reg as schoool/gender' 

2018-12-08 16:14:11 - [TEST_STEP][PASSED] - delay: Delayed 5 second(s)

2018-12-08 16:14:16 - [MESSAGE][PASSED] - Delayed 5 second(s)

2018-12-08 16:14:16 - [TEST_STEP][PASSED] - setText: Text '12345' is set on object 'Object Repository/reg as schoool/fees'

2018-12-08 16:14:16 - [MESSAGE][PASSED] - Text '12345' is set on object 'Object Repository/reg as schoool/fees'

2018-12-08 16:14:16 - [TEST_STEP][PASSED] - delay: Delayed 5 second(s)

2018-12-08 16:14:21 - [MESSAGE][PASSED] - Delayed 5 second(s)

2018-12-08 16:14:21 - [TEST_STEP][PASSED] - setText: Text '100' is set on object 'Object Repository/reg as schoool/capacity'

2018-12-08 16:14:21 - [MESSAGE][PASSED] - Text '100' is set on object 'Object Repository/reg as schoool/capacity'

2018-12-08 16:14:21 - [TEST_STEP][PASSED] - delay: Delayed 5 second(s)

2018-12-08 16:14:26 - [MESSAGE][PASSED] - Delayed 5 second(s)

2018-12-08 16:14:26 - [TEST_STEP][PASSED] - setText: Text '100' is set on object 'Object Repository/reg as schoool/rooms'

2018-12-08 16:14:27 - [MESSAGE][PASSED] - Text '100' is set on object 'Object Repository/reg as schoool/rooms'

2018-12-08 16:14:27 - [TEST_STEP][PASSED] - delay: Delayed 5 second(s)

2018-12-08 16:14:32 - [MESSAGE][PASSED] - Delayed 5 second(s)

2018-12-08 16:14:32 - [TEST_STEP][PASSED] - setText: Text '100' is set on object 'Object Repository/reg as schoool/labs'

2018-12-08 16:14:32 - [MESSAGE][PASSED] - Text '100' is set on object 'Object Repository/reg as schoool/labs'

2018-12-08 16:14:32 - [TEST_STEP][PASSED] - delay: Delayed 5 second(s)

2018-12-08 16:14:37 - [MESSAGE][PASSED] - Delayed 5 second(s)

2018-12-08 16:14:37 - [TEST_STEP][PASSED] - setText: Text '100' is set on object 'Object Repository/reg as schoool/playground'

2018-12-08 16:14:37 - [MESSAGE][PASSED] - Text '100' is set on object 'Object Repository/reg as schoool/playground'

2018-12-08 16:14:37 - [TEST_STEP][PASSED] - delay: Delayed 5 second(s)

2018-12-08 16:14:42 - [MESSAGE][PASSED] - Delayed 5 second(s)

2018-12-08 16:14:42 - [TEST_STEP][PASSED] - setText: Text '100' is set on object 'Object Repository/reg as schoool/teachers'

2018-12-08 16:14:42 - [MESSAGE][PASSED] - Text '100' is set on object 'Object Repository/reg as schoool/teachers'

2018-12-08 16:14:42 - [TEST_STEP][PASSED] - delay: Delayed 5 second(s)

2018-12-08 16:14:47 - [MESSAGE][PASSED] - Delayed 5 second(s)

2018-12-08 16:14:47 - [TEST_STEP][PASSED] - setText: Text '10' is set on object 'Object Repository/reg as schoool/longitude'

2018-12-08 16:14:47 - [MESSAGE][PASSED] - Text '10' is set on object 'Object Repository/reg as schoool/longitude'

2018-12-08 16:14:47 - [TEST_STEP][PASSED] - delay: Delayed 5 second(s)

2018-12-08 16:14:52 - [MESSAGE][PASSED] - Delayed 5 second(s)

2018-12-08 16:14:52 - [TEST_STEP][PASSED] - setText: Text '10' is set on object 'Object Repository/reg as schoool/latitude'

2018-12-08 16:14:53 - [MESSAGE][PASSED] - Text '10' is set on object 'Object Repository/reg as schoool/latitude'

2018-12-08 16:14:53 - [TEST_STEP][PASSED] - delay: Delayed 5 second(s)

2018-12-08 16:14:58 - [MESSAGE][PASSED] - Delayed 5 second(s)

2018-12-08 16:14:58 - [TEST_STEP][PASSED] - setText: Text 'hb kbnkjn nnjjnkj' is set on object 'Object Repository/reg as schoool/message'

2018-12-08 16:14:58 - [MESSAGE][PASSED] - Text 'hb kbnkjn nnjjnkj' is set on object 'Object Repository/reg as schoool/message'

2018-12-08 16:14:58 - [TEST_STEP][PASSED] - delay: Delayed 5 second(s)

2018-12-08 16:15:03 - [MESSAGE][PASSED] - Delayed 5 second(s)

2018-12-08 16:15:03 - [TEST_STEP][PASSED] - setText: Text 'kldln njlnflnd lnvld nldvnl kndlsknv' is set on object 'Object Repository/reg as schoool/description'

2018-12-08 16:15:04 - [MESSAGE][PASSED] - Text 'kldln njlnflnd lnvld nldvnl kndlsknv' is set on object 'Object Repository/reg as schoool/description'

2018-12-08 16:15:04 - [TEST_STEP][PASSED] - delay: Delayed 5 second(s)

2018-12-08 16:15:09 - [MESSAGE][PASSED] - Delayed 5 second(s)

2018-12-08 16:15:09 - [TEST_STEP][PASSED] - setText: Text 'sndj nkjSNDJLVN NJnvla jhnvj nvkjn' is set on object 'Object Repository/reg as schoool/vision'

2018-12-08 16:15:10 - [MESSAGE][PASSED] - Text 'sndj nkjSNDJLVN NJnvla jhnvj nvkjn' is set on object 'Object Repository/reg as schoool/vision'

2018-12-08 16:15:10 - [TEST_STEP][PASSED] - delay: Delayed 5 second(s)

2018-12-08 16:15:15 - [MESSAGE][PASSED] - Delayed 5 second(s)

2018-12-08 16:15:15 - [TEST_STEP][PASSED] - click: Object: 'Object Repository/reg as schoool/submit' is clicked on

2018-12-08 16:15:18 - [MESSAGE][PASSED] - Object: 'Object Repository/reg as schoool/submit' is clicked on

2018-12-08 16:15:18 - [TEST_STEP][PASSED] - delay: Delayed 5 second(s)

2018-12-08 16:15:23 - [MESSAGE][PASSED] - Delayed 5 second(s)

2018-12-08 16:15:23 - [TEST_STEP][PASSED] - delay: Delayed 5 second(s)

2018-12-08 16:15:28 - [MESSAGE][PASSED] - Delayed 5 second(s)

2018-12-08 16:15:28 - [TEST_STEP][NOT_RUN] - verifyElementPresent: NOT_RUN: verifyElementPresent

2018-12-08 16:15:28 - [MESSAGE][NOT_RUN] - NOT_RUN: verifyElementPresent]]></system-out>
         <system-err><![CDATA[]]></system-err>
      </testcase>
      <testcase name="Test Cases/Final/logout" classname="Test Cases/Final/logout" status="PASSED">
         <system-out><![CDATA[2018-12-08 16:15:28 - [TEST_CASE][PASSED] - Test Cases/Final/logout: Test Cases/Final/logout

2018-12-08 16:15:28 - [TEST_STEP][NOT_RUN] - openBrowser: NOT_RUN: openBrowser

2018-12-08 16:15:28 - [MESSAGE][NOT_RUN] - NOT_RUN: openBrowser

2018-12-08 16:15:28 - [TEST_STEP][NOT_RUN] - maximizeWindow: NOT_RUN: maximizeWindow

2018-12-08 16:15:28 - [MESSAGE][NOT_RUN] - NOT_RUN: maximizeWindow

2018-12-08 16:15:28 - [TEST_STEP][NOT_RUN] - navigateToUrl: NOT_RUN: navigateToUrl

2018-12-08 16:15:28 - [MESSAGE][NOT_RUN] - NOT_RUN: navigateToUrl

2018-12-08 16:15:28 - [TEST_STEP][NOT_RUN] - delay: NOT_RUN: delay

2018-12-08 16:15:28 - [MESSAGE][NOT_RUN] - NOT_RUN: delay

2018-12-08 16:15:28 - [TEST_STEP][NOT_RUN] - click: NOT_RUN: click

2018-12-08 16:15:28 - [MESSAGE][NOT_RUN] - NOT_RUN: click

2018-12-08 16:15:28 - [TEST_STEP][NOT_RUN] - delay: NOT_RUN: delay

2018-12-08 16:15:28 - [MESSAGE][NOT_RUN] - NOT_RUN: delay

2018-12-08 16:15:28 - [TEST_STEP][NOT_RUN] - setText: NOT_RUN: setText

2018-12-08 16:15:28 - [MESSAGE][NOT_RUN] - NOT_RUN: setText

2018-12-08 16:15:28 - [TEST_STEP][NOT_RUN] - delay: NOT_RUN: delay

2018-12-08 16:15:28 - [MESSAGE][NOT_RUN] - NOT_RUN: delay

2018-12-08 16:15:28 - [TEST_STEP][NOT_RUN] - setText: NOT_RUN: setText

2018-12-08 16:15:28 - [MESSAGE][NOT_RUN] - NOT_RUN: setText

2018-12-08 16:15:28 - [TEST_STEP][NOT_RUN] - delay: NOT_RUN: delay

2018-12-08 16:15:28 - [MESSAGE][NOT_RUN] - NOT_RUN: delay

2018-12-08 16:15:28 - [TEST_STEP][NOT_RUN] - click: NOT_RUN: click

2018-12-08 16:15:28 - [MESSAGE][NOT_RUN] - NOT_RUN: click

2018-12-08 16:15:28 - [TEST_STEP][NOT_RUN] - delay: NOT_RUN: delay

2018-12-08 16:15:28 - [MESSAGE][NOT_RUN] - NOT_RUN: delay

2018-12-08 16:15:28 - [TEST_STEP][PASSED] - click: Object: 'Object Repository/HomeScreen/profile_icon' is clicked on

2018-12-08 16:15:28 - [MESSAGE][PASSED] - Object: 'Object Repository/HomeScreen/profile_icon' is clicked on

2018-12-08 16:15:28 - [TEST_STEP][PASSED] - delay: Delayed 5 second(s)

2018-12-08 16:15:33 - [MESSAGE][PASSED] - Delayed 5 second(s)

2018-12-08 16:15:33 - [TEST_STEP][PASSED] - click: Object: 'Object Repository/HomeScreen/logout_button' is clicked on

2018-12-08 16:15:46 - [MESSAGE][PASSED] - Object: 'Object Repository/HomeScreen/logout_button' is clicked on]]></system-out>
         <system-err><![CDATA[]]></system-err>
      </testcase>
      <testcase name="Test Cases/Final/add_event" classname="Test Cases/Final/add_event" status="FAILED">
         <failure type="FAILED" message="(Stack trace: com.kms.katalon.core.exception.StepFailedException: Unable to click on object 'Object Repository/add_event/addevent_btn' (Root cause: com.kms.katalon.core.webui.exception.WebElementNotFoundException: Web element with id: 'Object Repository/add_event/addevent_btn' located by 'By.xpath: /html/body/div[2]/div/div/div[8]/div/a' not found)
	at com.kms.katalon.core.keyword.internal.KeywordMain.stepFailed(KeywordMain.groovy:36)
	at com.kms.katalon.core.webui.keyword.internal.WebUIKeywordMain.stepFailed(WebUIKeywordMain.groovy:65)
	at com.kms.katalon.core.webui.keyword.internal.WebUIKeywordMain.runKeyword(WebUIKeywordMain.groovy:27)
	at com.kms.katalon.core.webui.keyword.builtin.ClickKeyword.click(ClickKeyword.groovy:86)
	at com.kms.katalon.core.webui.keyword.builtin.ClickKeyword.execute(ClickKeyword.groovy:67)
	at com.kms.katalon.core.keyword.internal.KeywordExecutor.executeKeywordForPlatform(KeywordExecutor.groovy:53)
	at com.kms.katalon.core.webui.keyword.WebUiBuiltInKeywords.click(WebUiBuiltInKeywords.groovy:616)
	at com.kms.katalon.core.webui.keyword.WebUiBuiltInKeywords$click$4.call(Unknown Source)
	at org.codehaus.groovy.runtime.callsite.CallSiteArray.defaultCall(CallSiteArray.java:48)
	at org.codehaus.groovy.runtime.callsite.AbstractCallSite.call(AbstractCallSite.java:113)
	at org.codehaus.groovy.runtime.callsite.AbstractCallSite.call(AbstractCallSite.java:125)
	at Script1543747815236.run(Script1543747815236.groovy:40)
	at com.kms.katalon.core.main.ScriptEngine.run(ScriptEngine.java:183)
	at com.kms.katalon.core.main.ScriptEngine.runScriptAsRawText(ScriptEngine.java:108)
	at com.kms.katalon.core.main.TestCaseExecutor.runScript(TestCaseExecutor.java:294)
	at com.kms.katalon.core.main.TestCaseExecutor.doExecute(TestCaseExecutor.java:285)
	at com.kms.katalon.core.main.TestCaseExecutor.processExecutionPhase(TestCaseExecutor.java:264)
	at com.kms.katalon.core.main.TestCaseExecutor.accessMainPhase(TestCaseExecutor.java:256)
	at com.kms.katalon.core.main.TestCaseExecutor.execute(TestCaseExecutor.java:200)
	at com.kms.katalon.core.main.TestSuiteExecutor.accessTestCaseMainPhase(TestSuiteExecutor.java:129)
	at com.kms.katalon.core.main.TestSuiteExecutor.accessTestSuiteMainPhase(TestSuiteExecutor.java:112)
	at com.kms.katalon.core.main.TestSuiteExecutor.execute(TestSuiteExecutor.java:81)
	at com.kms.katalon.core.main.TestCaseMain.startTestSuite(TestCaseMain.java:142)
	at com.kms.katalon.core.main.TestCaseMain$startTestSuite$0.call(Unknown Source)
	at org.codehaus.groovy.runtime.callsite.CallSiteArray.defaultCall(CallSiteArray.java:48)
	at org.codehaus.groovy.runtime.callsite.AbstractCallSite.call(AbstractCallSite.java:113)
	at org.codehaus.groovy.runtime.callsite.AbstractCallSite.call(AbstractCallSite.java:141)
	at TempTestSuite1544278360736.run(TempTestSuite1544278360736.groovy:36)
	at groovy.lang.GroovyShell.runScriptOrMainOrTestOrRunnable(GroovyShell.java:263)
	at groovy.lang.GroovyShell.run(GroovyShell.java:518)
	at groovy.lang.GroovyShell.run(GroovyShell.java:507)
	at groovy.ui.GroovyMain.processOnce(GroovyMain.java:653)
	at groovy.ui.GroovyMain.run(GroovyMain.java:384)
	at groovy.ui.GroovyMain.process(GroovyMain.java:370)
	at groovy.ui.GroovyMain.processArgs(GroovyMain.java:129)
	at groovy.ui.GroovyMain.main(GroovyMain.java:109)
	at sun.reflect.NativeMethodAccessorImpl.invoke0(Native Method)
	at sun.reflect.NativeMethodAccessorImpl.invoke(NativeMethodAccessorImpl.java:62)
	at sun.reflect.DelegatingMethodAccessorImpl.invoke(DelegatingMethodAccessorImpl.java:43)
	at java.lang.reflect.Method.invoke(Method.java:498)
	at org.codehaus.groovy.tools.GroovyStarter.rootLoader(GroovyStarter.java:109)
	at org.codehaus.groovy.tools.GroovyStarter.main(GroovyStarter.java:131)
)"/>
         <system-out><![CDATA[2018-12-08 16:15:46 - [TEST_CASE][FAILED] - Test Cases/Final/add_event: Test Cases/Final/add_event FAILED because (of) (Stack trace: com.kms.katalon.core.exception.StepFailedException: Unable to click on object 'Object Repository/add_event/addevent_btn' (Root cause: com.kms.katalon.core.webui.exception.WebElementNotFoundException: Web element with id: 'Object Repository/add_event/addevent_btn' located by 'By.xpath: /html/body/div[2]/div/div/div[8]/div/a' not found)
	at com.kms.katalon.core.keyword.internal.KeywordMain.stepFailed(KeywordMain.groovy:36)
	at com.kms.katalon.core.webui.keyword.internal.WebUIKeywordMain.stepFailed(WebUIKeywordMain.groovy:65)
	at com.kms.katalon.core.webui.keyword.internal.WebUIKeywordMain.runKeyword(WebUIKeywordMain.groovy:27)
	at com.kms.katalon.core.webui.keyword.builtin.ClickKeyword.click(ClickKeyword.groovy:86)
	at com.kms.katalon.core.webui.keyword.builtin.ClickKeyword.execute(ClickKeyword.groovy:67)
	at com.kms.katalon.core.keyword.internal.KeywordExecutor.executeKeywordForPlatform(KeywordExecutor.groovy:53)
	at com.kms.katalon.core.webui.keyword.WebUiBuiltInKeywords.click(WebUiBuiltInKeywords.groovy:616)
	at com.kms.katalon.core.webui.keyword.WebUiBuiltInKeywords$click$4.call(Unknown Source)
	at org.codehaus.groovy.runtime.callsite.CallSiteArray.defaultCall(CallSiteArray.java:48)
	at org.codehaus.groovy.runtime.callsite.AbstractCallSite.call(AbstractCallSite.java:113)
	at org.codehaus.groovy.runtime.callsite.AbstractCallSite.call(AbstractCallSite.java:125)
	at Script1543747815236.run(Script1543747815236.groovy:40)
	at com.kms.katalon.core.main.ScriptEngine.run(ScriptEngine.java:183)
	at com.kms.katalon.core.main.ScriptEngine.runScriptAsRawText(ScriptEngine.java:108)
	at com.kms.katalon.core.main.TestCaseExecutor.runScript(TestCaseExecutor.java:294)
	at com.kms.katalon.core.main.TestCaseExecutor.doExecute(TestCaseExecutor.java:285)
	at com.kms.katalon.core.main.TestCaseExecutor.processExecutionPhase(TestCaseExecutor.java:264)
	at com.kms.katalon.core.main.TestCaseExecutor.accessMainPhase(TestCaseExecutor.java:256)
	at com.kms.katalon.core.main.TestCaseExecutor.execute(TestCaseExecutor.java:200)
	at com.kms.katalon.core.main.TestSuiteExecutor.accessTestCaseMainPhase(TestSuiteExecutor.java:129)
	at com.kms.katalon.core.main.TestSuiteExecutor.accessTestSuiteMainPhase(TestSuiteExecutor.java:112)
	at com.kms.katalon.core.main.TestSuiteExecutor.execute(TestSuiteExecutor.java:81)
	at com.kms.katalon.core.main.TestCaseMain.startTestSuite(TestCaseMain.java:142)
	at com.kms.katalon.core.main.TestCaseMain$startTestSuite$0.call(Unknown Source)
	at org.codehaus.groovy.runtime.callsite.CallSiteArray.defaultCall(CallSiteArray.java:48)
	at org.codehaus.groovy.runtime.callsite.AbstractCallSite.call(AbstractCallSite.java:113)
	at org.codehaus.groovy.runtime.callsite.AbstractCallSite.call(AbstractCallSite.java:141)
	at TempTestSuite1544278360736.run(TempTestSuite1544278360736.groovy:36)
	at groovy.lang.GroovyShell.runScriptOrMainOrTestOrRunnable(GroovyShell.java:263)
	at groovy.lang.GroovyShell.run(GroovyShell.java:518)
	at groovy.lang.GroovyShell.run(GroovyShell.java:507)
	at groovy.ui.GroovyMain.processOnce(GroovyMain.java:653)
	at groovy.ui.GroovyMain.run(GroovyMain.java:384)
	at groovy.ui.GroovyMain.process(GroovyMain.java:370)
	at groovy.ui.GroovyMain.processArgs(GroovyMain.java:129)
	at groovy.ui.GroovyMain.main(GroovyMain.java:109)
	at sun.reflect.NativeMethodAccessorImpl.invoke0(Native Method)
	at sun.reflect.NativeMethodAccessorImpl.invoke(NativeMethodAccessorImpl.java:62)
	at sun.reflect.DelegatingMethodAccessorImpl.invoke(DelegatingMethodAccessorImpl.java:43)
	at java.lang.reflect.Method.invoke(Method.java:498)
	at org.codehaus.groovy.tools.GroovyStarter.rootLoader(GroovyStarter.java:109)
	at org.codehaus.groovy.tools.GroovyStarter.main(GroovyStarter.java:131)
)

2018-12-08 16:15:46 - [TEST_STEP][NOT_RUN] - openBrowser: NOT_RUN: openBrowser

2018-12-08 16:15:46 - [MESSAGE][NOT_RUN] - NOT_RUN: openBrowser

2018-12-08 16:15:46 - [TEST_STEP][NOT_RUN] - delay: NOT_RUN: delay

2018-12-08 16:15:46 - [MESSAGE][NOT_RUN] - NOT_RUN: delay

2018-12-08 16:15:46 - [TEST_STEP][NOT_RUN] - maximizeWindow: NOT_RUN: maximizeWindow

2018-12-08 16:15:46 - [MESSAGE][NOT_RUN] - NOT_RUN: maximizeWindow

2018-12-08 16:15:46 - [TEST_STEP][PASSED] - delay: Delayed 3 second(s)

2018-12-08 16:15:49 - [MESSAGE][PASSED] - Delayed 3 second(s)

2018-12-08 16:15:49 - [TEST_STEP][PASSED] - navigateToUrl: Navigate to 'http://www.schooolz.com' successfully

2018-12-08 16:16:44 - [MESSAGE][PASSED] - Navigate to 'http://www.schooolz.com' successfully

2018-12-08 16:16:44 - [TEST_STEP][NOT_RUN] - delay: NOT_RUN: delay

2018-12-08 16:16:44 - [MESSAGE][NOT_RUN] - NOT_RUN: delay

2018-12-08 16:16:44 - [TEST_STEP][PASSED] - click: Object: 'Object Repository/add_event/login_btn' is clicked on

2018-12-08 16:16:44 - [MESSAGE][PASSED] - Object: 'Object Repository/add_event/login_btn' is clicked on

2018-12-08 16:16:44 - [TEST_STEP][PASSED] - delay: Delayed 3 second(s)

2018-12-08 16:16:47 - [MESSAGE][PASSED] - Delayed 3 second(s)

2018-12-08 16:16:47 - [TEST_STEP][PASSED] - setText: Text 'yahaschool@yahoo.com' is set on object 'Object Repository/add_event/username'

2018-12-08 16:16:47 - [MESSAGE][PASSED] - Text 'yahaschool@yahoo.com' is set on object 'Object Repository/add_event/username'

2018-12-08 16:16:47 - [TEST_STEP][PASSED] - setText: Text '123456' is set on object 'Object Repository/add_event/password'

2018-12-08 16:16:48 - [MESSAGE][PASSED] - Text '123456' is set on object 'Object Repository/add_event/password'

2018-12-08 16:16:48 - [TEST_STEP][PASSED] - click: Object: 'Object Repository/add_event/register_btn' is clicked on

2018-12-08 16:16:50 - [MESSAGE][PASSED] - Object: 'Object Repository/add_event/register_btn' is clicked on

2018-12-08 16:16:50 - [TEST_STEP][PASSED] - click: Object: 'Object Repository/event_btn' is clicked on

2018-12-08 16:16:52 - [MESSAGE][PASSED] - Object: 'Object Repository/event_btn' is clicked on

2018-12-08 16:16:52 - [TEST_STEP][FAILED] - click: Unable to click on object 'Object Repository/add_event/addevent_btn' (Root cause: com.kms.katalon.core.webui.exception.WebElementNotFoundException: Web element with id: 'Object Repository/add_event/addevent_btn' located by 'By.xpath: /html/body/div[2]/div/div/div[8]/div/a' not found)

2018-12-08 16:17:23 - [MESSAGE][FAILED] - Unable to click on object 'Object Repository/add_event/addevent_btn' (Root cause: com.kms.katalon.core.webui.exception.WebElementNotFoundException: Web element with id: 'Object Repository/add_event/addevent_btn' located by 'By.xpath: /html/body/div[2]/div/div/div[8]/div/a' not found)
[[ATTACHMENT|C:\\Users\\M.Kamel\\git\\regression22\\Reports\\school can add event\\20181208_161240\\1544278643034.png]]]]></system-out>
         <system-err><![CDATA[2018-12-08 16:15:46 - [TEST_CASE][FAILED] - Test Cases/Final/add_event: Test Cases/Final/add_event FAILED because (of) (Stack trace: com.kms.katalon.core.exception.StepFailedException: Unable to click on object 'Object Repository/add_event/addevent_btn' (Root cause: com.kms.katalon.core.webui.exception.WebElementNotFoundException: Web element with id: 'Object Repository/add_event/addevent_btn' located by 'By.xpath: /html/body/div[2]/div/div/div[8]/div/a' not found)
	at com.kms.katalon.core.keyword.internal.KeywordMain.stepFailed(KeywordMain.groovy:36)
	at com.kms.katalon.core.webui.keyword.internal.WebUIKeywordMain.stepFailed(WebUIKeywordMain.groovy:65)
	at com.kms.katalon.core.webui.keyword.internal.WebUIKeywordMain.runKeyword(WebUIKeywordMain.groovy:27)
	at com.kms.katalon.core.webui.keyword.builtin.ClickKeyword.click(ClickKeyword.groovy:86)
	at com.kms.katalon.core.webui.keyword.builtin.ClickKeyword.execute(ClickKeyword.groovy:67)
	at com.kms.katalon.core.keyword.internal.KeywordExecutor.executeKeywordForPlatform(KeywordExecutor.groovy:53)
	at com.kms.katalon.core.webui.keyword.WebUiBuiltInKeywords.click(WebUiBuiltInKeywords.groovy:616)
	at com.kms.katalon.core.webui.keyword.WebUiBuiltInKeywords$click$4.call(Unknown Source)
	at org.codehaus.groovy.runtime.callsite.CallSiteArray.defaultCall(CallSiteArray.java:48)
	at org.codehaus.groovy.runtime.callsite.AbstractCallSite.call(AbstractCallSite.java:113)
	at org.codehaus.groovy.runtime.callsite.AbstractCallSite.call(AbstractCallSite.java:125)
	at Script1543747815236.run(Script1543747815236.groovy:40)
	at com.kms.katalon.core.main.ScriptEngine.run(ScriptEngine.java:183)
	at com.kms.katalon.core.main.ScriptEngine.runScriptAsRawText(ScriptEngine.java:108)
	at com.kms.katalon.core.main.TestCaseExecutor.runScript(TestCaseExecutor.java:294)
	at com.kms.katalon.core.main.TestCaseExecutor.doExecute(TestCaseExecutor.java:285)
	at com.kms.katalon.core.main.TestCaseExecutor.processExecutionPhase(TestCaseExecutor.java:264)
	at com.kms.katalon.core.main.TestCaseExecutor.accessMainPhase(TestCaseExecutor.java:256)
	at com.kms.katalon.core.main.TestCaseExecutor.execute(TestCaseExecutor.java:200)
	at com.kms.katalon.core.main.TestSuiteExecutor.accessTestCaseMainPhase(TestSuiteExecutor.java:129)
	at com.kms.katalon.core.main.TestSuiteExecutor.accessTestSuiteMainPhase(TestSuiteExecutor.java:112)
	at com.kms.katalon.core.main.TestSuiteExecutor.execute(TestSuiteExecutor.java:81)
	at com.kms.katalon.core.main.TestCaseMain.startTestSuite(TestCaseMain.java:142)
	at com.kms.katalon.core.main.TestCaseMain$startTestSuite$0.call(Unknown Source)
	at org.codehaus.groovy.runtime.callsite.CallSiteArray.defaultCall(CallSiteArray.java:48)
	at org.codehaus.groovy.runtime.callsite.AbstractCallSite.call(AbstractCallSite.java:113)
	at org.codehaus.groovy.runtime.callsite.AbstractCallSite.call(AbstractCallSite.java:141)
	at TempTestSuite1544278360736.run(TempTestSuite1544278360736.groovy:36)
	at groovy.lang.GroovyShell.runScriptOrMainOrTestOrRunnable(GroovyShell.java:263)
	at groovy.lang.GroovyShell.run(GroovyShell.java:518)
	at groovy.lang.GroovyShell.run(GroovyShell.java:507)
	at groovy.ui.GroovyMain.processOnce(GroovyMain.java:653)
	at groovy.ui.GroovyMain.run(GroovyMain.java:384)
	at groovy.ui.GroovyMain.process(GroovyMain.java:370)
	at groovy.ui.GroovyMain.processArgs(GroovyMain.java:129)
	at groovy.ui.GroovyMain.main(GroovyMain.java:109)
	at sun.reflect.NativeMethodAccessorImpl.invoke0(Native Method)
	at sun.reflect.NativeMethodAccessorImpl.invoke(NativeMethodAccessorImpl.java:62)
	at sun.reflect.DelegatingMethodAccessorImpl.invoke(DelegatingMethodAccessorImpl.java:43)
	at java.lang.reflect.Method.invoke(Method.java:498)
	at org.codehaus.groovy.tools.GroovyStarter.rootLoader(GroovyStarter.java:109)
	at org.codehaus.groovy.tools.GroovyStarter.main(GroovyStarter.java:131)
)]]></system-err>
      </testcase>
      <system-out><![CDATA[2018-12-08 16:12:42 - [TEST_SUITE][FAILED] - school can add event: Test Cases/Final/add_event FAILED because (of) (Stack trace: com.kms.katalon.core.exception.StepFailedException: Unable to click on object 'Object Repository/add_event/addevent_btn' (Root cause: com.kms.katalon.core.webui.exception.WebElementNotFoundException: Web element with id: 'Object Repository/add_event/addevent_btn' located by 'By.xpath: /html/body/div[2]/div/div/div[8]/div/a' not found)
	at com.kms.katalon.core.keyword.internal.KeywordMain.stepFailed(KeywordMain.groovy:36)
	at com.kms.katalon.core.webui.keyword.internal.WebUIKeywordMain.stepFailed(WebUIKeywordMain.groovy:65)
	at com.kms.katalon.core.webui.keyword.internal.WebUIKeywordMain.runKeyword(WebUIKeywordMain.groovy:27)
	at com.kms.katalon.core.webui.keyword.builtin.ClickKeyword.click(ClickKeyword.groovy:86)
	at com.kms.katalon.core.webui.keyword.builtin.ClickKeyword.execute(ClickKeyword.groovy:67)
	at com.kms.katalon.core.keyword.internal.KeywordExecutor.executeKeywordForPlatform(KeywordExecutor.groovy:53)
	at com.kms.katalon.core.webui.keyword.WebUiBuiltInKeywords.click(WebUiBuiltInKeywords.groovy:616)
	at com.kms.katalon.core.webui.keyword.WebUiBuiltInKeywords$click$4.call(Unknown Source)
	at org.codehaus.groovy.runtime.callsite.CallSiteArray.defaultCall(CallSiteArray.java:48)
	at org.codehaus.groovy.runtime.callsite.AbstractCallSite.call(AbstractCallSite.java:113)
	at org.codehaus.groovy.runtime.callsite.AbstractCallSite.call(AbstractCallSite.java:125)
	at Script1543747815236.run(Script1543747815236.groovy:40)
	at com.kms.katalon.core.main.ScriptEngine.run(ScriptEngine.java:183)
	at com.kms.katalon.core.main.ScriptEngine.runScriptAsRawText(ScriptEngine.java:108)
	at com.kms.katalon.core.main.TestCaseExecutor.runScript(TestCaseExecutor.java:294)
	at com.kms.katalon.core.main.TestCaseExecutor.doExecute(TestCaseExecutor.java:285)
	at com.kms.katalon.core.main.TestCaseExecutor.processExecutionPhase(TestCaseExecutor.java:264)
	at com.kms.katalon.core.main.TestCaseExecutor.accessMainPhase(TestCaseExecutor.java:256)
	at com.kms.katalon.core.main.TestCaseExecutor.execute(TestCaseExecutor.java:200)
	at com.kms.katalon.core.main.TestSuiteExecutor.accessTestCaseMainPhase(TestSuiteExecutor.java:129)
	at com.kms.katalon.core.main.TestSuiteExecutor.accessTestSuiteMainPhase(TestSuiteExecutor.java:112)
	at com.kms.katalon.core.main.TestSuiteExecutor.execute(TestSuiteExecutor.java:81)
	at com.kms.katalon.core.main.TestCaseMain.startTestSuite(TestCaseMain.java:142)
	at com.kms.katalon.core.main.TestCaseMain$startTestSuite$0.call(Unknown Source)
	at org.codehaus.groovy.runtime.callsite.CallSiteArray.defaultCall(CallSiteArray.java:48)
	at org.codehaus.groovy.runtime.callsite.AbstractCallSite.call(AbstractCallSite.java:113)
	at org.codehaus.groovy.runtime.callsite.AbstractCallSite.call(AbstractCallSite.java:141)
	at TempTestSuite1544278360736.run(TempTestSuite1544278360736.groovy:36)
	at groovy.lang.GroovyShell.runScriptOrMainOrTestOrRunnable(GroovyShell.java:263)
	at groovy.lang.GroovyShell.run(GroovyShell.java:518)
	at groovy.lang.GroovyShell.run(GroovyShell.java:507)
	at groovy.ui.GroovyMain.processOnce(GroovyMain.java:653)
	at groovy.ui.GroovyMain.run(GroovyMain.java:384)
	at groovy.ui.GroovyMain.process(GroovyMain.java:370)
	at groovy.ui.GroovyMain.processArgs(GroovyMain.java:129)
	at groovy.ui.GroovyMain.main(GroovyMain.java:109)
	at sun.reflect.NativeMethodAccessorImpl.invoke0(Native Method)
	at sun.reflect.NativeMethodAccessorImpl.invoke(NativeMethodAccessorImpl.java:62)
	at sun.reflect.DelegatingMethodAccessorImpl.invoke(DelegatingMethodAccessorImpl.java:43)
	at java.lang.reflect.Method.invoke(Method.java:498)
	at org.codehaus.groovy.tools.GroovyStarter.rootLoader(GroovyStarter.java:109)
	at org.codehaus.groovy.tools.GroovyStarter.main(GroovyStarter.java:131)
)]]></system-out>
      <system-err><![CDATA[2018-12-08 16:12:42 - [TEST_SUITE][FAILED] - school can add event: Test Cases/Final/add_event FAILED because (of) (Stack trace: com.kms.katalon.core.exception.StepFailedException: Unable to click on object 'Object Repository/add_event/addevent_btn' (Root cause: com.kms.katalon.core.webui.exception.WebElementNotFoundException: Web element with id: 'Object Repository/add_event/addevent_btn' located by 'By.xpath: /html/body/div[2]/div/div/div[8]/div/a' not found)
	at com.kms.katalon.core.keyword.internal.KeywordMain.stepFailed(KeywordMain.groovy:36)
	at com.kms.katalon.core.webui.keyword.internal.WebUIKeywordMain.stepFailed(WebUIKeywordMain.groovy:65)
	at com.kms.katalon.core.webui.keyword.internal.WebUIKeywordMain.runKeyword(WebUIKeywordMain.groovy:27)
	at com.kms.katalon.core.webui.keyword.builtin.ClickKeyword.click(ClickKeyword.groovy:86)
	at com.kms.katalon.core.webui.keyword.builtin.ClickKeyword.execute(ClickKeyword.groovy:67)
	at com.kms.katalon.core.keyword.internal.KeywordExecutor.executeKeywordForPlatform(KeywordExecutor.groovy:53)
	at com.kms.katalon.core.webui.keyword.WebUiBuiltInKeywords.click(WebUiBuiltInKeywords.groovy:616)
	at com.kms.katalon.core.webui.keyword.WebUiBuiltInKeywords$click$4.call(Unknown Source)
	at org.codehaus.groovy.runtime.callsite.CallSiteArray.defaultCall(CallSiteArray.java:48)
	at org.codehaus.groovy.runtime.callsite.AbstractCallSite.call(AbstractCallSite.java:113)
	at org.codehaus.groovy.runtime.callsite.AbstractCallSite.call(AbstractCallSite.java:125)
	at Script1543747815236.run(Script1543747815236.groovy:40)
	at com.kms.katalon.core.main.ScriptEngine.run(ScriptEngine.java:183)
	at com.kms.katalon.core.main.ScriptEngine.runScriptAsRawText(ScriptEngine.java:108)
	at com.kms.katalon.core.main.TestCaseExecutor.runScript(TestCaseExecutor.java:294)
	at com.kms.katalon.core.main.TestCaseExecutor.doExecute(TestCaseExecutor.java:285)
	at com.kms.katalon.core.main.TestCaseExecutor.processExecutionPhase(TestCaseExecutor.java:264)
	at com.kms.katalon.core.main.TestCaseExecutor.accessMainPhase(TestCaseExecutor.java:256)
	at com.kms.katalon.core.main.TestCaseExecutor.execute(TestCaseExecutor.java:200)
	at com.kms.katalon.core.main.TestSuiteExecutor.accessTestCaseMainPhase(TestSuiteExecutor.java:129)
	at com.kms.katalon.core.main.TestSuiteExecutor.accessTestSuiteMainPhase(TestSuiteExecutor.java:112)
	at com.kms.katalon.core.main.TestSuiteExecutor.execute(TestSuiteExecutor.java:81)
	at com.kms.katalon.core.main.TestCaseMain.startTestSuite(TestCaseMain.java:142)
	at com.kms.katalon.core.main.TestCaseMain$startTestSuite$0.call(Unknown Source)
	at org.codehaus.groovy.runtime.callsite.CallSiteArray.defaultCall(CallSiteArray.java:48)
	at org.codehaus.groovy.runtime.callsite.AbstractCallSite.call(AbstractCallSite.java:113)
	at org.codehaus.groovy.runtime.callsite.AbstractCallSite.call(AbstractCallSite.java:141)
	at TempTestSuite1544278360736.run(TempTestSuite1544278360736.groovy:36)
	at groovy.lang.GroovyShell.runScriptOrMainOrTestOrRunnable(GroovyShell.java:263)
	at groovy.lang.GroovyShell.run(GroovyShell.java:518)
	at groovy.lang.GroovyShell.run(GroovyShell.java:507)
	at groovy.ui.GroovyMain.processOnce(GroovyMain.java:653)
	at groovy.ui.GroovyMain.run(GroovyMain.java:384)
	at groovy.ui.GroovyMain.process(GroovyMain.java:370)
	at groovy.ui.GroovyMain.processArgs(GroovyMain.java:129)
	at groovy.ui.GroovyMain.main(GroovyMain.java:109)
	at sun.reflect.NativeMethodAccessorImpl.invoke0(Native Method)
	at sun.reflect.NativeMethodAccessorImpl.invoke(NativeMethodAccessorImpl.java:62)
	at sun.reflect.DelegatingMethodAccessorImpl.invoke(DelegatingMethodAccessorImpl.java:43)
	at java.lang.reflect.Method.invoke(Method.java:498)
	at org.codehaus.groovy.tools.GroovyStarter.rootLoader(GroovyStarter.java:109)
	at org.codehaus.groovy.tools.GroovyStarter.main(GroovyStarter.java:131)
)]]></system-err>
   </testsuite>
</testsuites>
