<?xml version="1.0" encoding="UTF-8"?>
<testsuites name="school can add event" time="205" tests="2" failures="2" errors="0">
   <testsuite name="school can add event" tests="2" failures="2" errors="0" time="205" timestamp="2018-12-03 12:58:47" hostname="M.Kamel - 10.1.210.199" id="Test Suites/school can add event">
      <properties>
         <property name="deviceName" value=""/>
         <property name="devicePlatform" value=""/>
         <property name="logFolder" value="C:\\Users\\M.Kamel\\git\\regression22\\Reports\\school can add event\\20181203_125845"/>
         <property name="logFiles" value="C:\\Users\\M.Kamel\\git\\regression22\\Reports\\school can add event\\20181203_125845\\execution0.log"/>
         <property name="attachments" value="C:\\Users\\M.Kamel\\git\\regression22\\Reports\\school can add event\\20181203_125845\\1543834800798.png, C:\\Users\\M.Kamel\\git\\regression22\\Reports\\school can add event\\20181203_125845\\1543834801278.png, C:\\Users\\M.Kamel\\git\\regression22\\Reports\\school can add event\\20181203_125845\\1543834931392.png"/>
         <property name="hostName" value="M.Kamel - 10.1.210.199"/>
         <property name="os" value="Windows 10 64bit"/>
         <property name="katalonVersion" value="5.8.6.1"/>
         <property name="browser" value="Chrome 70.0.3538.110"/>
         <property name="hostAddress" value="10.1.210.199"/>
         <property name="sessionId" value="dadba6031e50fef5e287046c88ff078d"/>
         <property name="seleniumVersion" value="3.7.1"/>
         <property name="proxyInformation" value="ProxyInformation{proxyOption=NO_PROXY, proxyServerType=HTTP, password=, proxyServerAddress=, proxyServerPort=0}"/>
         <property name="platform" value="Windows 10"/>
      </properties>
      <testcase name="Test Cases/Final/reg as school" classname="Test Cases/Final/reg as school" status="FAILED">
         <failure type="FAILED" message="(Stack trace: com.kms.katalon.core.exception.StepFailedException: Unable to verify object 'Object Repository/reg as schoool/success_msg' is present (Root cause: com.kms.katalon.core.webui.exception.WebElementNotFoundException: Web element with id: 'Object Repository/reg as schoool/success_msg' located by 'By.xpath: /html/body/div[2]/div/p' not found)
	at com.kms.katalon.core.keyword.internal.KeywordMain.stepFailed(KeywordMain.groovy:36)
	at com.kms.katalon.core.webui.keyword.internal.WebUIKeywordMain.stepFailed(WebUIKeywordMain.groovy:65)
	at com.kms.katalon.core.webui.keyword.internal.WebUIKeywordMain.runKeyword(WebUIKeywordMain.groovy:27)
	at com.kms.katalon.core.webui.keyword.builtin.VerifyElementPresentKeyword.verifyElementPresent(VerifyElementPresentKeyword.groovy:92)
	at com.kms.katalon.core.webui.keyword.builtin.VerifyElementPresentKeyword.execute(VerifyElementPresentKeyword.groovy:68)
	at com.kms.katalon.core.keyword.internal.KeywordExecutor.executeKeywordForPlatform(KeywordExecutor.groovy:53)
	at com.kms.katalon.core.webui.keyword.WebUiBuiltInKeywords.verifyElementPresent(WebUiBuiltInKeywords.groovy:1434)
	at com.kms.katalon.core.webui.keyword.WebUiBuiltInKeywords$verifyElementPresent$6.call(Unknown Source)
	at org.codehaus.groovy.runtime.callsite.CallSiteArray.defaultCall(CallSiteArray.java:48)
	at org.codehaus.groovy.runtime.callsite.AbstractCallSite.call(AbstractCallSite.java:113)
	at org.codehaus.groovy.runtime.callsite.AbstractCallSite.call(AbstractCallSite.java:133)
	at Script1543747818339.run(Script1543747818339.groovy:103)
	at com.kms.katalon.core.main.ScriptEngine.run(ScriptEngine.java:183)
	at com.kms.katalon.core.main.ScriptEngine.runScriptAsRawText(ScriptEngine.java:108)
	at com.kms.katalon.core.main.TestCaseExecutor.runScript(TestCaseExecutor.java:294)
	at com.kms.katalon.core.main.TestCaseExecutor.doExecute(TestCaseExecutor.java:285)
	at com.kms.katalon.core.main.TestCaseExecutor.processExecutionPhase(TestCaseExecutor.java:264)
	at com.kms.katalon.core.main.TestCaseExecutor.accessMainPhase(TestCaseExecutor.java:256)
	at com.kms.katalon.core.main.TestCaseExecutor.execute(TestCaseExecutor.java:200)
	at com.kms.katalon.core.main.TestSuiteExecutor.accessTestCaseMainPhase(TestSuiteExecutor.java:129)
	at com.kms.katalon.core.main.TestSuiteExecutor.accessTestSuiteMainPhase(TestSuiteExecutor.java:112)
	at com.kms.katalon.core.main.TestSuiteExecutor.execute(TestSuiteExecutor.java:81)
	at com.kms.katalon.core.main.TestCaseMain.startTestSuite(TestCaseMain.java:142)
	at com.kms.katalon.core.main.TestCaseMain$startTestSuite$0.call(Unknown Source)
	at org.codehaus.groovy.runtime.callsite.CallSiteArray.defaultCall(CallSiteArray.java:48)
	at org.codehaus.groovy.runtime.callsite.AbstractCallSite.call(AbstractCallSite.java:113)
	at org.codehaus.groovy.runtime.callsite.AbstractCallSite.call(AbstractCallSite.java:141)
	at TempTestSuite1543834725723.run(TempTestSuite1543834725723.groovy:36)
	at groovy.lang.GroovyShell.runScriptOrMainOrTestOrRunnable(GroovyShell.java:263)
	at groovy.lang.GroovyShell.run(GroovyShell.java:518)
	at groovy.lang.GroovyShell.run(GroovyShell.java:507)
	at groovy.ui.GroovyMain.processOnce(GroovyMain.java:653)
	at groovy.ui.GroovyMain.run(GroovyMain.java:384)
	at groovy.ui.GroovyMain.process(GroovyMain.java:370)
	at groovy.ui.GroovyMain.processArgs(GroovyMain.java:129)
	at groovy.ui.GroovyMain.main(GroovyMain.java:109)
	at sun.reflect.NativeMethodAccessorImpl.invoke0(Native Method)
	at sun.reflect.NativeMethodAccessorImpl.invoke(NativeMethodAccessorImpl.java:62)
	at sun.reflect.DelegatingMethodAccessorImpl.invoke(DelegatingMethodAccessorImpl.java:43)
	at java.lang.reflect.Method.invoke(Method.java:498)
	at org.codehaus.groovy.tools.GroovyStarter.rootLoader(GroovyStarter.java:109)
	at org.codehaus.groovy.tools.GroovyStarter.main(GroovyStarter.java:131)
)"/>
         <system-out><![CDATA[2018-12-03 12:58:47 - [TEST_CASE][FAILED] - Test Cases/Final/reg as school: Test Cases/Final/reg as school FAILED because (of) (Stack trace: com.kms.katalon.core.exception.StepFailedException: Unable to verify object 'Object Repository/reg as schoool/success_msg' is present (Root cause: com.kms.katalon.core.webui.exception.WebElementNotFoundException: Web element with id: 'Object Repository/reg as schoool/success_msg' located by 'By.xpath: /html/body/div[2]/div/p' not found)
	at com.kms.katalon.core.keyword.internal.KeywordMain.stepFailed(KeywordMain.groovy:36)
	at com.kms.katalon.core.webui.keyword.internal.WebUIKeywordMain.stepFailed(WebUIKeywordMain.groovy:65)
	at com.kms.katalon.core.webui.keyword.internal.WebUIKeywordMain.runKeyword(WebUIKeywordMain.groovy:27)
	at com.kms.katalon.core.webui.keyword.builtin.VerifyElementPresentKeyword.verifyElementPresent(VerifyElementPresentKeyword.groovy:92)
	at com.kms.katalon.core.webui.keyword.builtin.VerifyElementPresentKeyword.execute(VerifyElementPresentKeyword.groovy:68)
	at com.kms.katalon.core.keyword.internal.KeywordExecutor.executeKeywordForPlatform(KeywordExecutor.groovy:53)
	at com.kms.katalon.core.webui.keyword.WebUiBuiltInKeywords.verifyElementPresent(WebUiBuiltInKeywords.groovy:1434)
	at com.kms.katalon.core.webui.keyword.WebUiBuiltInKeywords$verifyElementPresent$6.call(Unknown Source)
	at org.codehaus.groovy.runtime.callsite.CallSiteArray.defaultCall(CallSiteArray.java:48)
	at org.codehaus.groovy.runtime.callsite.AbstractCallSite.call(AbstractCallSite.java:113)
	at org.codehaus.groovy.runtime.callsite.AbstractCallSite.call(AbstractCallSite.java:133)
	at Script1543747818339.run(Script1543747818339.groovy:103)
	at com.kms.katalon.core.main.ScriptEngine.run(ScriptEngine.java:183)
	at com.kms.katalon.core.main.ScriptEngine.runScriptAsRawText(ScriptEngine.java:108)
	at com.kms.katalon.core.main.TestCaseExecutor.runScript(TestCaseExecutor.java:294)
	at com.kms.katalon.core.main.TestCaseExecutor.doExecute(TestCaseExecutor.java:285)
	at com.kms.katalon.core.main.TestCaseExecutor.processExecutionPhase(TestCaseExecutor.java:264)
	at com.kms.katalon.core.main.TestCaseExecutor.accessMainPhase(TestCaseExecutor.java:256)
	at com.kms.katalon.core.main.TestCaseExecutor.execute(TestCaseExecutor.java:200)
	at com.kms.katalon.core.main.TestSuiteExecutor.accessTestCaseMainPhase(TestSuiteExecutor.java:129)
	at com.kms.katalon.core.main.TestSuiteExecutor.accessTestSuiteMainPhase(TestSuiteExecutor.java:112)
	at com.kms.katalon.core.main.TestSuiteExecutor.execute(TestSuiteExecutor.java:81)
	at com.kms.katalon.core.main.TestCaseMain.startTestSuite(TestCaseMain.java:142)
	at com.kms.katalon.core.main.TestCaseMain$startTestSuite$0.call(Unknown Source)
	at org.codehaus.groovy.runtime.callsite.CallSiteArray.defaultCall(CallSiteArray.java:48)
	at org.codehaus.groovy.runtime.callsite.AbstractCallSite.call(AbstractCallSite.java:113)
	at org.codehaus.groovy.runtime.callsite.AbstractCallSite.call(AbstractCallSite.java:141)
	at TempTestSuite1543834725723.run(TempTestSuite1543834725723.groovy:36)
	at groovy.lang.GroovyShell.runScriptOrMainOrTestOrRunnable(GroovyShell.java:263)
	at groovy.lang.GroovyShell.run(GroovyShell.java:518)
	at groovy.lang.GroovyShell.run(GroovyShell.java:507)
	at groovy.ui.GroovyMain.processOnce(GroovyMain.java:653)
	at groovy.ui.GroovyMain.run(GroovyMain.java:384)
	at groovy.ui.GroovyMain.process(GroovyMain.java:370)
	at groovy.ui.GroovyMain.processArgs(GroovyMain.java:129)
	at groovy.ui.GroovyMain.main(GroovyMain.java:109)
	at sun.reflect.NativeMethodAccessorImpl.invoke0(Native Method)
	at sun.reflect.NativeMethodAccessorImpl.invoke(NativeMethodAccessorImpl.java:62)
	at sun.reflect.DelegatingMethodAccessorImpl.invoke(DelegatingMethodAccessorImpl.java:43)
	at java.lang.reflect.Method.invoke(Method.java:498)
	at org.codehaus.groovy.tools.GroovyStarter.rootLoader(GroovyStarter.java:109)
	at org.codehaus.groovy.tools.GroovyStarter.main(GroovyStarter.java:131)
)

2018-12-03 12:58:47 - [TEST_STEP][PASSED] - openBrowser: Browser is opened with url: ''

2018-12-03 12:58:51 - [MESSAGE][PASSED] - Browser is opened with url: ''

2018-12-03 12:58:51 - [TEST_STEP][PASSED] - maximizeWindow: Current window maximized

2018-12-03 12:58:52 - [MESSAGE][PASSED] - Current window maximized

2018-12-03 12:58:52 - [TEST_STEP][PASSED] - navigateToUrl: Navigate to 'https://www.schooolz.com/school/create' successfully

2018-12-03 12:58:56 - [MESSAGE][PASSED] - Navigate to 'https://www.schooolz.com/school/create' successfully

2018-12-03 12:58:56 - [TEST_STEP][NOT_RUN] - delay: NOT_RUN: delay

2018-12-03 12:58:56 - [MESSAGE][NOT_RUN] - NOT_RUN: delay

2018-12-03 12:58:56 - [TEST_STEP][PASSED] - setText: Text 'oooooo' is set on object 'Object Repository/reg as schoool/school_name'

2018-12-03 12:58:56 - [MESSAGE][PASSED] - Text 'oooooo' is set on object 'Object Repository/reg as schoool/school_name'

2018-12-03 12:58:56 - [TEST_STEP][PASSED] - setText: Text 'ppppppppp' is set on object 'Object Repository/reg as schoool/uname_txt'

2018-12-03 12:58:57 - [MESSAGE][PASSED] - Text 'ppppppppp' is set on object 'Object Repository/reg as schoool/uname_txt'

2018-12-03 12:58:57 - [TEST_STEP][PASSED] - setText: Text 'www@yahoo.com' is set on object 'Object Repository/reg as schoool/email_txt'

2018-12-03 12:58:57 - [MESSAGE][PASSED] - Text 'www@yahoo.com' is set on object 'Object Repository/reg as schoool/email_txt'

2018-12-03 12:58:57 - [TEST_STEP][PASSED] - setText: Text '123456789' is set on object 'Object Repository/reg as schoool/password_txt'

2018-12-03 12:58:58 - [MESSAGE][PASSED] - Text '123456789' is set on object 'Object Repository/reg as schoool/password_txt'

2018-12-03 12:58:58 - [TEST_STEP][PASSED] - setText: Text '123456789' is set on object 'Object Repository/reg as schoool/confirm pass_txt'

2018-12-03 12:58:58 - [MESSAGE][PASSED] - Text '123456789' is set on object 'Object Repository/reg as schoool/confirm pass_txt'

2018-12-03 12:58:58 - [TEST_STEP][PASSED] - setText: Text '1234567890' is set on object 'Object Repository/reg as schoool/phone_txt'

2018-12-03 12:58:59 - [MESSAGE][PASSED] - Text '1234567890' is set on object 'Object Repository/reg as schoool/phone_txt'

2018-12-03 12:58:59 - [TEST_STEP][PASSED] - selectOptionByValue: All options with value '1' are selected in object 'Object Repository/reg as schoool/country_dropdown menu' 

2018-12-03 12:58:59 - [MESSAGE][PASSED] - All options with value '1' are selected in object 'Object Repository/reg as schoool/country_dropdown menu' 

2018-12-03 12:58:59 - [TEST_STEP][PASSED] - delay: Delayed 3 second(s)

2018-12-03 12:59:02 - [MESSAGE][PASSED] - Delayed 3 second(s)

2018-12-03 12:59:02 - [TEST_STEP][PASSED] - selectOptionByValue: All options with value '1' are selected in object 'Object Repository/reg as schoool/city_dropdown menu' 

2018-12-03 12:59:02 - [MESSAGE][PASSED] - All options with value '1' are selected in object 'Object Repository/reg as schoool/city_dropdown menu' 

2018-12-03 12:59:02 - [TEST_STEP][PASSED] - delay: Delayed 3 second(s)

2018-12-03 12:59:05 - [MESSAGE][PASSED] - Delayed 3 second(s)

2018-12-03 12:59:05 - [TEST_STEP][PASSED] - selectOptionByValue: All options with value '8' are selected in object 'Object Repository/reg as schoool/region_dropdown menu' 

2018-12-03 12:59:05 - [MESSAGE][PASSED] - All options with value '8' are selected in object 'Object Repository/reg as schoool/region_dropdown menu' 

2018-12-03 12:59:05 - [TEST_STEP][PASSED] - selectOptionByValue: All options with value 'السبت' are selected in object 'Object Repository/reg as schoool/week starting_dropdown menu' 

2018-12-03 12:59:05 - [MESSAGE][PASSED] - All options with value 'السبت' are selected in object 'Object Repository/reg as schoool/week starting_dropdown menu' 

2018-12-03 12:59:05 - [TEST_STEP][PASSED] - selectOptionByValue: All options with value 'الخميس' are selected in object 'Object Repository/reg as schoool/ending week_dropdown menu' 

2018-12-03 12:59:06 - [MESSAGE][PASSED] - All options with value 'الخميس' are selected in object 'Object Repository/reg as schoool/ending week_dropdown menu' 

2018-12-03 12:59:06 - [TEST_STEP][PASSED] - setText: Text '01:00AM' is set on object 'Object Repository/reg as schoool/starting time_txt'

2018-12-03 12:59:06 - [MESSAGE][PASSED] - Text '01:00AM' is set on object 'Object Repository/reg as schoool/starting time_txt'

2018-12-03 12:59:06 - [TEST_STEP][PASSED] - setText: Text '10:00PM' is set on object 'Object Repository/reg as schoool/ending time_txt'

2018-12-03 12:59:06 - [MESSAGE][PASSED] - Text '10:00PM' is set on object 'Object Repository/reg as schoool/ending time_txt'

2018-12-03 12:59:06 - [TEST_STEP][PASSED] - setText: Text 'heliopli square' is set on object 'Object Repository/reg as schoool/school address_txt'

2018-12-03 12:59:07 - [MESSAGE][PASSED] - Text 'heliopli square' is set on object 'Object Repository/reg as schoool/school address_txt'

2018-12-03 12:59:07 - [TEST_STEP][PASSED] - setText: Text '12345678912' is set on object 'Object Repository/reg as schoool/fax_txt'

2018-12-03 12:59:07 - [MESSAGE][PASSED] - Text '12345678912' is set on object 'Object Repository/reg as schoool/fax_txt'

2018-12-03 12:59:07 - [TEST_STEP][PASSED] - setText: Text 'https://www.facebook.com/aaaaa.52056223' is set on object 'Object Repository/reg as schoool/school_facebook'

2018-12-03 12:59:08 - [MESSAGE][PASSED] - Text 'https://www.facebook.com/aaaaa.52056223' is set on object 'Object Repository/reg as schoool/school_facebook'

2018-12-03 12:59:08 - [TEST_STEP][PASSED] - setText: Text 'https://www.twitter.com/aaaaa.52056223' is set on object 'Object Repository/reg as schoool/school_twitter'

2018-12-03 12:59:08 - [MESSAGE][PASSED] - Text 'https://www.twitter.com/aaaaa.52056223' is set on object 'Object Repository/reg as schoool/school_twitter'

2018-12-03 12:59:08 - [TEST_STEP][PASSED] - setText: Text 'https://www.instgram.com/aaaaa.52056223' is set on object 'Object Repository/reg as schoool/school_insta'

2018-12-03 12:59:09 - [MESSAGE][PASSED] - Text 'https://www.instgram.com/aaaaa.52056223' is set on object 'Object Repository/reg as schoool/school_insta'

2018-12-03 12:59:09 - [TEST_STEP][PASSED] - setText: Text 'https://www.linkedin.com/aaaaa.52056223' is set on object 'Object Repository/reg as schoool/school_linkedin'

2018-12-03 12:59:10 - [MESSAGE][PASSED] - Text 'https://www.linkedin.com/aaaaa.52056223' is set on object 'Object Repository/reg as schoool/school_linkedin'

2018-12-03 12:59:10 - [TEST_STEP][PASSED] - uploadFile: File 'C:\Users\M.Kamel\git\regression22\Data Files\1.jpg' sent to object: 'Object Repository/add_jobs/img'

2018-12-03 12:59:10 - [MESSAGE][PASSED] - File 'C:\Users\M.Kamel\git\regression22\Data Files\1.jpg' sent to object: 'Object Repository/add_jobs/img'

2018-12-03 12:59:10 - [TEST_STEP][PASSED] - selectOptionByValue: All options with value '1' are selected in object 'Object Repository/reg as schoool/school_activities' 

2018-12-03 12:59:10 - [MESSAGE][PASSED] - All options with value '1' are selected in object 'Object Repository/reg as schoool/school_activities' 

2018-12-03 12:59:10 - [TEST_STEP][PASSED] - selectOptionByValue: All options with value '1' are selected in object 'Object Repository/reg as schoool/school type_dropdown menu' 

2018-12-03 12:59:10 - [MESSAGE][PASSED] - All options with value '1' are selected in object 'Object Repository/reg as schoool/school type_dropdown menu' 

2018-12-03 12:59:10 - [TEST_STEP][PASSED] - selectOptionByValue: All options with value '1' are selected in object 'Object Repository/reg as schoool/category' 

2018-12-03 12:59:11 - [MESSAGE][PASSED] - All options with value '1' are selected in object 'Object Repository/reg as schoool/category' 

2018-12-03 12:59:11 - [TEST_STEP][PASSED] - selectOptionByValue: All options with value '2' are selected in object 'Object Repository/reg as schoool/gender' 

2018-12-03 12:59:11 - [MESSAGE][PASSED] - All options with value '2' are selected in object 'Object Repository/reg as schoool/gender' 

2018-12-03 12:59:11 - [TEST_STEP][PASSED] - setText: Text '12345' is set on object 'Object Repository/reg as schoool/fees'

2018-12-03 12:59:11 - [MESSAGE][PASSED] - Text '12345' is set on object 'Object Repository/reg as schoool/fees'

2018-12-03 12:59:11 - [TEST_STEP][PASSED] - setText: Text '100' is set on object 'Object Repository/reg as schoool/capacity'

2018-12-03 12:59:11 - [MESSAGE][PASSED] - Text '100' is set on object 'Object Repository/reg as schoool/capacity'

2018-12-03 12:59:11 - [TEST_STEP][PASSED] - setText: Text '100' is set on object 'Object Repository/reg as schoool/rooms'

2018-12-03 12:59:11 - [MESSAGE][PASSED] - Text '100' is set on object 'Object Repository/reg as schoool/rooms'

2018-12-03 12:59:11 - [TEST_STEP][PASSED] - setText: Text '100' is set on object 'Object Repository/reg as schoool/labs'

2018-12-03 12:59:12 - [MESSAGE][PASSED] - Text '100' is set on object 'Object Repository/reg as schoool/labs'

2018-12-03 12:59:12 - [TEST_STEP][PASSED] - setText: Text '100' is set on object 'Object Repository/reg as schoool/playground'

2018-12-03 12:59:12 - [MESSAGE][PASSED] - Text '100' is set on object 'Object Repository/reg as schoool/playground'

2018-12-03 12:59:12 - [TEST_STEP][PASSED] - setText: Text '100' is set on object 'Object Repository/reg as schoool/teachers'

2018-12-03 12:59:12 - [MESSAGE][PASSED] - Text '100' is set on object 'Object Repository/reg as schoool/teachers'

2018-12-03 12:59:12 - [TEST_STEP][PASSED] - setText: Text '10' is set on object 'Object Repository/reg as schoool/longitude'

2018-12-03 12:59:12 - [MESSAGE][PASSED] - Text '10' is set on object 'Object Repository/reg as schoool/longitude'

2018-12-03 12:59:12 - [TEST_STEP][PASSED] - setText: Text '10' is set on object 'Object Repository/reg as schoool/latitude'

2018-12-03 12:59:12 - [MESSAGE][PASSED] - Text '10' is set on object 'Object Repository/reg as schoool/latitude'

2018-12-03 12:59:12 - [TEST_STEP][PASSED] - setText: Text 'hb kbnkjn nnjjnkj' is set on object 'Object Repository/reg as schoool/message'

2018-12-03 12:59:13 - [MESSAGE][PASSED] - Text 'hb kbnkjn nnjjnkj' is set on object 'Object Repository/reg as schoool/message'

2018-12-03 12:59:13 - [TEST_STEP][PASSED] - setText: Text 'kldln njlnflnd lnvld nldvnl kndlsknv' is set on object 'Object Repository/reg as schoool/description'

2018-12-03 12:59:14 - [MESSAGE][PASSED] - Text 'kldln njlnflnd lnvld nldvnl kndlsknv' is set on object 'Object Repository/reg as schoool/description'

2018-12-03 12:59:14 - [TEST_STEP][PASSED] - setText: Text 'sndj nkjSNDJLVN NJnvla jhnvj nvkjn' is set on object 'Object Repository/reg as schoool/vision'

2018-12-03 12:59:15 - [MESSAGE][PASSED] - Text 'sndj nkjSNDJLVN NJnvla jhnvj nvkjn' is set on object 'Object Repository/reg as schoool/vision'

2018-12-03 12:59:15 - [TEST_STEP][PASSED] - click: Object: 'Object Repository/reg as schoool/submit' is clicked on

2018-12-03 12:59:24 - [MESSAGE][PASSED] - Object: 'Object Repository/reg as schoool/submit' is clicked on

2018-12-03 12:59:24 - [TEST_STEP][PASSED] - delay: Delayed 5 second(s)

2018-12-03 12:59:29 - [MESSAGE][PASSED] - Delayed 5 second(s)

2018-12-03 12:59:29 - [TEST_STEP][FAILED] - verifyElementPresent: Unable to verify object 'Object Repository/reg as schoool/success_msg' is present (Root cause: com.kms.katalon.core.webui.exception.WebElementNotFoundException: Web element with id: 'Object Repository/reg as schoool/success_msg' located by 'By.xpath: /html/body/div[2]/div/p' not found)

2018-12-03 12:59:29 - [MESSAGE][WARNING] - Timeout '0' is invalid. Using default page load timeout: '30'

2018-12-03 13:00:01 - [MESSAGE][FAILED] - com.kms.katalon.core.webui.exception.WebElementNotFoundException: Web element with id: 'Object Repository/reg as schoool/success_msg' located by 'By.xpath: /html/body/div[2]/div/p' not found
[[ATTACHMENT|C:\\Users\\M.Kamel\\git\\regression22\\Reports\\school can add event\\20181203_125845\\1543834800798.png]]

2018-12-03 13:00:01 - [MESSAGE][FAILED] - Unable to verify object 'Object Repository/reg as schoool/success_msg' is present (Root cause: com.kms.katalon.core.webui.exception.WebElementNotFoundException: Web element with id: 'Object Repository/reg as schoool/success_msg' located by 'By.xpath: /html/body/div[2]/div/p' not found)
[[ATTACHMENT|C:\\Users\\M.Kamel\\git\\regression22\\Reports\\school can add event\\20181203_125845\\1543834801278.png]]]]></system-out>
         <system-err><![CDATA[2018-12-03 12:58:47 - [TEST_CASE][FAILED] - Test Cases/Final/reg as school: Test Cases/Final/reg as school FAILED because (of) (Stack trace: com.kms.katalon.core.exception.StepFailedException: Unable to verify object 'Object Repository/reg as schoool/success_msg' is present (Root cause: com.kms.katalon.core.webui.exception.WebElementNotFoundException: Web element with id: 'Object Repository/reg as schoool/success_msg' located by 'By.xpath: /html/body/div[2]/div/p' not found)
	at com.kms.katalon.core.keyword.internal.KeywordMain.stepFailed(KeywordMain.groovy:36)
	at com.kms.katalon.core.webui.keyword.internal.WebUIKeywordMain.stepFailed(WebUIKeywordMain.groovy:65)
	at com.kms.katalon.core.webui.keyword.internal.WebUIKeywordMain.runKeyword(WebUIKeywordMain.groovy:27)
	at com.kms.katalon.core.webui.keyword.builtin.VerifyElementPresentKeyword.verifyElementPresent(VerifyElementPresentKeyword.groovy:92)
	at com.kms.katalon.core.webui.keyword.builtin.VerifyElementPresentKeyword.execute(VerifyElementPresentKeyword.groovy:68)
	at com.kms.katalon.core.keyword.internal.KeywordExecutor.executeKeywordForPlatform(KeywordExecutor.groovy:53)
	at com.kms.katalon.core.webui.keyword.WebUiBuiltInKeywords.verifyElementPresent(WebUiBuiltInKeywords.groovy:1434)
	at com.kms.katalon.core.webui.keyword.WebUiBuiltInKeywords$verifyElementPresent$6.call(Unknown Source)
	at org.codehaus.groovy.runtime.callsite.CallSiteArray.defaultCall(CallSiteArray.java:48)
	at org.codehaus.groovy.runtime.callsite.AbstractCallSite.call(AbstractCallSite.java:113)
	at org.codehaus.groovy.runtime.callsite.AbstractCallSite.call(AbstractCallSite.java:133)
	at Script1543747818339.run(Script1543747818339.groovy:103)
	at com.kms.katalon.core.main.ScriptEngine.run(ScriptEngine.java:183)
	at com.kms.katalon.core.main.ScriptEngine.runScriptAsRawText(ScriptEngine.java:108)
	at com.kms.katalon.core.main.TestCaseExecutor.runScript(TestCaseExecutor.java:294)
	at com.kms.katalon.core.main.TestCaseExecutor.doExecute(TestCaseExecutor.java:285)
	at com.kms.katalon.core.main.TestCaseExecutor.processExecutionPhase(TestCaseExecutor.java:264)
	at com.kms.katalon.core.main.TestCaseExecutor.accessMainPhase(TestCaseExecutor.java:256)
	at com.kms.katalon.core.main.TestCaseExecutor.execute(TestCaseExecutor.java:200)
	at com.kms.katalon.core.main.TestSuiteExecutor.accessTestCaseMainPhase(TestSuiteExecutor.java:129)
	at com.kms.katalon.core.main.TestSuiteExecutor.accessTestSuiteMainPhase(TestSuiteExecutor.java:112)
	at com.kms.katalon.core.main.TestSuiteExecutor.execute(TestSuiteExecutor.java:81)
	at com.kms.katalon.core.main.TestCaseMain.startTestSuite(TestCaseMain.java:142)
	at com.kms.katalon.core.main.TestCaseMain$startTestSuite$0.call(Unknown Source)
	at org.codehaus.groovy.runtime.callsite.CallSiteArray.defaultCall(CallSiteArray.java:48)
	at org.codehaus.groovy.runtime.callsite.AbstractCallSite.call(AbstractCallSite.java:113)
	at org.codehaus.groovy.runtime.callsite.AbstractCallSite.call(AbstractCallSite.java:141)
	at TempTestSuite1543834725723.run(TempTestSuite1543834725723.groovy:36)
	at groovy.lang.GroovyShell.runScriptOrMainOrTestOrRunnable(GroovyShell.java:263)
	at groovy.lang.GroovyShell.run(GroovyShell.java:518)
	at groovy.lang.GroovyShell.run(GroovyShell.java:507)
	at groovy.ui.GroovyMain.processOnce(GroovyMain.java:653)
	at groovy.ui.GroovyMain.run(GroovyMain.java:384)
	at groovy.ui.GroovyMain.process(GroovyMain.java:370)
	at groovy.ui.GroovyMain.processArgs(GroovyMain.java:129)
	at groovy.ui.GroovyMain.main(GroovyMain.java:109)
	at sun.reflect.NativeMethodAccessorImpl.invoke0(Native Method)
	at sun.reflect.NativeMethodAccessorImpl.invoke(NativeMethodAccessorImpl.java:62)
	at sun.reflect.DelegatingMethodAccessorImpl.invoke(DelegatingMethodAccessorImpl.java:43)
	at java.lang.reflect.Method.invoke(Method.java:498)
	at org.codehaus.groovy.tools.GroovyStarter.rootLoader(GroovyStarter.java:109)
	at org.codehaus.groovy.tools.GroovyStarter.main(GroovyStarter.java:131)
)]]></system-err>
      </testcase>
      <testcase name="Test Cases/Final/logout" classname="Test Cases/Final/logout" status="PASSED">
         <system-out><![CDATA[2018-12-03 13:00:01 - [TEST_CASE][PASSED] - Test Cases/Final/logout: Test Cases/Final/logout

2018-12-03 13:00:01 - [TEST_STEP][PASSED] - openBrowser: Browser is opened with url: ''

2018-12-03 13:00:01 - [MESSAGE][WARNING] - A browser is already opened. Closing browser and opening a new one

2018-12-03 13:00:04 - [MESSAGE][PASSED] - Browser is opened with url: ''

2018-12-03 13:00:04 - [TEST_STEP][PASSED] - maximizeWindow: Current window maximized

2018-12-03 13:00:05 - [MESSAGE][PASSED] - Current window maximized

2018-12-03 13:00:05 - [TEST_STEP][PASSED] - navigateToUrl: Navigate to 'https://www.schooolz.com' successfully

2018-12-03 13:00:16 - [MESSAGE][PASSED] - Navigate to 'https://www.schooolz.com' successfully

2018-12-03 13:00:16 - [TEST_STEP][PASSED] - delay: Delayed 5 second(s)

2018-12-03 13:00:21 - [MESSAGE][PASSED] - Delayed 5 second(s)

2018-12-03 13:00:21 - [TEST_STEP][PASSED] - click: Object: 'Object Repository/HomeScreen/login_btn' is clicked on

2018-12-03 13:00:26 - [MESSAGE][PASSED] - Object: 'Object Repository/HomeScreen/login_btn' is clicked on

2018-12-03 13:00:26 - [TEST_STEP][PASSED] - delay: Delayed 5 second(s)

2018-12-03 13:00:31 - [MESSAGE][PASSED] - Delayed 5 second(s)

2018-12-03 13:00:31 - [TEST_STEP][PASSED] - setText: Text 'student' is set on object 'Object Repository/HomeScreen/Username_txt'

2018-12-03 13:00:31 - [MESSAGE][PASSED] - Text 'student' is set on object 'Object Repository/HomeScreen/Username_txt'

2018-12-03 13:00:31 - [TEST_STEP][PASSED] - delay: Delayed 5 second(s)

2018-12-03 13:00:36 - [MESSAGE][PASSED] - Delayed 5 second(s)

2018-12-03 13:00:36 - [TEST_STEP][PASSED] - setText: Text '123456' is set on object 'Object Repository/HomeScreen/Password_txt'

2018-12-03 13:00:36 - [MESSAGE][PASSED] - Text '123456' is set on object 'Object Repository/HomeScreen/Password_txt'

2018-12-03 13:00:36 - [TEST_STEP][PASSED] - delay: Delayed 5 second(s)

2018-12-03 13:00:41 - [MESSAGE][PASSED] - Delayed 5 second(s)

2018-12-03 13:00:41 - [TEST_STEP][PASSED] - click: Object: 'Object Repository/HomeScreen/submit_btn' is clicked on

2018-12-03 13:00:48 - [MESSAGE][PASSED] - Object: 'Object Repository/HomeScreen/submit_btn' is clicked on

2018-12-03 13:00:48 - [TEST_STEP][PASSED] - delay: Delayed 5 second(s)

2018-12-03 13:00:53 - [MESSAGE][PASSED] - Delayed 5 second(s)

2018-12-03 13:00:53 - [TEST_STEP][PASSED] - click: Object: 'Object Repository/HomeScreen/profile_icon' is clicked on

2018-12-03 13:00:58 - [MESSAGE][PASSED] - Object: 'Object Repository/HomeScreen/profile_icon' is clicked on

2018-12-03 13:00:58 - [TEST_STEP][PASSED] - delay: Delayed 5 second(s)

2018-12-03 13:01:03 - [MESSAGE][PASSED] - Delayed 5 second(s)

2018-12-03 13:01:03 - [TEST_STEP][PASSED] - click: Object: 'Object Repository/HomeScreen/logout_button' is clicked on

2018-12-03 13:01:11 - [MESSAGE][PASSED] - Object: 'Object Repository/HomeScreen/logout_button' is clicked on]]></system-out>
         <system-err><![CDATA[]]></system-err>
      </testcase>
      <testcase name="Test Cases/Final/Login - school" classname="Test Cases/Final/Login - school" status="PASSED">
         <system-out><![CDATA[2018-12-03 13:01:11 - [TEST_CASE][PASSED] - Test Cases/Final/Login - school: Test Cases/Final/Login - school

2018-12-03 13:01:11 - [TEST_STEP][PASSED] - openBrowser: Browser is opened with url: ''

2018-12-03 13:01:11 - [MESSAGE][WARNING] - A browser is already opened. Closing browser and opening a new one

2018-12-03 13:01:14 - [MESSAGE][PASSED] - Browser is opened with url: ''

2018-12-03 13:01:14 - [TEST_STEP][PASSED] - maximizeWindow: Current window maximized

2018-12-03 13:01:15 - [MESSAGE][PASSED] - Current window maximized

2018-12-03 13:01:15 - [TEST_STEP][PASSED] - navigateToUrl: Navigate to 'https://www.schooolz.com' successfully

2018-12-03 13:01:24 - [MESSAGE][PASSED] - Navigate to 'https://www.schooolz.com' successfully

2018-12-03 13:01:24 - [TEST_STEP][PASSED] - delay: Delayed 10 second(s)

2018-12-03 13:01:34 - [MESSAGE][PASSED] - Delayed 10 second(s)

2018-12-03 13:01:34 - [TEST_STEP][PASSED] - click: Object: 'Object Repository/join to school/login_btn' is clicked on

2018-12-03 13:01:34 - [MESSAGE][PASSED] - Object: 'Object Repository/join to school/login_btn' is clicked on

2018-12-03 13:01:34 - [TEST_STEP][PASSED] - delay: Delayed 5 second(s)

2018-12-03 13:01:39 - [MESSAGE][PASSED] - Delayed 5 second(s)

2018-12-03 13:01:39 - [TEST_STEP][PASSED] - setText: Text 'yahaschool' is set on object 'Object Repository/join to school/UserName_txt'

2018-12-03 13:01:40 - [MESSAGE][PASSED] - Text 'yahaschool' is set on object 'Object Repository/join to school/UserName_txt'

2018-12-03 13:01:40 - [TEST_STEP][PASSED] - setText: Text '123456' is set on object 'Object Repository/join to school/UserPassword_txt'

2018-12-03 13:01:40 - [MESSAGE][PASSED] - Text '123456' is set on object 'Object Repository/join to school/UserPassword_txt'

2018-12-03 13:01:40 - [TEST_STEP][PASSED] - click: Object: 'Object Repository/join to school/register_btn' is clicked on

2018-12-03 13:01:42 - [MESSAGE][PASSED] - Object: 'Object Repository/join to school/register_btn' is clicked on]]></system-out>
         <system-err><![CDATA[]]></system-err>
      </testcase>
      <testcase name="Test Cases/Final/add_event" classname="Test Cases/Final/add_event" status="FAILED">
         <failure type="FAILED" message="(Stack trace: com.kms.katalon.core.exception.StepFailedException: Unable to select option by index '2' of object 'Object Repository/add_event/city' (Root cause: java.lang.IllegalArgumentException: Index '2' is invalid (valid indexes are: [0..0]))
	at com.kms.katalon.core.keyword.internal.KeywordMain.stepFailed(KeywordMain.groovy:36)
	at com.kms.katalon.core.webui.keyword.internal.WebUIKeywordMain.stepFailed(WebUIKeywordMain.groovy:65)
	at com.kms.katalon.core.webui.keyword.internal.WebUIKeywordMain.runKeyword(WebUIKeywordMain.groovy:27)
	at com.kms.katalon.core.webui.keyword.builtin.SelectOptionByIndexKeyword.selectOptionByIndex(SelectOptionByIndexKeyword.groovy:93)
	at com.kms.katalon.core.webui.keyword.builtin.SelectOptionByIndexKeyword.execute(SelectOptionByIndexKeyword.groovy:68)
	at com.kms.katalon.core.keyword.internal.KeywordExecutor.executeKeywordForPlatform(KeywordExecutor.groovy:53)
	at com.kms.katalon.core.webui.keyword.WebUiBuiltInKeywords.selectOptionByIndex(WebUiBuiltInKeywords.groovy:1084)
	at com.kms.katalon.core.webui.keyword.WebUiBuiltInKeywords$selectOptionByIndex$7.call(Unknown Source)
	at org.codehaus.groovy.runtime.callsite.CallSiteArray.defaultCall(CallSiteArray.java:48)
	at org.codehaus.groovy.runtime.callsite.AbstractCallSite.call(AbstractCallSite.java:113)
	at org.codehaus.groovy.runtime.callsite.AbstractCallSite.call(AbstractCallSite.java:141)
	at Script1543747815236.run(Script1543747815236.groovy:50)
	at com.kms.katalon.core.main.ScriptEngine.run(ScriptEngine.java:183)
	at com.kms.katalon.core.main.ScriptEngine.runScriptAsRawText(ScriptEngine.java:108)
	at com.kms.katalon.core.main.TestCaseExecutor.runScript(TestCaseExecutor.java:294)
	at com.kms.katalon.core.main.TestCaseExecutor.doExecute(TestCaseExecutor.java:285)
	at com.kms.katalon.core.main.TestCaseExecutor.processExecutionPhase(TestCaseExecutor.java:264)
	at com.kms.katalon.core.main.TestCaseExecutor.accessMainPhase(TestCaseExecutor.java:256)
	at com.kms.katalon.core.main.TestCaseExecutor.execute(TestCaseExecutor.java:200)
	at com.kms.katalon.core.main.TestSuiteExecutor.accessTestCaseMainPhase(TestSuiteExecutor.java:129)
	at com.kms.katalon.core.main.TestSuiteExecutor.accessTestSuiteMainPhase(TestSuiteExecutor.java:112)
	at com.kms.katalon.core.main.TestSuiteExecutor.execute(TestSuiteExecutor.java:81)
	at com.kms.katalon.core.main.TestCaseMain.startTestSuite(TestCaseMain.java:142)
	at com.kms.katalon.core.main.TestCaseMain$startTestSuite$0.call(Unknown Source)
	at org.codehaus.groovy.runtime.callsite.CallSiteArray.defaultCall(CallSiteArray.java:48)
	at org.codehaus.groovy.runtime.callsite.AbstractCallSite.call(AbstractCallSite.java:113)
	at org.codehaus.groovy.runtime.callsite.AbstractCallSite.call(AbstractCallSite.java:141)
	at TempTestSuite1543834725723.run(TempTestSuite1543834725723.groovy:36)
	at groovy.lang.GroovyShell.runScriptOrMainOrTestOrRunnable(GroovyShell.java:263)
	at groovy.lang.GroovyShell.run(GroovyShell.java:518)
	at groovy.lang.GroovyShell.run(GroovyShell.java:507)
	at groovy.ui.GroovyMain.processOnce(GroovyMain.java:653)
	at groovy.ui.GroovyMain.run(GroovyMain.java:384)
	at groovy.ui.GroovyMain.process(GroovyMain.java:370)
	at groovy.ui.GroovyMain.processArgs(GroovyMain.java:129)
	at groovy.ui.GroovyMain.main(GroovyMain.java:109)
	at sun.reflect.NativeMethodAccessorImpl.invoke0(Native Method)
	at sun.reflect.NativeMethodAccessorImpl.invoke(NativeMethodAccessorImpl.java:62)
	at sun.reflect.DelegatingMethodAccessorImpl.invoke(DelegatingMethodAccessorImpl.java:43)
	at java.lang.reflect.Method.invoke(Method.java:498)
	at org.codehaus.groovy.tools.GroovyStarter.rootLoader(GroovyStarter.java:109)
	at org.codehaus.groovy.tools.GroovyStarter.main(GroovyStarter.java:131)
)"/>
         <system-out><![CDATA[2018-12-03 13:01:42 - [TEST_CASE][FAILED] - Test Cases/Final/add_event: Test Cases/Final/add_event FAILED because (of) (Stack trace: com.kms.katalon.core.exception.StepFailedException: Unable to select option by index '2' of object 'Object Repository/add_event/city' (Root cause: java.lang.IllegalArgumentException: Index '2' is invalid (valid indexes are: [0..0]))
	at com.kms.katalon.core.keyword.internal.KeywordMain.stepFailed(KeywordMain.groovy:36)
	at com.kms.katalon.core.webui.keyword.internal.WebUIKeywordMain.stepFailed(WebUIKeywordMain.groovy:65)
	at com.kms.katalon.core.webui.keyword.internal.WebUIKeywordMain.runKeyword(WebUIKeywordMain.groovy:27)
	at com.kms.katalon.core.webui.keyword.builtin.SelectOptionByIndexKeyword.selectOptionByIndex(SelectOptionByIndexKeyword.groovy:93)
	at com.kms.katalon.core.webui.keyword.builtin.SelectOptionByIndexKeyword.execute(SelectOptionByIndexKeyword.groovy:68)
	at com.kms.katalon.core.keyword.internal.KeywordExecutor.executeKeywordForPlatform(KeywordExecutor.groovy:53)
	at com.kms.katalon.core.webui.keyword.WebUiBuiltInKeywords.selectOptionByIndex(WebUiBuiltInKeywords.groovy:1084)
	at com.kms.katalon.core.webui.keyword.WebUiBuiltInKeywords$selectOptionByIndex$7.call(Unknown Source)
	at org.codehaus.groovy.runtime.callsite.CallSiteArray.defaultCall(CallSiteArray.java:48)
	at org.codehaus.groovy.runtime.callsite.AbstractCallSite.call(AbstractCallSite.java:113)
	at org.codehaus.groovy.runtime.callsite.AbstractCallSite.call(AbstractCallSite.java:141)
	at Script1543747815236.run(Script1543747815236.groovy:50)
	at com.kms.katalon.core.main.ScriptEngine.run(ScriptEngine.java:183)
	at com.kms.katalon.core.main.ScriptEngine.runScriptAsRawText(ScriptEngine.java:108)
	at com.kms.katalon.core.main.TestCaseExecutor.runScript(TestCaseExecutor.java:294)
	at com.kms.katalon.core.main.TestCaseExecutor.doExecute(TestCaseExecutor.java:285)
	at com.kms.katalon.core.main.TestCaseExecutor.processExecutionPhase(TestCaseExecutor.java:264)
	at com.kms.katalon.core.main.TestCaseExecutor.accessMainPhase(TestCaseExecutor.java:256)
	at com.kms.katalon.core.main.TestCaseExecutor.execute(TestCaseExecutor.java:200)
	at com.kms.katalon.core.main.TestSuiteExecutor.accessTestCaseMainPhase(TestSuiteExecutor.java:129)
	at com.kms.katalon.core.main.TestSuiteExecutor.accessTestSuiteMainPhase(TestSuiteExecutor.java:112)
	at com.kms.katalon.core.main.TestSuiteExecutor.execute(TestSuiteExecutor.java:81)
	at com.kms.katalon.core.main.TestCaseMain.startTestSuite(TestCaseMain.java:142)
	at com.kms.katalon.core.main.TestCaseMain$startTestSuite$0.call(Unknown Source)
	at org.codehaus.groovy.runtime.callsite.CallSiteArray.defaultCall(CallSiteArray.java:48)
	at org.codehaus.groovy.runtime.callsite.AbstractCallSite.call(AbstractCallSite.java:113)
	at org.codehaus.groovy.runtime.callsite.AbstractCallSite.call(AbstractCallSite.java:141)
	at TempTestSuite1543834725723.run(TempTestSuite1543834725723.groovy:36)
	at groovy.lang.GroovyShell.runScriptOrMainOrTestOrRunnable(GroovyShell.java:263)
	at groovy.lang.GroovyShell.run(GroovyShell.java:518)
	at groovy.lang.GroovyShell.run(GroovyShell.java:507)
	at groovy.ui.GroovyMain.processOnce(GroovyMain.java:653)
	at groovy.ui.GroovyMain.run(GroovyMain.java:384)
	at groovy.ui.GroovyMain.process(GroovyMain.java:370)
	at groovy.ui.GroovyMain.processArgs(GroovyMain.java:129)
	at groovy.ui.GroovyMain.main(GroovyMain.java:109)
	at sun.reflect.NativeMethodAccessorImpl.invoke0(Native Method)
	at sun.reflect.NativeMethodAccessorImpl.invoke(NativeMethodAccessorImpl.java:62)
	at sun.reflect.DelegatingMethodAccessorImpl.invoke(DelegatingMethodAccessorImpl.java:43)
	at java.lang.reflect.Method.invoke(Method.java:498)
	at org.codehaus.groovy.tools.GroovyStarter.rootLoader(GroovyStarter.java:109)
	at org.codehaus.groovy.tools.GroovyStarter.main(GroovyStarter.java:131)
)

2018-12-03 13:01:42 - [TEST_STEP][PASSED] - openBrowser: Browser is opened with url: ''

2018-12-03 13:01:42 - [MESSAGE][WARNING] - A browser is already opened. Closing browser and opening a new one

2018-12-03 13:01:45 - [MESSAGE][PASSED] - Browser is opened with url: ''

2018-12-03 13:01:45 - [TEST_STEP][PASSED] - delay: Delayed 3 second(s)

2018-12-03 13:01:48 - [MESSAGE][PASSED] - Delayed 3 second(s)

2018-12-03 13:01:48 - [TEST_STEP][PASSED] - maximizeWindow: Current window maximized

2018-12-03 13:01:49 - [MESSAGE][PASSED] - Current window maximized

2018-12-03 13:01:49 - [TEST_STEP][PASSED] - delay: Delayed 3 second(s)

2018-12-03 13:01:52 - [MESSAGE][PASSED] - Delayed 3 second(s)

2018-12-03 13:01:52 - [TEST_STEP][PASSED] - navigateToUrl: Navigate to 'http://www.schooolz.com' successfully

2018-12-03 13:02:02 - [MESSAGE][PASSED] - Navigate to 'http://www.schooolz.com' successfully

2018-12-03 13:02:02 - [TEST_STEP][NOT_RUN] - delay: NOT_RUN: delay

2018-12-03 13:02:02 - [MESSAGE][NOT_RUN] - NOT_RUN: delay

2018-12-03 13:02:02 - [TEST_STEP][PASSED] - click: Object: 'Object Repository/add_event/login_btn' is clicked on

2018-12-03 13:02:02 - [MESSAGE][PASSED] - Object: 'Object Repository/add_event/login_btn' is clicked on

2018-12-03 13:02:02 - [TEST_STEP][PASSED] - delay: Delayed 3 second(s)

2018-12-03 13:02:05 - [MESSAGE][PASSED] - Delayed 3 second(s)

2018-12-03 13:02:05 - [TEST_STEP][PASSED] - setText: Text 'yahaschool' is set on object 'Object Repository/add_event/username'

2018-12-03 13:02:05 - [MESSAGE][PASSED] - Text 'yahaschool' is set on object 'Object Repository/add_event/username'

2018-12-03 13:02:05 - [TEST_STEP][PASSED] - setText: Text '123456' is set on object 'Object Repository/add_event/password'

2018-12-03 13:02:06 - [MESSAGE][PASSED] - Text '123456' is set on object 'Object Repository/add_event/password'

2018-12-03 13:02:06 - [TEST_STEP][PASSED] - click: Object: 'Object Repository/add_event/register_btn' is clicked on

2018-12-03 13:02:07 - [MESSAGE][PASSED] - Object: 'Object Repository/add_event/register_btn' is clicked on

2018-12-03 13:02:07 - [TEST_STEP][PASSED] - click: Object: 'Object Repository/event_btn' is clicked on

2018-12-03 13:02:09 - [MESSAGE][PASSED] - Object: 'Object Repository/event_btn' is clicked on

2018-12-03 13:02:09 - [TEST_STEP][PASSED] - click: Object: 'Object Repository/add_event/addevent_btn' is clicked on

2018-12-03 13:02:10 - [MESSAGE][PASSED] - Object: 'Object Repository/add_event/addevent_btn' is clicked on

2018-12-03 13:02:10 - [TEST_STEP][PASSED] - setText: Text 'esraa' is set on object 'Object Repository/add_event/name'

2018-12-03 13:02:10 - [MESSAGE][PASSED] - Text 'esraa' is set on object 'Object Repository/add_event/name'

2018-12-03 13:02:10 - [TEST_STEP][PASSED] - setText: Text '10/1/2019' is set on object 'Object Repository/add_event/event_statring'

2018-12-03 13:02:10 - [MESSAGE][PASSED] - Text '10/1/2019' is set on object 'Object Repository/add_event/event_statring'

2018-12-03 13:02:10 - [TEST_STEP][PASSED] - setText: Text '20/1/2019' is set on object 'Object Repository/add_event/event_ending'

2018-12-03 13:02:11 - [MESSAGE][PASSED] - Text '20/1/2019' is set on object 'Object Repository/add_event/event_ending'

2018-12-03 13:02:11 - [TEST_STEP][PASSED] - selectOptionByValue: All options with value '1' are selected in object 'Object Repository/add_event/country' 

2018-12-03 13:02:11 - [MESSAGE][PASSED] - All options with value '1' are selected in object 'Object Repository/add_event/country' 

2018-12-03 13:02:11 - [TEST_STEP][FAILED] - selectOptionByIndex: Unable to select option by index '2' of object 'Object Repository/add_event/city' (Root cause: java.lang.IllegalArgumentException: Index '2' is invalid (valid indexes are: [0..0]))

2018-12-03 13:02:11 - [MESSAGE][FAILED] - Unable to select option by index '2' of object 'Object Repository/add_event/city' (Root cause: java.lang.IllegalArgumentException: Index '2' is invalid (valid indexes are: [0..0]))
[[ATTACHMENT|C:\\Users\\M.Kamel\\git\\regression22\\Reports\\school can add event\\20181203_125845\\1543834931392.png]]]]></system-out>
         <system-err><![CDATA[2018-12-03 13:01:42 - [TEST_CASE][FAILED] - Test Cases/Final/add_event: Test Cases/Final/add_event FAILED because (of) (Stack trace: com.kms.katalon.core.exception.StepFailedException: Unable to select option by index '2' of object 'Object Repository/add_event/city' (Root cause: java.lang.IllegalArgumentException: Index '2' is invalid (valid indexes are: [0..0]))
	at com.kms.katalon.core.keyword.internal.KeywordMain.stepFailed(KeywordMain.groovy:36)
	at com.kms.katalon.core.webui.keyword.internal.WebUIKeywordMain.stepFailed(WebUIKeywordMain.groovy:65)
	at com.kms.katalon.core.webui.keyword.internal.WebUIKeywordMain.runKeyword(WebUIKeywordMain.groovy:27)
	at com.kms.katalon.core.webui.keyword.builtin.SelectOptionByIndexKeyword.selectOptionByIndex(SelectOptionByIndexKeyword.groovy:93)
	at com.kms.katalon.core.webui.keyword.builtin.SelectOptionByIndexKeyword.execute(SelectOptionByIndexKeyword.groovy:68)
	at com.kms.katalon.core.keyword.internal.KeywordExecutor.executeKeywordForPlatform(KeywordExecutor.groovy:53)
	at com.kms.katalon.core.webui.keyword.WebUiBuiltInKeywords.selectOptionByIndex(WebUiBuiltInKeywords.groovy:1084)
	at com.kms.katalon.core.webui.keyword.WebUiBuiltInKeywords$selectOptionByIndex$7.call(Unknown Source)
	at org.codehaus.groovy.runtime.callsite.CallSiteArray.defaultCall(CallSiteArray.java:48)
	at org.codehaus.groovy.runtime.callsite.AbstractCallSite.call(AbstractCallSite.java:113)
	at org.codehaus.groovy.runtime.callsite.AbstractCallSite.call(AbstractCallSite.java:141)
	at Script1543747815236.run(Script1543747815236.groovy:50)
	at com.kms.katalon.core.main.ScriptEngine.run(ScriptEngine.java:183)
	at com.kms.katalon.core.main.ScriptEngine.runScriptAsRawText(ScriptEngine.java:108)
	at com.kms.katalon.core.main.TestCaseExecutor.runScript(TestCaseExecutor.java:294)
	at com.kms.katalon.core.main.TestCaseExecutor.doExecute(TestCaseExecutor.java:285)
	at com.kms.katalon.core.main.TestCaseExecutor.processExecutionPhase(TestCaseExecutor.java:264)
	at com.kms.katalon.core.main.TestCaseExecutor.accessMainPhase(TestCaseExecutor.java:256)
	at com.kms.katalon.core.main.TestCaseExecutor.execute(TestCaseExecutor.java:200)
	at com.kms.katalon.core.main.TestSuiteExecutor.accessTestCaseMainPhase(TestSuiteExecutor.java:129)
	at com.kms.katalon.core.main.TestSuiteExecutor.accessTestSuiteMainPhase(TestSuiteExecutor.java:112)
	at com.kms.katalon.core.main.TestSuiteExecutor.execute(TestSuiteExecutor.java:81)
	at com.kms.katalon.core.main.TestCaseMain.startTestSuite(TestCaseMain.java:142)
	at com.kms.katalon.core.main.TestCaseMain$startTestSuite$0.call(Unknown Source)
	at org.codehaus.groovy.runtime.callsite.CallSiteArray.defaultCall(CallSiteArray.java:48)
	at org.codehaus.groovy.runtime.callsite.AbstractCallSite.call(AbstractCallSite.java:113)
	at org.codehaus.groovy.runtime.callsite.AbstractCallSite.call(AbstractCallSite.java:141)
	at TempTestSuite1543834725723.run(TempTestSuite1543834725723.groovy:36)
	at groovy.lang.GroovyShell.runScriptOrMainOrTestOrRunnable(GroovyShell.java:263)
	at groovy.lang.GroovyShell.run(GroovyShell.java:518)
	at groovy.lang.GroovyShell.run(GroovyShell.java:507)
	at groovy.ui.GroovyMain.processOnce(GroovyMain.java:653)
	at groovy.ui.GroovyMain.run(GroovyMain.java:384)
	at groovy.ui.GroovyMain.process(GroovyMain.java:370)
	at groovy.ui.GroovyMain.processArgs(GroovyMain.java:129)
	at groovy.ui.GroovyMain.main(GroovyMain.java:109)
	at sun.reflect.NativeMethodAccessorImpl.invoke0(Native Method)
	at sun.reflect.NativeMethodAccessorImpl.invoke(NativeMethodAccessorImpl.java:62)
	at sun.reflect.DelegatingMethodAccessorImpl.invoke(DelegatingMethodAccessorImpl.java:43)
	at java.lang.reflect.Method.invoke(Method.java:498)
	at org.codehaus.groovy.tools.GroovyStarter.rootLoader(GroovyStarter.java:109)
	at org.codehaus.groovy.tools.GroovyStarter.main(GroovyStarter.java:131)
)]]></system-err>
      </testcase>
      <system-out><![CDATA[2018-12-03 12:58:47 - [TEST_SUITE][FAILED] - school can add event: Test Cases/Final/reg as school FAILED because (of) (Stack trace: com.kms.katalon.core.exception.StepFailedException: Unable to verify object 'Object Repository/reg as schoool/success_msg' is present (Root cause: com.kms.katalon.core.webui.exception.WebElementNotFoundException: Web element with id: 'Object Repository/reg as schoool/success_msg' located by 'By.xpath: /html/body/div[2]/div/p' not found)
	at com.kms.katalon.core.keyword.internal.KeywordMain.stepFailed(KeywordMain.groovy:36)
	at com.kms.katalon.core.webui.keyword.internal.WebUIKeywordMain.stepFailed(WebUIKeywordMain.groovy:65)
	at com.kms.katalon.core.webui.keyword.internal.WebUIKeywordMain.runKeyword(WebUIKeywordMain.groovy:27)
	at com.kms.katalon.core.webui.keyword.builtin.VerifyElementPresentKeyword.verifyElementPresent(VerifyElementPresentKeyword.groovy:92)
	at com.kms.katalon.core.webui.keyword.builtin.VerifyElementPresentKeyword.execute(VerifyElementPresentKeyword.groovy:68)
	at com.kms.katalon.core.keyword.internal.KeywordExecutor.executeKeywordForPlatform(KeywordExecutor.groovy:53)
	at com.kms.katalon.core.webui.keyword.WebUiBuiltInKeywords.verifyElementPresent(WebUiBuiltInKeywords.groovy:1434)
	at com.kms.katalon.core.webui.keyword.WebUiBuiltInKeywords$verifyElementPresent$6.call(Unknown Source)
	at org.codehaus.groovy.runtime.callsite.CallSiteArray.defaultCall(CallSiteArray.java:48)
	at org.codehaus.groovy.runtime.callsite.AbstractCallSite.call(AbstractCallSite.java:113)
	at org.codehaus.groovy.runtime.callsite.AbstractCallSite.call(AbstractCallSite.java:133)
	at Script1543747818339.run(Script1543747818339.groovy:103)
	at com.kms.katalon.core.main.ScriptEngine.run(ScriptEngine.java:183)
	at com.kms.katalon.core.main.ScriptEngine.runScriptAsRawText(ScriptEngine.java:108)
	at com.kms.katalon.core.main.TestCaseExecutor.runScript(TestCaseExecutor.java:294)
	at com.kms.katalon.core.main.TestCaseExecutor.doExecute(TestCaseExecutor.java:285)
	at com.kms.katalon.core.main.TestCaseExecutor.processExecutionPhase(TestCaseExecutor.java:264)
	at com.kms.katalon.core.main.TestCaseExecutor.accessMainPhase(TestCaseExecutor.java:256)
	at com.kms.katalon.core.main.TestCaseExecutor.execute(TestCaseExecutor.java:200)
	at com.kms.katalon.core.main.TestSuiteExecutor.accessTestCaseMainPhase(TestSuiteExecutor.java:129)
	at com.kms.katalon.core.main.TestSuiteExecutor.accessTestSuiteMainPhase(TestSuiteExecutor.java:112)
	at com.kms.katalon.core.main.TestSuiteExecutor.execute(TestSuiteExecutor.java:81)
	at com.kms.katalon.core.main.TestCaseMain.startTestSuite(TestCaseMain.java:142)
	at com.kms.katalon.core.main.TestCaseMain$startTestSuite$0.call(Unknown Source)
	at org.codehaus.groovy.runtime.callsite.CallSiteArray.defaultCall(CallSiteArray.java:48)
	at org.codehaus.groovy.runtime.callsite.AbstractCallSite.call(AbstractCallSite.java:113)
	at org.codehaus.groovy.runtime.callsite.AbstractCallSite.call(AbstractCallSite.java:141)
	at TempTestSuite1543834725723.run(TempTestSuite1543834725723.groovy:36)
	at groovy.lang.GroovyShell.runScriptOrMainOrTestOrRunnable(GroovyShell.java:263)
	at groovy.lang.GroovyShell.run(GroovyShell.java:518)
	at groovy.lang.GroovyShell.run(GroovyShell.java:507)
	at groovy.ui.GroovyMain.processOnce(GroovyMain.java:653)
	at groovy.ui.GroovyMain.run(GroovyMain.java:384)
	at groovy.ui.GroovyMain.process(GroovyMain.java:370)
	at groovy.ui.GroovyMain.processArgs(GroovyMain.java:129)
	at groovy.ui.GroovyMain.main(GroovyMain.java:109)
	at sun.reflect.NativeMethodAccessorImpl.invoke0(Native Method)
	at sun.reflect.NativeMethodAccessorImpl.invoke(NativeMethodAccessorImpl.java:62)
	at sun.reflect.DelegatingMethodAccessorImpl.invoke(DelegatingMethodAccessorImpl.java:43)
	at java.lang.reflect.Method.invoke(Method.java:498)
	at org.codehaus.groovy.tools.GroovyStarter.rootLoader(GroovyStarter.java:109)
	at org.codehaus.groovy.tools.GroovyStarter.main(GroovyStarter.java:131)
)]]></system-out>
      <system-err><![CDATA[2018-12-03 12:58:47 - [TEST_SUITE][FAILED] - school can add event: Test Cases/Final/reg as school FAILED because (of) (Stack trace: com.kms.katalon.core.exception.StepFailedException: Unable to verify object 'Object Repository/reg as schoool/success_msg' is present (Root cause: com.kms.katalon.core.webui.exception.WebElementNotFoundException: Web element with id: 'Object Repository/reg as schoool/success_msg' located by 'By.xpath: /html/body/div[2]/div/p' not found)
	at com.kms.katalon.core.keyword.internal.KeywordMain.stepFailed(KeywordMain.groovy:36)
	at com.kms.katalon.core.webui.keyword.internal.WebUIKeywordMain.stepFailed(WebUIKeywordMain.groovy:65)
	at com.kms.katalon.core.webui.keyword.internal.WebUIKeywordMain.runKeyword(WebUIKeywordMain.groovy:27)
	at com.kms.katalon.core.webui.keyword.builtin.VerifyElementPresentKeyword.verifyElementPresent(VerifyElementPresentKeyword.groovy:92)
	at com.kms.katalon.core.webui.keyword.builtin.VerifyElementPresentKeyword.execute(VerifyElementPresentKeyword.groovy:68)
	at com.kms.katalon.core.keyword.internal.KeywordExecutor.executeKeywordForPlatform(KeywordExecutor.groovy:53)
	at com.kms.katalon.core.webui.keyword.WebUiBuiltInKeywords.verifyElementPresent(WebUiBuiltInKeywords.groovy:1434)
	at com.kms.katalon.core.webui.keyword.WebUiBuiltInKeywords$verifyElementPresent$6.call(Unknown Source)
	at org.codehaus.groovy.runtime.callsite.CallSiteArray.defaultCall(CallSiteArray.java:48)
	at org.codehaus.groovy.runtime.callsite.AbstractCallSite.call(AbstractCallSite.java:113)
	at org.codehaus.groovy.runtime.callsite.AbstractCallSite.call(AbstractCallSite.java:133)
	at Script1543747818339.run(Script1543747818339.groovy:103)
	at com.kms.katalon.core.main.ScriptEngine.run(ScriptEngine.java:183)
	at com.kms.katalon.core.main.ScriptEngine.runScriptAsRawText(ScriptEngine.java:108)
	at com.kms.katalon.core.main.TestCaseExecutor.runScript(TestCaseExecutor.java:294)
	at com.kms.katalon.core.main.TestCaseExecutor.doExecute(TestCaseExecutor.java:285)
	at com.kms.katalon.core.main.TestCaseExecutor.processExecutionPhase(TestCaseExecutor.java:264)
	at com.kms.katalon.core.main.TestCaseExecutor.accessMainPhase(TestCaseExecutor.java:256)
	at com.kms.katalon.core.main.TestCaseExecutor.execute(TestCaseExecutor.java:200)
	at com.kms.katalon.core.main.TestSuiteExecutor.accessTestCaseMainPhase(TestSuiteExecutor.java:129)
	at com.kms.katalon.core.main.TestSuiteExecutor.accessTestSuiteMainPhase(TestSuiteExecutor.java:112)
	at com.kms.katalon.core.main.TestSuiteExecutor.execute(TestSuiteExecutor.java:81)
	at com.kms.katalon.core.main.TestCaseMain.startTestSuite(TestCaseMain.java:142)
	at com.kms.katalon.core.main.TestCaseMain$startTestSuite$0.call(Unknown Source)
	at org.codehaus.groovy.runtime.callsite.CallSiteArray.defaultCall(CallSiteArray.java:48)
	at org.codehaus.groovy.runtime.callsite.AbstractCallSite.call(AbstractCallSite.java:113)
	at org.codehaus.groovy.runtime.callsite.AbstractCallSite.call(AbstractCallSite.java:141)
	at TempTestSuite1543834725723.run(TempTestSuite1543834725723.groovy:36)
	at groovy.lang.GroovyShell.runScriptOrMainOrTestOrRunnable(GroovyShell.java:263)
	at groovy.lang.GroovyShell.run(GroovyShell.java:518)
	at groovy.lang.GroovyShell.run(GroovyShell.java:507)
	at groovy.ui.GroovyMain.processOnce(GroovyMain.java:653)
	at groovy.ui.GroovyMain.run(GroovyMain.java:384)
	at groovy.ui.GroovyMain.process(GroovyMain.java:370)
	at groovy.ui.GroovyMain.processArgs(GroovyMain.java:129)
	at groovy.ui.GroovyMain.main(GroovyMain.java:109)
	at sun.reflect.NativeMethodAccessorImpl.invoke0(Native Method)
	at sun.reflect.NativeMethodAccessorImpl.invoke(NativeMethodAccessorImpl.java:62)
	at sun.reflect.DelegatingMethodAccessorImpl.invoke(DelegatingMethodAccessorImpl.java:43)
	at java.lang.reflect.Method.invoke(Method.java:498)
	at org.codehaus.groovy.tools.GroovyStarter.rootLoader(GroovyStarter.java:109)
	at org.codehaus.groovy.tools.GroovyStarter.main(GroovyStarter.java:131)
)]]></system-err>
   </testsuite>
</testsuites>
