<?xml version="1.0" encoding="UTF-8"?>
<testsuites name="advanced search1" time="89" tests="4" failures="1" errors="0">
   <testsuite name="advanced search1" tests="4" failures="1" errors="0" time="89" timestamp="2018-12-04 11:52:30" hostname="M.Kamel - 10.1.210.151" id="Test Suites/advanced search1">
      <properties>
         <property name="deviceName" value=""/>
         <property name="devicePlatform" value=""/>
         <property name="logFolder" value="C:\\Users\\M.Kamel\\git\\regression2\\Reports\\advanced search1\\20181204_115227"/>
         <property name="logFiles" value="C:\\Users\\M.Kamel\\git\\regression2\\Reports\\advanced search1\\20181204_115227\\execution0.log"/>
         <property name="attachments" value="C:\\Users\\M.Kamel\\git\\regression2\\Reports\\advanced search1\\20181204_115227\\1543917237641.png, C:\\Users\\M.Kamel\\git\\regression2\\Reports\\advanced search1\\20181204_115227\\1543917238286.png"/>
         <property name="hostName" value="M.Kamel - 10.1.210.151"/>
         <property name="os" value="Windows 10 64bit"/>
         <property name="katalonVersion" value="5.7.1.1"/>
         <property name="browser" value="Chrome 70.0.3538.110"/>
         <property name="hostAddress" value="10.1.210.151"/>
         <property name="sessionId" value="8ff64885ad90abbe4aee20543cd24a6f"/>
         <property name="seleniumVersion" value="3.7.1"/>
         <property name="proxyInformation" value="ProxyInformation{proxyOption=NO_PROXY, proxyServerType=HTTP, password=, proxyServerAddress=, proxyServerPort=0}"/>
         <property name="platform" value="Windows 10"/>
      </properties>
      <testcase name="Test Cases/Final/search_with_specialty" classname="Test Cases/Final/search_with_specialty" status="PASSED">
         <system-out><![CDATA[2018-12-04 11:52:30 - [TEST_CASE][PASSED] - Test Cases/Final/search_with_specialty: Test Cases/Final/search_with_specialty

2018-12-04 11:52:31 - [TEST_STEP][PASSED] - openBrowser: Browser is opened with url: ''

2018-12-04 11:52:36 - [MESSAGE][PASSED] - Browser is opened with url: ''

2018-12-04 11:52:36 - [TEST_STEP][PASSED] - maximizeWindow: Current window maximized

2018-12-04 11:52:38 - [MESSAGE][PASSED] - Current window maximized

2018-12-04 11:52:38 - [TEST_STEP][PASSED] - navigateToUrl: Navigate to 'https://www.schooolz.com' successfully

2018-12-04 11:52:48 - [MESSAGE][PASSED] - Navigate to 'https://www.schooolz.com' successfully

2018-12-04 11:52:48 - [TEST_STEP][PASSED] - click: Object: 'Object Repository/advanced search1/home_search_btn' is clicked on

2018-12-04 11:52:49 - [MESSAGE][PASSED] - Object: 'Object Repository/advanced search1/home_search_btn' is clicked on

2018-12-04 11:52:49 - [TEST_STEP][PASSED] - delay: Delayed 3 second(s)

2018-12-04 11:52:52 - [MESSAGE][PASSED] - Delayed 3 second(s)

2018-12-04 11:52:52 - [TEST_STEP][PASSED] - click: Object: 'Object Repository/advanced search1/advanced_search_btn' is clicked on

2018-12-04 11:52:53 - [MESSAGE][PASSED] - Object: 'Object Repository/advanced search1/advanced_search_btn' is clicked on

2018-12-04 11:52:53 - [TEST_STEP][PASSED] - delay: Delayed 3 second(s)

2018-12-04 11:52:56 - [MESSAGE][PASSED] - Delayed 3 second(s)

2018-12-04 11:52:56 - [TEST_STEP][PASSED] - click: Object: 'Object Repository/advanced search1/spciality' is clicked on

2018-12-04 11:52:57 - [MESSAGE][PASSED] - Object: 'Object Repository/advanced search1/spciality' is clicked on

2018-12-04 11:52:57 - [TEST_STEP][PASSED] - delay: Delayed 3 second(s)

2018-12-04 11:53:00 - [MESSAGE][PASSED] - Delayed 3 second(s)

2018-12-04 11:53:00 - [TEST_STEP][PASSED] - check: Object 'Object Repository/advanced search1/governmental_checkbox' is checked

2018-12-04 11:53:00 - [MESSAGE][PASSED] - Object 'Object Repository/advanced search1/governmental_checkbox' is checked

2018-12-04 11:53:00 - [TEST_STEP][PASSED] - verifyElementChecked: Object 'Object Repository/advanced search1/governmental_checkbox' is checked

2018-12-04 11:53:00 - [MESSAGE][WARNING] - Timeout '0' is invalid. Using default page load timeout: '30'

2018-12-04 11:53:00 - [MESSAGE][PASSED] - Object 'Object Repository/advanced search1/governmental_checkbox' is checked

2018-12-04 11:53:00 - [TEST_STEP][PASSED] - delay: Delayed 10 second(s)

2018-12-04 11:53:10 - [MESSAGE][PASSED] - Delayed 10 second(s)

2018-12-04 11:53:10 - [TEST_STEP][NOT_RUN] - verifyTextPresent: NOT_RUN: verifyTextPresent

2018-12-04 11:53:10 - [MESSAGE][NOT_RUN] - NOT_RUN: verifyTextPresent]]></system-out>
         <system-err><![CDATA[]]></system-err>
      </testcase>
      <testcase name="Test Cases/Final/search with kind of school" classname="Test Cases/Final/search with kind of school" status="PASSED">
         <system-out><![CDATA[2018-12-04 11:53:10 - [TEST_CASE][PASSED] - Test Cases/Final/search with kind of school: Test Cases/Final/search with kind of school

2018-12-04 11:53:10 - [TEST_STEP][NOT_RUN] - openBrowser: NOT_RUN: openBrowser

2018-12-04 11:53:10 - [MESSAGE][NOT_RUN] - NOT_RUN: openBrowser

2018-12-04 11:53:10 - [TEST_STEP][NOT_RUN] - maximizeWindow: NOT_RUN: maximizeWindow

2018-12-04 11:53:10 - [MESSAGE][NOT_RUN] - NOT_RUN: maximizeWindow

2018-12-04 11:53:10 - [TEST_STEP][NOT_RUN] - navigateToUrl: NOT_RUN: navigateToUrl

2018-12-04 11:53:10 - [MESSAGE][NOT_RUN] - NOT_RUN: navigateToUrl

2018-12-04 11:53:10 - [TEST_STEP][NOT_RUN] - click: NOT_RUN: click

2018-12-04 11:53:10 - [MESSAGE][NOT_RUN] - NOT_RUN: click

2018-12-04 11:53:10 - [TEST_STEP][NOT_RUN] - delay: NOT_RUN: delay

2018-12-04 11:53:10 - [MESSAGE][NOT_RUN] - NOT_RUN: delay

2018-12-04 11:53:10 - [TEST_STEP][NOT_RUN] - click: NOT_RUN: click

2018-12-04 11:53:10 - [MESSAGE][NOT_RUN] - NOT_RUN: click

2018-12-04 11:53:10 - [TEST_STEP][PASSED] - delay: Delayed 3 second(s)

2018-12-04 11:53:13 - [MESSAGE][PASSED] - Delayed 3 second(s)

2018-12-04 11:53:13 - [TEST_STEP][PASSED] - click: Object: 'Object Repository/advanced search1/kind of school' is clicked on

2018-12-04 11:53:13 - [MESSAGE][PASSED] - Object: 'Object Repository/advanced search1/kind of school' is clicked on

2018-12-04 11:53:13 - [TEST_STEP][PASSED] - delay: Delayed 3 second(s)

2018-12-04 11:53:16 - [MESSAGE][PASSED] - Delayed 3 second(s)

2018-12-04 11:53:16 - [TEST_STEP][PASSED] - check: Object 'Object Repository/advanced search1/kind_of_school_checkbox' is checked

2018-12-04 11:53:16 - [MESSAGE][PASSED] - Object 'Object Repository/advanced search1/kind_of_school_checkbox' is checked

2018-12-04 11:53:16 - [TEST_STEP][PASSED] - verifyElementChecked: Object 'Object Repository/advanced search1/kind_of_school_checkbox' is checked

2018-12-04 11:53:16 - [MESSAGE][WARNING] - Timeout '0' is invalid. Using default page load timeout: '30'

2018-12-04 11:53:16 - [MESSAGE][PASSED] - Object 'Object Repository/advanced search1/kind_of_school_checkbox' is checked

2018-12-04 11:53:16 - [TEST_STEP][PASSED] - delay: Delayed 10 second(s)

2018-12-04 11:53:26 - [MESSAGE][PASSED] - Delayed 10 second(s)

2018-12-04 11:53:26 - [TEST_STEP][NOT_RUN] - delay: NOT_RUN: delay

2018-12-04 11:53:26 - [MESSAGE][NOT_RUN] - NOT_RUN: delay]]></system-out>
         <system-err><![CDATA[]]></system-err>
      </testcase>
      <testcase name="Test Cases/Final/search with country" classname="Test Cases/Final/search with country" status="PASSED">
         <system-out><![CDATA[2018-12-04 11:53:26 - [TEST_CASE][PASSED] - Test Cases/Final/search with country: Test Cases/Final/search with country

2018-12-04 11:53:27 - [TEST_STEP][NOT_RUN] - openBrowser: NOT_RUN: openBrowser

2018-12-04 11:53:27 - [MESSAGE][NOT_RUN] - NOT_RUN: openBrowser

2018-12-04 11:53:27 - [TEST_STEP][NOT_RUN] - maximizeWindow: NOT_RUN: maximizeWindow

2018-12-04 11:53:27 - [MESSAGE][NOT_RUN] - NOT_RUN: maximizeWindow

2018-12-04 11:53:27 - [TEST_STEP][NOT_RUN] - navigateToUrl: NOT_RUN: navigateToUrl

2018-12-04 11:53:27 - [MESSAGE][NOT_RUN] - NOT_RUN: navigateToUrl

2018-12-04 11:53:27 - [TEST_STEP][NOT_RUN] - click: NOT_RUN: click

2018-12-04 11:53:27 - [MESSAGE][NOT_RUN] - NOT_RUN: click

2018-12-04 11:53:27 - [TEST_STEP][NOT_RUN] - delay: NOT_RUN: delay

2018-12-04 11:53:27 - [MESSAGE][NOT_RUN] - NOT_RUN: delay

2018-12-04 11:53:27 - [TEST_STEP][NOT_RUN] - click: NOT_RUN: click

2018-12-04 11:53:27 - [MESSAGE][NOT_RUN] - NOT_RUN: click

2018-12-04 11:53:27 - [TEST_STEP][PASSED] - delay: Delayed 3 second(s)

2018-12-04 11:53:30 - [MESSAGE][PASSED] - Delayed 3 second(s)

2018-12-04 11:53:30 - [TEST_STEP][PASSED] - click: Object: 'Object Repository/advanced search1/country' is clicked on

2018-12-04 11:53:30 - [MESSAGE][PASSED] - Object: 'Object Repository/advanced search1/country' is clicked on

2018-12-04 11:53:30 - [TEST_STEP][PASSED] - delay: Delayed 3 second(s)

2018-12-04 11:53:33 - [MESSAGE][PASSED] - Delayed 3 second(s)

2018-12-04 11:53:33 - [TEST_STEP][PASSED] - check: Object 'Object Repository/advanced search1/country_checkbox' is checked

2018-12-04 11:53:33 - [MESSAGE][PASSED] - Object 'Object Repository/advanced search1/country_checkbox' is checked

2018-12-04 11:53:33 - [TEST_STEP][PASSED] - verifyElementChecked: Object 'Object Repository/advanced search1/country_checkbox' is checked

2018-12-04 11:53:33 - [MESSAGE][WARNING] - Timeout '0' is invalid. Using default page load timeout: '30'

2018-12-04 11:53:33 - [MESSAGE][PASSED] - Object 'Object Repository/advanced search1/country_checkbox' is checked

2018-12-04 11:53:33 - [TEST_STEP][PASSED] - delay: Delayed 1 second(s)

2018-12-04 11:53:34 - [MESSAGE][PASSED] - Delayed 1 second(s)]]></system-out>
         <system-err><![CDATA[]]></system-err>
      </testcase>
      <testcase name="Test Cases/Final/search with city" classname="Test Cases/Final/search with city" status="PASSED">
         <system-out><![CDATA[2018-12-04 11:53:34 - [TEST_CASE][PASSED] - Test Cases/Final/search with city: Test Cases/Final/search with city

2018-12-04 11:53:34 - [TEST_STEP][NOT_RUN] - openBrowser: NOT_RUN: openBrowser

2018-12-04 11:53:34 - [MESSAGE][NOT_RUN] - NOT_RUN: openBrowser

2018-12-04 11:53:34 - [TEST_STEP][NOT_RUN] - maximizeWindow: NOT_RUN: maximizeWindow

2018-12-04 11:53:34 - [MESSAGE][NOT_RUN] - NOT_RUN: maximizeWindow

2018-12-04 11:53:34 - [TEST_STEP][NOT_RUN] - navigateToUrl: NOT_RUN: navigateToUrl

2018-12-04 11:53:34 - [MESSAGE][NOT_RUN] - NOT_RUN: navigateToUrl

2018-12-04 11:53:34 - [TEST_STEP][NOT_RUN] - click: NOT_RUN: click

2018-12-04 11:53:34 - [MESSAGE][NOT_RUN] - NOT_RUN: click

2018-12-04 11:53:34 - [TEST_STEP][NOT_RUN] - delay: NOT_RUN: delay

2018-12-04 11:53:34 - [MESSAGE][NOT_RUN] - NOT_RUN: delay

2018-12-04 11:53:34 - [TEST_STEP][NOT_RUN] - click: NOT_RUN: click

2018-12-04 11:53:34 - [MESSAGE][NOT_RUN] - NOT_RUN: click

2018-12-04 11:53:34 - [TEST_STEP][NOT_RUN] - delay: NOT_RUN: delay

2018-12-04 11:53:34 - [MESSAGE][NOT_RUN] - NOT_RUN: delay

2018-12-04 11:53:34 - [TEST_STEP][NOT_RUN] - click: NOT_RUN: click

2018-12-04 11:53:34 - [MESSAGE][NOT_RUN] - NOT_RUN: click

2018-12-04 11:53:34 - [TEST_STEP][NOT_RUN] - delay: NOT_RUN: delay

2018-12-04 11:53:34 - [MESSAGE][NOT_RUN] - NOT_RUN: delay

2018-12-04 11:53:34 - [TEST_STEP][NOT_RUN] - check: NOT_RUN: check

2018-12-04 11:53:34 - [MESSAGE][NOT_RUN] - NOT_RUN: check

2018-12-04 11:53:34 - [TEST_STEP][NOT_RUN] - verifyElementChecked: NOT_RUN: verifyElementChecked

2018-12-04 11:53:34 - [MESSAGE][NOT_RUN] - NOT_RUN: verifyElementChecked

2018-12-04 11:53:34 - [TEST_STEP][PASSED] - delay: Delayed 3 second(s)

2018-12-04 11:53:37 - [MESSAGE][PASSED] - Delayed 3 second(s)

2018-12-04 11:53:37 - [TEST_STEP][PASSED] - click: Object: 'Object Repository/advanced search1/city' is clicked on

2018-12-04 11:53:37 - [MESSAGE][PASSED] - Object: 'Object Repository/advanced search1/city' is clicked on

2018-12-04 11:53:37 - [TEST_STEP][PASSED] - delay: Delayed 3 second(s)

2018-12-04 11:53:40 - [MESSAGE][PASSED] - Delayed 3 second(s)

2018-12-04 11:53:40 - [TEST_STEP][PASSED] - check: Object 'Object Repository/advanced search1/city_checkbox' is checked

2018-12-04 11:53:40 - [MESSAGE][PASSED] - Object 'Object Repository/advanced search1/city_checkbox' is checked

2018-12-04 11:53:40 - [TEST_STEP][PASSED] - verifyElementChecked: Object 'Object Repository/advanced search1/city_checkbox' is checked

2018-12-04 11:53:40 - [MESSAGE][WARNING] - Timeout '0' is invalid. Using default page load timeout: '30'

2018-12-04 11:53:40 - [MESSAGE][PASSED] - Object 'Object Repository/advanced search1/city_checkbox' is checked

2018-12-04 11:53:40 - [TEST_STEP][PASSED] - delay: Delayed 10 second(s)

2018-12-04 11:53:50 - [MESSAGE][PASSED] - Delayed 10 second(s)]]></system-out>
         <system-err><![CDATA[]]></system-err>
      </testcase>
      <testcase name="Test Cases/Final/search with gender" classname="Test Cases/Final/search with gender" status="FAILED">
         <failure type="FAILED" message="(Stack trace: com.kms.katalon.core.exception.StepFailedException: Unable to verify object 'Object Repository/advanced search1/gender1_checkbox' is checked (Root cause: Object 'Object Repository/advanced search1/gender1_checkbox' is not checked)
	at com.kms.katalon.core.keyword.internal.KeywordMain.stepFailed(KeywordMain.groovy:36)
	at com.kms.katalon.core.webui.keyword.internal.WebUIKeywordMain.stepFailed(WebUIKeywordMain.groovy:65)
	at com.kms.katalon.core.webui.keyword.internal.WebUIKeywordMain.runKeyword(WebUIKeywordMain.groovy:27)
	at com.kms.katalon.core.webui.keyword.builtin.VerifyElementCheckedKeyword.verifyElementChecked(VerifyElementCheckedKeyword.groovy:92)
	at com.kms.katalon.core.webui.keyword.builtin.VerifyElementCheckedKeyword.execute(VerifyElementCheckedKeyword.groovy:68)
	at com.kms.katalon.core.keyword.internal.KeywordExecutor.executeKeywordForPlatform(KeywordExecutor.groovy:53)
	at com.kms.katalon.core.webui.keyword.WebUiBuiltInKeywords.verifyElementChecked(WebUiBuiltInKeywords.groovy:1367)
	at com.kms.katalon.core.webui.keyword.WebUiBuiltInKeywords$verifyElementChecked$4.call(Unknown Source)
	at org.codehaus.groovy.runtime.callsite.CallSiteArray.defaultCall(CallSiteArray.java:48)
	at org.codehaus.groovy.runtime.callsite.AbstractCallSite.call(AbstractCallSite.java:113)
	at org.codehaus.groovy.runtime.callsite.AbstractCallSite.call(AbstractCallSite.java:133)
	at Script1543838402519.run(Script1543838402519.groovy:36)
	at com.kms.katalon.core.main.ScriptEngine.run(ScriptEngine.java:183)
	at com.kms.katalon.core.main.ScriptEngine.runScriptAsRawText(ScriptEngine.java:108)
	at com.kms.katalon.core.main.TestCaseExecutor.runScript(TestCaseExecutor.java:294)
	at com.kms.katalon.core.main.TestCaseExecutor.doExecute(TestCaseExecutor.java:285)
	at com.kms.katalon.core.main.TestCaseExecutor.processExecutionPhase(TestCaseExecutor.java:264)
	at com.kms.katalon.core.main.TestCaseExecutor.accessMainPhase(TestCaseExecutor.java:256)
	at com.kms.katalon.core.main.TestCaseExecutor.execute(TestCaseExecutor.java:200)
	at com.kms.katalon.core.main.TestSuiteExecutor.accessTestCaseMainPhase(TestSuiteExecutor.java:129)
	at com.kms.katalon.core.main.TestSuiteExecutor.accessTestSuiteMainPhase(TestSuiteExecutor.java:112)
	at com.kms.katalon.core.main.TestSuiteExecutor.execute(TestSuiteExecutor.java:81)
	at com.kms.katalon.core.main.TestCaseMain.startTestSuite(TestCaseMain.java:142)
	at com.kms.katalon.core.main.TestCaseMain$startTestSuite$0.call(Unknown Source)
	at org.codehaus.groovy.runtime.callsite.CallSiteArray.defaultCall(CallSiteArray.java:48)
	at org.codehaus.groovy.runtime.callsite.AbstractCallSite.call(AbstractCallSite.java:113)
	at org.codehaus.groovy.runtime.callsite.AbstractCallSite.call(AbstractCallSite.java:141)
	at TempTestSuite1543917147314.run(TempTestSuite1543917147314.groovy:36)
	at groovy.lang.GroovyShell.runScriptOrMainOrTestOrRunnable(GroovyShell.java:263)
	at groovy.lang.GroovyShell.run(GroovyShell.java:518)
	at groovy.lang.GroovyShell.run(GroovyShell.java:507)
	at groovy.ui.GroovyMain.processOnce(GroovyMain.java:653)
	at groovy.ui.GroovyMain.run(GroovyMain.java:384)
	at groovy.ui.GroovyMain.process(GroovyMain.java:370)
	at groovy.ui.GroovyMain.processArgs(GroovyMain.java:129)
	at groovy.ui.GroovyMain.main(GroovyMain.java:109)
	at sun.reflect.NativeMethodAccessorImpl.invoke0(Native Method)
	at sun.reflect.NativeMethodAccessorImpl.invoke(NativeMethodAccessorImpl.java:62)
	at sun.reflect.DelegatingMethodAccessorImpl.invoke(DelegatingMethodAccessorImpl.java:43)
	at java.lang.reflect.Method.invoke(Method.java:498)
	at org.codehaus.groovy.tools.GroovyStarter.rootLoader(GroovyStarter.java:109)
	at org.codehaus.groovy.tools.GroovyStarter.main(GroovyStarter.java:131)
)"/>
         <system-out><![CDATA[2018-12-04 11:53:51 - [TEST_CASE][FAILED] - Test Cases/Final/search with gender: Test Cases/Final/search with gender FAILED because (of) (Stack trace: com.kms.katalon.core.exception.StepFailedException: Unable to verify object 'Object Repository/advanced search1/gender1_checkbox' is checked (Root cause: Object 'Object Repository/advanced search1/gender1_checkbox' is not checked)
	at com.kms.katalon.core.keyword.internal.KeywordMain.stepFailed(KeywordMain.groovy:36)
	at com.kms.katalon.core.webui.keyword.internal.WebUIKeywordMain.stepFailed(WebUIKeywordMain.groovy:65)
	at com.kms.katalon.core.webui.keyword.internal.WebUIKeywordMain.runKeyword(WebUIKeywordMain.groovy:27)
	at com.kms.katalon.core.webui.keyword.builtin.VerifyElementCheckedKeyword.verifyElementChecked(VerifyElementCheckedKeyword.groovy:92)
	at com.kms.katalon.core.webui.keyword.builtin.VerifyElementCheckedKeyword.execute(VerifyElementCheckedKeyword.groovy:68)
	at com.kms.katalon.core.keyword.internal.KeywordExecutor.executeKeywordForPlatform(KeywordExecutor.groovy:53)
	at com.kms.katalon.core.webui.keyword.WebUiBuiltInKeywords.verifyElementChecked(WebUiBuiltInKeywords.groovy:1367)
	at com.kms.katalon.core.webui.keyword.WebUiBuiltInKeywords$verifyElementChecked$4.call(Unknown Source)
	at org.codehaus.groovy.runtime.callsite.CallSiteArray.defaultCall(CallSiteArray.java:48)
	at org.codehaus.groovy.runtime.callsite.AbstractCallSite.call(AbstractCallSite.java:113)
	at org.codehaus.groovy.runtime.callsite.AbstractCallSite.call(AbstractCallSite.java:133)
	at Script1543838402519.run(Script1543838402519.groovy:36)
	at com.kms.katalon.core.main.ScriptEngine.run(ScriptEngine.java:183)
	at com.kms.katalon.core.main.ScriptEngine.runScriptAsRawText(ScriptEngine.java:108)
	at com.kms.katalon.core.main.TestCaseExecutor.runScript(TestCaseExecutor.java:294)
	at com.kms.katalon.core.main.TestCaseExecutor.doExecute(TestCaseExecutor.java:285)
	at com.kms.katalon.core.main.TestCaseExecutor.processExecutionPhase(TestCaseExecutor.java:264)
	at com.kms.katalon.core.main.TestCaseExecutor.accessMainPhase(TestCaseExecutor.java:256)
	at com.kms.katalon.core.main.TestCaseExecutor.execute(TestCaseExecutor.java:200)
	at com.kms.katalon.core.main.TestSuiteExecutor.accessTestCaseMainPhase(TestSuiteExecutor.java:129)
	at com.kms.katalon.core.main.TestSuiteExecutor.accessTestSuiteMainPhase(TestSuiteExecutor.java:112)
	at com.kms.katalon.core.main.TestSuiteExecutor.execute(TestSuiteExecutor.java:81)
	at com.kms.katalon.core.main.TestCaseMain.startTestSuite(TestCaseMain.java:142)
	at com.kms.katalon.core.main.TestCaseMain$startTestSuite$0.call(Unknown Source)
	at org.codehaus.groovy.runtime.callsite.CallSiteArray.defaultCall(CallSiteArray.java:48)
	at org.codehaus.groovy.runtime.callsite.AbstractCallSite.call(AbstractCallSite.java:113)
	at org.codehaus.groovy.runtime.callsite.AbstractCallSite.call(AbstractCallSite.java:141)
	at TempTestSuite1543917147314.run(TempTestSuite1543917147314.groovy:36)
	at groovy.lang.GroovyShell.runScriptOrMainOrTestOrRunnable(GroovyShell.java:263)
	at groovy.lang.GroovyShell.run(GroovyShell.java:518)
	at groovy.lang.GroovyShell.run(GroovyShell.java:507)
	at groovy.ui.GroovyMain.processOnce(GroovyMain.java:653)
	at groovy.ui.GroovyMain.run(GroovyMain.java:384)
	at groovy.ui.GroovyMain.process(GroovyMain.java:370)
	at groovy.ui.GroovyMain.processArgs(GroovyMain.java:129)
	at groovy.ui.GroovyMain.main(GroovyMain.java:109)
	at sun.reflect.NativeMethodAccessorImpl.invoke0(Native Method)
	at sun.reflect.NativeMethodAccessorImpl.invoke(NativeMethodAccessorImpl.java:62)
	at sun.reflect.DelegatingMethodAccessorImpl.invoke(DelegatingMethodAccessorImpl.java:43)
	at java.lang.reflect.Method.invoke(Method.java:498)
	at org.codehaus.groovy.tools.GroovyStarter.rootLoader(GroovyStarter.java:109)
	at org.codehaus.groovy.tools.GroovyStarter.main(GroovyStarter.java:131)
)

2018-12-04 11:53:51 - [TEST_STEP][NOT_RUN] - openBrowser: NOT_RUN: openBrowser

2018-12-04 11:53:51 - [MESSAGE][NOT_RUN] - NOT_RUN: openBrowser

2018-12-04 11:53:51 - [TEST_STEP][NOT_RUN] - maximizeWindow: NOT_RUN: maximizeWindow

2018-12-04 11:53:51 - [MESSAGE][NOT_RUN] - NOT_RUN: maximizeWindow

2018-12-04 11:53:51 - [TEST_STEP][NOT_RUN] - navigateToUrl: NOT_RUN: navigateToUrl

2018-12-04 11:53:51 - [MESSAGE][NOT_RUN] - NOT_RUN: navigateToUrl

2018-12-04 11:53:51 - [TEST_STEP][NOT_RUN] - click: NOT_RUN: click

2018-12-04 11:53:51 - [MESSAGE][NOT_RUN] - NOT_RUN: click

2018-12-04 11:53:51 - [TEST_STEP][NOT_RUN] - delay: NOT_RUN: delay

2018-12-04 11:53:51 - [MESSAGE][NOT_RUN] - NOT_RUN: delay

2018-12-04 11:53:51 - [TEST_STEP][NOT_RUN] - click: NOT_RUN: click

2018-12-04 11:53:51 - [MESSAGE][NOT_RUN] - NOT_RUN: click

2018-12-04 11:53:51 - [TEST_STEP][PASSED] - delay: Delayed 3 second(s)

2018-12-04 11:53:54 - [MESSAGE][PASSED] - Delayed 3 second(s)

2018-12-04 11:53:54 - [TEST_STEP][PASSED] - click: Object: 'Object Repository/advanced search1/gender' is clicked on

2018-12-04 11:53:54 - [MESSAGE][PASSED] - Object: 'Object Repository/advanced search1/gender' is clicked on

2018-12-04 11:53:54 - [TEST_STEP][PASSED] - delay: Delayed 3 second(s)

2018-12-04 11:53:57 - [MESSAGE][PASSED] - Delayed 3 second(s)

2018-12-04 11:53:57 - [TEST_STEP][PASSED] - check: Object 'Object Repository/advanced search1/gender1_checkbox' is checked

2018-12-04 11:53:57 - [MESSAGE][PASSED] - Object 'Object Repository/advanced search1/gender1_checkbox' is checked

2018-12-04 11:53:57 - [TEST_STEP][FAILED] - verifyElementChecked: Unable to verify object 'Object Repository/advanced search1/gender1_checkbox' is checked (Root cause: Object 'Object Repository/advanced search1/gender1_checkbox' is not checked)

2018-12-04 11:53:57 - [MESSAGE][WARNING] - Timeout '0' is invalid. Using default page load timeout: '30'

2018-12-04 11:53:58 - [MESSAGE][FAILED] - Object 'Object Repository/advanced search1/gender1_checkbox' is not checked
[[ATTACHMENT|C:\\Users\\M.Kamel\\git\\regression2\\Reports\\advanced search1\\20181204_115227\\1543917237641.png]]

2018-12-04 11:53:58 - [MESSAGE][FAILED] - Unable to verify object 'Object Repository/advanced search1/gender1_checkbox' is checked (Root cause: Object 'Object Repository/advanced search1/gender1_checkbox' is not checked)
[[ATTACHMENT|C:\\Users\\M.Kamel\\git\\regression2\\Reports\\advanced search1\\20181204_115227\\1543917238286.png]]]]></system-out>
         <system-err><![CDATA[2018-12-04 11:53:51 - [TEST_CASE][FAILED] - Test Cases/Final/search with gender: Test Cases/Final/search with gender FAILED because (of) (Stack trace: com.kms.katalon.core.exception.StepFailedException: Unable to verify object 'Object Repository/advanced search1/gender1_checkbox' is checked (Root cause: Object 'Object Repository/advanced search1/gender1_checkbox' is not checked)
	at com.kms.katalon.core.keyword.internal.KeywordMain.stepFailed(KeywordMain.groovy:36)
	at com.kms.katalon.core.webui.keyword.internal.WebUIKeywordMain.stepFailed(WebUIKeywordMain.groovy:65)
	at com.kms.katalon.core.webui.keyword.internal.WebUIKeywordMain.runKeyword(WebUIKeywordMain.groovy:27)
	at com.kms.katalon.core.webui.keyword.builtin.VerifyElementCheckedKeyword.verifyElementChecked(VerifyElementCheckedKeyword.groovy:92)
	at com.kms.katalon.core.webui.keyword.builtin.VerifyElementCheckedKeyword.execute(VerifyElementCheckedKeyword.groovy:68)
	at com.kms.katalon.core.keyword.internal.KeywordExecutor.executeKeywordForPlatform(KeywordExecutor.groovy:53)
	at com.kms.katalon.core.webui.keyword.WebUiBuiltInKeywords.verifyElementChecked(WebUiBuiltInKeywords.groovy:1367)
	at com.kms.katalon.core.webui.keyword.WebUiBuiltInKeywords$verifyElementChecked$4.call(Unknown Source)
	at org.codehaus.groovy.runtime.callsite.CallSiteArray.defaultCall(CallSiteArray.java:48)
	at org.codehaus.groovy.runtime.callsite.AbstractCallSite.call(AbstractCallSite.java:113)
	at org.codehaus.groovy.runtime.callsite.AbstractCallSite.call(AbstractCallSite.java:133)
	at Script1543838402519.run(Script1543838402519.groovy:36)
	at com.kms.katalon.core.main.ScriptEngine.run(ScriptEngine.java:183)
	at com.kms.katalon.core.main.ScriptEngine.runScriptAsRawText(ScriptEngine.java:108)
	at com.kms.katalon.core.main.TestCaseExecutor.runScript(TestCaseExecutor.java:294)
	at com.kms.katalon.core.main.TestCaseExecutor.doExecute(TestCaseExecutor.java:285)
	at com.kms.katalon.core.main.TestCaseExecutor.processExecutionPhase(TestCaseExecutor.java:264)
	at com.kms.katalon.core.main.TestCaseExecutor.accessMainPhase(TestCaseExecutor.java:256)
	at com.kms.katalon.core.main.TestCaseExecutor.execute(TestCaseExecutor.java:200)
	at com.kms.katalon.core.main.TestSuiteExecutor.accessTestCaseMainPhase(TestSuiteExecutor.java:129)
	at com.kms.katalon.core.main.TestSuiteExecutor.accessTestSuiteMainPhase(TestSuiteExecutor.java:112)
	at com.kms.katalon.core.main.TestSuiteExecutor.execute(TestSuiteExecutor.java:81)
	at com.kms.katalon.core.main.TestCaseMain.startTestSuite(TestCaseMain.java:142)
	at com.kms.katalon.core.main.TestCaseMain$startTestSuite$0.call(Unknown Source)
	at org.codehaus.groovy.runtime.callsite.CallSiteArray.defaultCall(CallSiteArray.java:48)
	at org.codehaus.groovy.runtime.callsite.AbstractCallSite.call(AbstractCallSite.java:113)
	at org.codehaus.groovy.runtime.callsite.AbstractCallSite.call(AbstractCallSite.java:141)
	at TempTestSuite1543917147314.run(TempTestSuite1543917147314.groovy:36)
	at groovy.lang.GroovyShell.runScriptOrMainOrTestOrRunnable(GroovyShell.java:263)
	at groovy.lang.GroovyShell.run(GroovyShell.java:518)
	at groovy.lang.GroovyShell.run(GroovyShell.java:507)
	at groovy.ui.GroovyMain.processOnce(GroovyMain.java:653)
	at groovy.ui.GroovyMain.run(GroovyMain.java:384)
	at groovy.ui.GroovyMain.process(GroovyMain.java:370)
	at groovy.ui.GroovyMain.processArgs(GroovyMain.java:129)
	at groovy.ui.GroovyMain.main(GroovyMain.java:109)
	at sun.reflect.NativeMethodAccessorImpl.invoke0(Native Method)
	at sun.reflect.NativeMethodAccessorImpl.invoke(NativeMethodAccessorImpl.java:62)
	at sun.reflect.DelegatingMethodAccessorImpl.invoke(DelegatingMethodAccessorImpl.java:43)
	at java.lang.reflect.Method.invoke(Method.java:498)
	at org.codehaus.groovy.tools.GroovyStarter.rootLoader(GroovyStarter.java:109)
	at org.codehaus.groovy.tools.GroovyStarter.main(GroovyStarter.java:131)
)]]></system-err>
      </testcase>
      <system-out><![CDATA[2018-12-04 11:52:30 - [TEST_SUITE][FAILED] - advanced search1: Test Cases/Final/search with gender FAILED because (of) (Stack trace: com.kms.katalon.core.exception.StepFailedException: Unable to verify object 'Object Repository/advanced search1/gender1_checkbox' is checked (Root cause: Object 'Object Repository/advanced search1/gender1_checkbox' is not checked)
	at com.kms.katalon.core.keyword.internal.KeywordMain.stepFailed(KeywordMain.groovy:36)
	at com.kms.katalon.core.webui.keyword.internal.WebUIKeywordMain.stepFailed(WebUIKeywordMain.groovy:65)
	at com.kms.katalon.core.webui.keyword.internal.WebUIKeywordMain.runKeyword(WebUIKeywordMain.groovy:27)
	at com.kms.katalon.core.webui.keyword.builtin.VerifyElementCheckedKeyword.verifyElementChecked(VerifyElementCheckedKeyword.groovy:92)
	at com.kms.katalon.core.webui.keyword.builtin.VerifyElementCheckedKeyword.execute(VerifyElementCheckedKeyword.groovy:68)
	at com.kms.katalon.core.keyword.internal.KeywordExecutor.executeKeywordForPlatform(KeywordExecutor.groovy:53)
	at com.kms.katalon.core.webui.keyword.WebUiBuiltInKeywords.verifyElementChecked(WebUiBuiltInKeywords.groovy:1367)
	at com.kms.katalon.core.webui.keyword.WebUiBuiltInKeywords$verifyElementChecked$4.call(Unknown Source)
	at org.codehaus.groovy.runtime.callsite.CallSiteArray.defaultCall(CallSiteArray.java:48)
	at org.codehaus.groovy.runtime.callsite.AbstractCallSite.call(AbstractCallSite.java:113)
	at org.codehaus.groovy.runtime.callsite.AbstractCallSite.call(AbstractCallSite.java:133)
	at Script1543838402519.run(Script1543838402519.groovy:36)
	at com.kms.katalon.core.main.ScriptEngine.run(ScriptEngine.java:183)
	at com.kms.katalon.core.main.ScriptEngine.runScriptAsRawText(ScriptEngine.java:108)
	at com.kms.katalon.core.main.TestCaseExecutor.runScript(TestCaseExecutor.java:294)
	at com.kms.katalon.core.main.TestCaseExecutor.doExecute(TestCaseExecutor.java:285)
	at com.kms.katalon.core.main.TestCaseExecutor.processExecutionPhase(TestCaseExecutor.java:264)
	at com.kms.katalon.core.main.TestCaseExecutor.accessMainPhase(TestCaseExecutor.java:256)
	at com.kms.katalon.core.main.TestCaseExecutor.execute(TestCaseExecutor.java:200)
	at com.kms.katalon.core.main.TestSuiteExecutor.accessTestCaseMainPhase(TestSuiteExecutor.java:129)
	at com.kms.katalon.core.main.TestSuiteExecutor.accessTestSuiteMainPhase(TestSuiteExecutor.java:112)
	at com.kms.katalon.core.main.TestSuiteExecutor.execute(TestSuiteExecutor.java:81)
	at com.kms.katalon.core.main.TestCaseMain.startTestSuite(TestCaseMain.java:142)
	at com.kms.katalon.core.main.TestCaseMain$startTestSuite$0.call(Unknown Source)
	at org.codehaus.groovy.runtime.callsite.CallSiteArray.defaultCall(CallSiteArray.java:48)
	at org.codehaus.groovy.runtime.callsite.AbstractCallSite.call(AbstractCallSite.java:113)
	at org.codehaus.groovy.runtime.callsite.AbstractCallSite.call(AbstractCallSite.java:141)
	at TempTestSuite1543917147314.run(TempTestSuite1543917147314.groovy:36)
	at groovy.lang.GroovyShell.runScriptOrMainOrTestOrRunnable(GroovyShell.java:263)
	at groovy.lang.GroovyShell.run(GroovyShell.java:518)
	at groovy.lang.GroovyShell.run(GroovyShell.java:507)
	at groovy.ui.GroovyMain.processOnce(GroovyMain.java:653)
	at groovy.ui.GroovyMain.run(GroovyMain.java:384)
	at groovy.ui.GroovyMain.process(GroovyMain.java:370)
	at groovy.ui.GroovyMain.processArgs(GroovyMain.java:129)
	at groovy.ui.GroovyMain.main(GroovyMain.java:109)
	at sun.reflect.NativeMethodAccessorImpl.invoke0(Native Method)
	at sun.reflect.NativeMethodAccessorImpl.invoke(NativeMethodAccessorImpl.java:62)
	at sun.reflect.DelegatingMethodAccessorImpl.invoke(DelegatingMethodAccessorImpl.java:43)
	at java.lang.reflect.Method.invoke(Method.java:498)
	at org.codehaus.groovy.tools.GroovyStarter.rootLoader(GroovyStarter.java:109)
	at org.codehaus.groovy.tools.GroovyStarter.main(GroovyStarter.java:131)
)]]></system-out>
      <system-err><![CDATA[2018-12-04 11:52:30 - [TEST_SUITE][FAILED] - advanced search1: Test Cases/Final/search with gender FAILED because (of) (Stack trace: com.kms.katalon.core.exception.StepFailedException: Unable to verify object 'Object Repository/advanced search1/gender1_checkbox' is checked (Root cause: Object 'Object Repository/advanced search1/gender1_checkbox' is not checked)
	at com.kms.katalon.core.keyword.internal.KeywordMain.stepFailed(KeywordMain.groovy:36)
	at com.kms.katalon.core.webui.keyword.internal.WebUIKeywordMain.stepFailed(WebUIKeywordMain.groovy:65)
	at com.kms.katalon.core.webui.keyword.internal.WebUIKeywordMain.runKeyword(WebUIKeywordMain.groovy:27)
	at com.kms.katalon.core.webui.keyword.builtin.VerifyElementCheckedKeyword.verifyElementChecked(VerifyElementCheckedKeyword.groovy:92)
	at com.kms.katalon.core.webui.keyword.builtin.VerifyElementCheckedKeyword.execute(VerifyElementCheckedKeyword.groovy:68)
	at com.kms.katalon.core.keyword.internal.KeywordExecutor.executeKeywordForPlatform(KeywordExecutor.groovy:53)
	at com.kms.katalon.core.webui.keyword.WebUiBuiltInKeywords.verifyElementChecked(WebUiBuiltInKeywords.groovy:1367)
	at com.kms.katalon.core.webui.keyword.WebUiBuiltInKeywords$verifyElementChecked$4.call(Unknown Source)
	at org.codehaus.groovy.runtime.callsite.CallSiteArray.defaultCall(CallSiteArray.java:48)
	at org.codehaus.groovy.runtime.callsite.AbstractCallSite.call(AbstractCallSite.java:113)
	at org.codehaus.groovy.runtime.callsite.AbstractCallSite.call(AbstractCallSite.java:133)
	at Script1543838402519.run(Script1543838402519.groovy:36)
	at com.kms.katalon.core.main.ScriptEngine.run(ScriptEngine.java:183)
	at com.kms.katalon.core.main.ScriptEngine.runScriptAsRawText(ScriptEngine.java:108)
	at com.kms.katalon.core.main.TestCaseExecutor.runScript(TestCaseExecutor.java:294)
	at com.kms.katalon.core.main.TestCaseExecutor.doExecute(TestCaseExecutor.java:285)
	at com.kms.katalon.core.main.TestCaseExecutor.processExecutionPhase(TestCaseExecutor.java:264)
	at com.kms.katalon.core.main.TestCaseExecutor.accessMainPhase(TestCaseExecutor.java:256)
	at com.kms.katalon.core.main.TestCaseExecutor.execute(TestCaseExecutor.java:200)
	at com.kms.katalon.core.main.TestSuiteExecutor.accessTestCaseMainPhase(TestSuiteExecutor.java:129)
	at com.kms.katalon.core.main.TestSuiteExecutor.accessTestSuiteMainPhase(TestSuiteExecutor.java:112)
	at com.kms.katalon.core.main.TestSuiteExecutor.execute(TestSuiteExecutor.java:81)
	at com.kms.katalon.core.main.TestCaseMain.startTestSuite(TestCaseMain.java:142)
	at com.kms.katalon.core.main.TestCaseMain$startTestSuite$0.call(Unknown Source)
	at org.codehaus.groovy.runtime.callsite.CallSiteArray.defaultCall(CallSiteArray.java:48)
	at org.codehaus.groovy.runtime.callsite.AbstractCallSite.call(AbstractCallSite.java:113)
	at org.codehaus.groovy.runtime.callsite.AbstractCallSite.call(AbstractCallSite.java:141)
	at TempTestSuite1543917147314.run(TempTestSuite1543917147314.groovy:36)
	at groovy.lang.GroovyShell.runScriptOrMainOrTestOrRunnable(GroovyShell.java:263)
	at groovy.lang.GroovyShell.run(GroovyShell.java:518)
	at groovy.lang.GroovyShell.run(GroovyShell.java:507)
	at groovy.ui.GroovyMain.processOnce(GroovyMain.java:653)
	at groovy.ui.GroovyMain.run(GroovyMain.java:384)
	at groovy.ui.GroovyMain.process(GroovyMain.java:370)
	at groovy.ui.GroovyMain.processArgs(GroovyMain.java:129)
	at groovy.ui.GroovyMain.main(GroovyMain.java:109)
	at sun.reflect.NativeMethodAccessorImpl.invoke0(Native Method)
	at sun.reflect.NativeMethodAccessorImpl.invoke(NativeMethodAccessorImpl.java:62)
	at sun.reflect.DelegatingMethodAccessorImpl.invoke(DelegatingMethodAccessorImpl.java:43)
	at java.lang.reflect.Method.invoke(Method.java:498)
	at org.codehaus.groovy.tools.GroovyStarter.rootLoader(GroovyStarter.java:109)
	at org.codehaus.groovy.tools.GroovyStarter.main(GroovyStarter.java:131)
)]]></system-err>
   </testsuite>
</testsuites>
