<?xml version="1.0" encoding="UTF-8"?>
<testsuites name="parent can join to school" time="108" tests="4" failures="0" errors="1">
   <testsuite name="parent can join to school" tests="4" failures="0" errors="1" time="108" timestamp="2018-12-03 15:11:59" hostname="M.Kamel - 10.1.210.199" id="Test Suites/parent can join to school">
      <properties>
         <property name="deviceName" value=""/>
         <property name="devicePlatform" value=""/>
         <property name="logFolder" value="C:\\Users\\M.Kamel\\git\\regression22\\Reports\\parent can join to school\\20181203_151158"/>
         <property name="logFiles" value="C:\\Users\\M.Kamel\\git\\regression22\\Reports\\parent can join to school\\20181203_151158\\execution0.log"/>
         <property name="attachments" value=""/>
         <property name="hostName" value="M.Kamel - 10.1.210.199"/>
         <property name="os" value="Windows 10 64bit"/>
         <property name="katalonVersion" value="5.8.6.1"/>
         <property name="browser" value="Chrome 70.0.3538.110"/>
         <property name="hostAddress" value="10.1.210.199"/>
         <property name="sessionId" value="7bf1dacb3850fbfdca47ca3ce7cd4517"/>
         <property name="seleniumVersion" value="3.7.1"/>
         <property name="proxyInformation" value="ProxyInformation{proxyOption=NO_PROXY, proxyServerType=HTTP, password=, proxyServerAddress=, proxyServerPort=0}"/>
         <property name="platform" value="Windows 10"/>
      </properties>
      <testcase name="Test Cases/Final/REG as parent" classname="Test Cases/Final/REG as parent" status="PASSED">
         <system-out><![CDATA[2018-12-03 15:12:00 - [TEST_CASE][PASSED] - Test Cases/Final/REG as parent: Test Cases/Final/REG as parent

2018-12-03 15:12:00 - [TEST_STEP][PASSED] - openBrowser: Browser is opened with url: ''

2018-12-03 15:12:03 - [MESSAGE][PASSED] - Browser is opened with url: ''

2018-12-03 15:12:03 - [TEST_STEP][PASSED] - maximizeWindow: Current window maximized

2018-12-03 15:12:05 - [MESSAGE][PASSED] - Current window maximized

2018-12-03 15:12:05 - [TEST_STEP][PASSED] - navigateToUrl: Navigate to 'http://www.schooolz.com/parent/create' successfully

2018-12-03 15:12:14 - [MESSAGE][PASSED] - Navigate to 'http://www.schooolz.com/parent/create' successfully

2018-12-03 15:12:14 - [TEST_STEP][PASSED] - delay: Delayed 5 second(s)

2018-12-03 15:12:19 - [MESSAGE][PASSED] - Delayed 5 second(s)

2018-12-03 15:12:19 - [TEST_STEP][PASSED] - setText: Text 'ovAxv' is set on object 'Object Repository/REG as parent/par_name'

2018-12-03 15:12:20 - [MESSAGE][PASSED] - Text 'ovAxv' is set on object 'Object Repository/REG as parent/par_name'

2018-12-03 15:12:20 - [TEST_STEP][PASSED] - Statement - par_uname = org.apache.commons.lang.RandomStringUtils.randomAlphabetic(6): null

2018-12-03 15:12:20 - [TEST_STEP][PASSED] - setText: Text 'gNBplN' is set on object 'Object Repository/REG as parent/user_name'

2018-12-03 15:12:20 - [MESSAGE][PASSED] - Text 'gNBplN' is set on object 'Object Repository/REG as parent/user_name'

2018-12-03 15:12:20 - [TEST_STEP][PASSED] - setText: Text 'HAf@gmai.com' is set on object 'Object Repository/REG as parent/Email'

2018-12-03 15:12:20 - [MESSAGE][PASSED] - Text 'HAf@gmai.com' is set on object 'Object Repository/REG as parent/Email'

2018-12-03 15:12:20 - [TEST_STEP][PASSED] - setText: Text '123456789' is set on object 'Object Repository/REG as parent/password'

2018-12-03 15:12:21 - [MESSAGE][PASSED] - Text '123456789' is set on object 'Object Repository/REG as parent/password'

2018-12-03 15:12:21 - [TEST_STEP][PASSED] - setText: Text '123456789' is set on object 'Object Repository/REG as parent/conf_password'

2018-12-03 15:12:21 - [MESSAGE][PASSED] - Text '123456789' is set on object 'Object Repository/REG as parent/conf_password'

2018-12-03 15:12:21 - [TEST_STEP][PASSED] - selectOptionByValue: All options with value '1' are selected in object 'Object Repository/REG as parent/country' 

2018-12-03 15:12:21 - [MESSAGE][PASSED] - All options with value '1' are selected in object 'Object Repository/REG as parent/country' 

2018-12-03 15:12:21 - [TEST_STEP][PASSED] - delay: Delayed 3 second(s)

2018-12-03 15:12:24 - [MESSAGE][PASSED] - Delayed 3 second(s)

2018-12-03 15:12:24 - [TEST_STEP][PASSED] - selectOptionByIndex: All options with index in [1] are selected on object 'Object Repository/REG as parent/city'

2018-12-03 15:12:24 - [MESSAGE][PASSED] - All options with index in [1] are selected on object 'Object Repository/REG as parent/city'

2018-12-03 15:12:24 - [TEST_STEP][PASSED] - delay: Delayed 3 second(s)

2018-12-03 15:12:27 - [MESSAGE][PASSED] - Delayed 3 second(s)

2018-12-03 15:12:27 - [TEST_STEP][PASSED] - selectOptionByValue: All options with value '8' are selected in object 'Object Repository/REG as parent/region' 

2018-12-03 15:12:27 - [MESSAGE][PASSED] - All options with value '8' are selected in object 'Object Repository/REG as parent/region' 

2018-12-03 15:12:27 - [TEST_STEP][PASSED] - delay: Delayed 5 second(s)

2018-12-03 15:12:32 - [MESSAGE][PASSED] - Delayed 5 second(s)

2018-12-03 15:12:32 - [TEST_STEP][PASSED] - setText: Text 'helioplis' is set on object 'Object Repository/REG as parent/address'

2018-12-03 15:12:33 - [MESSAGE][PASSED] - Text 'helioplis' is set on object 'Object Repository/REG as parent/address'

2018-12-03 15:12:33 - [TEST_STEP][PASSED] - setText: Text '10/10/2010' is set on object 'Object Repository/REG as parent/date_birth'

2018-12-03 15:12:33 - [MESSAGE][PASSED] - Text '10/10/2010' is set on object 'Object Repository/REG as parent/date_birth'

2018-12-03 15:12:33 - [TEST_STEP][PASSED] - uploadFile: File 'C:\Users\M.Kamel\git\regression22\Data Files\1.jpg' sent to object: 'Object Repository/REG as parent/image'

2018-12-03 15:12:33 - [MESSAGE][PASSED] - File 'C:\Users\M.Kamel\git\regression22\Data Files\1.jpg' sent to object: 'Object Repository/REG as parent/image'

2018-12-03 15:12:33 - [TEST_STEP][PASSED] - click: Object: 'Object Repository/REG as parent/save_btn' is clicked on

2018-12-03 15:12:36 - [MESSAGE][PASSED] - Object: 'Object Repository/REG as parent/save_btn' is clicked on]]></system-out>
         <system-err><![CDATA[]]></system-err>
      </testcase>
      <testcase name="Test Cases/Final/nav_to_HS" classname="Test Cases/Final/nav_to_HS" status="PASSED">
         <system-out><![CDATA[2018-12-03 15:12:36 - [TEST_CASE][PASSED] - Test Cases/Final/nav_to_HS: Test Cases/Final/nav_to_HS

2018-12-03 15:12:36 - [TEST_STEP][PASSED] - navigateToUrl: Navigate to 'http://www.schooolz.com' successfully

2018-12-03 15:12:48 - [MESSAGE][PASSED] - Navigate to 'http://www.schooolz.com' successfully]]></system-out>
         <system-err><![CDATA[]]></system-err>
      </testcase>
      <testcase name="Test Cases/Final/logout" classname="Test Cases/Final/logout" status="PASSED">
         <system-out><![CDATA[2018-12-03 15:12:48 - [TEST_CASE][PASSED] - Test Cases/Final/logout: Test Cases/Final/logout

2018-12-03 15:12:48 - [TEST_STEP][NOT_RUN] - openBrowser: NOT_RUN: openBrowser

2018-12-03 15:12:48 - [MESSAGE][NOT_RUN] - NOT_RUN: openBrowser

2018-12-03 15:12:48 - [TEST_STEP][NOT_RUN] - maximizeWindow: NOT_RUN: maximizeWindow

2018-12-03 15:12:48 - [MESSAGE][NOT_RUN] - NOT_RUN: maximizeWindow

2018-12-03 15:12:48 - [TEST_STEP][NOT_RUN] - navigateToUrl: NOT_RUN: navigateToUrl

2018-12-03 15:12:48 - [MESSAGE][NOT_RUN] - NOT_RUN: navigateToUrl

2018-12-03 15:12:48 - [TEST_STEP][NOT_RUN] - delay: NOT_RUN: delay

2018-12-03 15:12:48 - [MESSAGE][NOT_RUN] - NOT_RUN: delay

2018-12-03 15:12:48 - [TEST_STEP][NOT_RUN] - click: NOT_RUN: click

2018-12-03 15:12:48 - [MESSAGE][NOT_RUN] - NOT_RUN: click

2018-12-03 15:12:48 - [TEST_STEP][NOT_RUN] - delay: NOT_RUN: delay

2018-12-03 15:12:48 - [MESSAGE][NOT_RUN] - NOT_RUN: delay

2018-12-03 15:12:48 - [TEST_STEP][NOT_RUN] - setText: NOT_RUN: setText

2018-12-03 15:12:48 - [MESSAGE][NOT_RUN] - NOT_RUN: setText

2018-12-03 15:12:48 - [TEST_STEP][NOT_RUN] - delay: NOT_RUN: delay

2018-12-03 15:12:48 - [MESSAGE][NOT_RUN] - NOT_RUN: delay

2018-12-03 15:12:48 - [TEST_STEP][NOT_RUN] - setText: NOT_RUN: setText

2018-12-03 15:12:48 - [MESSAGE][NOT_RUN] - NOT_RUN: setText

2018-12-03 15:12:48 - [TEST_STEP][NOT_RUN] - delay: NOT_RUN: delay

2018-12-03 15:12:48 - [MESSAGE][NOT_RUN] - NOT_RUN: delay

2018-12-03 15:12:48 - [TEST_STEP][NOT_RUN] - click: NOT_RUN: click

2018-12-03 15:12:48 - [MESSAGE][NOT_RUN] - NOT_RUN: click

2018-12-03 15:12:48 - [TEST_STEP][NOT_RUN] - delay: NOT_RUN: delay

2018-12-03 15:12:48 - [MESSAGE][NOT_RUN] - NOT_RUN: delay

2018-12-03 15:12:48 - [TEST_STEP][PASSED] - click: Object: 'Object Repository/HomeScreen/profile_icon' is clicked on

2018-12-03 15:12:48 - [MESSAGE][PASSED] - Object: 'Object Repository/HomeScreen/profile_icon' is clicked on

2018-12-03 15:12:48 - [TEST_STEP][PASSED] - delay: Delayed 5 second(s)

2018-12-03 15:12:53 - [MESSAGE][PASSED] - Delayed 5 second(s)

2018-12-03 15:12:53 - [TEST_STEP][PASSED] - click: Object: 'Object Repository/HomeScreen/logout_button' is clicked on

2018-12-03 15:12:55 - [MESSAGE][PASSED] - Object: 'Object Repository/HomeScreen/logout_button' is clicked on]]></system-out>
         <system-err><![CDATA[]]></system-err>
      </testcase>
      <testcase name="Test Cases/Final/login as parent" classname="Test Cases/Final/login as parent" status="PASSED">
         <system-out><![CDATA[2018-12-03 15:12:55 - [TEST_CASE][PASSED] - Test Cases/Final/login as parent: Test Cases/Final/login as parent

2018-12-03 15:12:55 - [TEST_STEP][PASSED] - openBrowser: Browser is opened with url: ''

2018-12-03 15:12:55 - [MESSAGE][WARNING] - A browser is already opened. Closing browser and opening a new one

2018-12-03 15:12:58 - [MESSAGE][PASSED] - Browser is opened with url: ''

2018-12-03 15:12:58 - [TEST_STEP][PASSED] - maximizeWindow: Current window maximized

2018-12-03 15:12:59 - [MESSAGE][PASSED] - Current window maximized

2018-12-03 15:12:59 - [TEST_STEP][PASSED] - navigateToUrl: Navigate to 'https://www.schooolz.com' successfully

2018-12-03 15:13:09 - [MESSAGE][PASSED] - Navigate to 'https://www.schooolz.com' successfully

2018-12-03 15:13:09 - [TEST_STEP][PASSED] - delay: Delayed 5 second(s)

2018-12-03 15:13:14 - [MESSAGE][PASSED] - Delayed 5 second(s)

2018-12-03 15:13:14 - [TEST_STEP][PASSED] - click: Object: 'Object Repository/HomeScreen/login_btn' is clicked on

2018-12-03 15:13:14 - [MESSAGE][PASSED] - Object: 'Object Repository/HomeScreen/login_btn' is clicked on

2018-12-03 15:13:14 - [TEST_STEP][PASSED] - delay: Delayed 5 second(s)

2018-12-03 15:13:19 - [MESSAGE][PASSED] - Delayed 5 second(s)

2018-12-03 15:13:19 - [TEST_STEP][PASSED] - setText: Text 'parent' is set on object 'Object Repository/HomeScreen/Username_txt'

2018-12-03 15:13:19 - [MESSAGE][PASSED] - Text 'parent' is set on object 'Object Repository/HomeScreen/Username_txt'

2018-12-03 15:13:19 - [TEST_STEP][PASSED] - delay: Delayed 5 second(s)

2018-12-03 15:13:24 - [MESSAGE][PASSED] - Delayed 5 second(s)

2018-12-03 15:13:24 - [TEST_STEP][PASSED] - setText: Text '123456' is set on object 'Object Repository/HomeScreen/Password_txt'

2018-12-03 15:13:24 - [MESSAGE][PASSED] - Text '123456' is set on object 'Object Repository/HomeScreen/Password_txt'

2018-12-03 15:13:24 - [TEST_STEP][PASSED] - delay: Delayed 5 second(s)

2018-12-03 15:13:29 - [MESSAGE][PASSED] - Delayed 5 second(s)

2018-12-03 15:13:29 - [TEST_STEP][PASSED] - click: Object: 'Object Repository/HomeScreen/submit_btn' is clicked on

2018-12-03 15:13:31 - [MESSAGE][PASSED] - Object: 'Object Repository/HomeScreen/submit_btn' is clicked on]]></system-out>
         <system-err><![CDATA[]]></system-err>
      </testcase>
      <testcase name="Test Cases/Final/JoinToSchoool" classname="Test Cases/Final/JoinToSchoool" status="ERROR">
         <error type="ERROR" message="Test Cases/Final/JoinToSchoool FAILED because (of) (Stack trace: groovy.lang.MissingPropertyException: No such property: RandomStringUtils for class: Script1543747816787
	at org.codehaus.groovy.runtime.ScriptBytecodeAdapter.unwrap(ScriptBytecodeAdapter.java:53)
	at org.codehaus.groovy.runtime.callsite.PogoGetPropertySite.getProperty(PogoGetPropertySite.java:52)
	at org.codehaus.groovy.runtime.callsite.AbstractCallSite.callGroovyObjectGetProperty(AbstractCallSite.java:307)
	at Script1543747816787.run(Script1543747816787.groovy:53)
	at com.kms.katalon.core.main.ScriptEngine.run(ScriptEngine.java:183)
	at com.kms.katalon.core.main.ScriptEngine.runScriptAsRawText(ScriptEngine.java:108)
	at com.kms.katalon.core.main.TestCaseExecutor.runScript(TestCaseExecutor.java:294)
	at com.kms.katalon.core.main.TestCaseExecutor.doExecute(TestCaseExecutor.java:285)
	at com.kms.katalon.core.main.TestCaseExecutor.processExecutionPhase(TestCaseExecutor.java:264)
	at com.kms.katalon.core.main.TestCaseExecutor.accessMainPhase(TestCaseExecutor.java:256)
	at com.kms.katalon.core.main.TestCaseExecutor.execute(TestCaseExecutor.java:200)
	at com.kms.katalon.core.main.TestSuiteExecutor.accessTestCaseMainPhase(TestSuiteExecutor.java:129)
	at com.kms.katalon.core.main.TestSuiteExecutor.accessTestSuiteMainPhase(TestSuiteExecutor.java:112)
	at com.kms.katalon.core.main.TestSuiteExecutor.execute(TestSuiteExecutor.java:81)
	at com.kms.katalon.core.main.TestCaseMain.startTestSuite(TestCaseMain.java:142)
	at com.kms.katalon.core.main.TestCaseMain$startTestSuite$0.call(Unknown Source)
	at org.codehaus.groovy.runtime.callsite.CallSiteArray.defaultCall(CallSiteArray.java:48)
	at org.codehaus.groovy.runtime.callsite.AbstractCallSite.call(AbstractCallSite.java:113)
	at org.codehaus.groovy.runtime.callsite.AbstractCallSite.call(AbstractCallSite.java:141)
	at TempTestSuite1543842718531.run(TempTestSuite1543842718531.groovy:36)
	at groovy.lang.GroovyShell.runScriptOrMainOrTestOrRunnable(GroovyShell.java:263)
	at groovy.lang.GroovyShell.run(GroovyShell.java:518)
	at groovy.lang.GroovyShell.run(GroovyShell.java:507)
	at groovy.ui.GroovyMain.processOnce(GroovyMain.java:653)
	at groovy.ui.GroovyMain.run(GroovyMain.java:384)
	at groovy.ui.GroovyMain.process(GroovyMain.java:370)
	at groovy.ui.GroovyMain.processArgs(GroovyMain.java:129)
	at groovy.ui.GroovyMain.main(GroovyMain.java:109)
	at sun.reflect.NativeMethodAccessorImpl.invoke0(Native Method)
	at sun.reflect.NativeMethodAccessorImpl.invoke(NativeMethodAccessorImpl.java:62)
	at sun.reflect.DelegatingMethodAccessorImpl.invoke(DelegatingMethodAccessorImpl.java:43)
	at java.lang.reflect.Method.invoke(Method.java:498)
	at org.codehaus.groovy.tools.GroovyStarter.rootLoader(GroovyStarter.java:109)
	at org.codehaus.groovy.tools.GroovyStarter.main(GroovyStarter.java:131)
)"/>
         <system-out><![CDATA[2018-12-03 15:13:31 - [TEST_CASE][ERROR] - Test Cases/Final/JoinToSchoool: Test Cases/Final/JoinToSchoool FAILED because (of) (Stack trace: groovy.lang.MissingPropertyException: No such property: RandomStringUtils for class: Script1543747816787
	at org.codehaus.groovy.runtime.ScriptBytecodeAdapter.unwrap(ScriptBytecodeAdapter.java:53)
	at org.codehaus.groovy.runtime.callsite.PogoGetPropertySite.getProperty(PogoGetPropertySite.java:52)
	at org.codehaus.groovy.runtime.callsite.AbstractCallSite.callGroovyObjectGetProperty(AbstractCallSite.java:307)
	at Script1543747816787.run(Script1543747816787.groovy:53)
	at com.kms.katalon.core.main.ScriptEngine.run(ScriptEngine.java:183)
	at com.kms.katalon.core.main.ScriptEngine.runScriptAsRawText(ScriptEngine.java:108)
	at com.kms.katalon.core.main.TestCaseExecutor.runScript(TestCaseExecutor.java:294)
	at com.kms.katalon.core.main.TestCaseExecutor.doExecute(TestCaseExecutor.java:285)
	at com.kms.katalon.core.main.TestCaseExecutor.processExecutionPhase(TestCaseExecutor.java:264)
	at com.kms.katalon.core.main.TestCaseExecutor.accessMainPhase(TestCaseExecutor.java:256)
	at com.kms.katalon.core.main.TestCaseExecutor.execute(TestCaseExecutor.java:200)
	at com.kms.katalon.core.main.TestSuiteExecutor.accessTestCaseMainPhase(TestSuiteExecutor.java:129)
	at com.kms.katalon.core.main.TestSuiteExecutor.accessTestSuiteMainPhase(TestSuiteExecutor.java:112)
	at com.kms.katalon.core.main.TestSuiteExecutor.execute(TestSuiteExecutor.java:81)
	at com.kms.katalon.core.main.TestCaseMain.startTestSuite(TestCaseMain.java:142)
	at com.kms.katalon.core.main.TestCaseMain$startTestSuite$0.call(Unknown Source)
	at org.codehaus.groovy.runtime.callsite.CallSiteArray.defaultCall(CallSiteArray.java:48)
	at org.codehaus.groovy.runtime.callsite.AbstractCallSite.call(AbstractCallSite.java:113)
	at org.codehaus.groovy.runtime.callsite.AbstractCallSite.call(AbstractCallSite.java:141)
	at TempTestSuite1543842718531.run(TempTestSuite1543842718531.groovy:36)
	at groovy.lang.GroovyShell.runScriptOrMainOrTestOrRunnable(GroovyShell.java:263)
	at groovy.lang.GroovyShell.run(GroovyShell.java:518)
	at groovy.lang.GroovyShell.run(GroovyShell.java:507)
	at groovy.ui.GroovyMain.processOnce(GroovyMain.java:653)
	at groovy.ui.GroovyMain.run(GroovyMain.java:384)
	at groovy.ui.GroovyMain.process(GroovyMain.java:370)
	at groovy.ui.GroovyMain.processArgs(GroovyMain.java:129)
	at groovy.ui.GroovyMain.main(GroovyMain.java:109)
	at sun.reflect.NativeMethodAccessorImpl.invoke0(Native Method)
	at sun.reflect.NativeMethodAccessorImpl.invoke(NativeMethodAccessorImpl.java:62)
	at sun.reflect.DelegatingMethodAccessorImpl.invoke(DelegatingMethodAccessorImpl.java:43)
	at java.lang.reflect.Method.invoke(Method.java:498)
	at org.codehaus.groovy.tools.GroovyStarter.rootLoader(GroovyStarter.java:109)
	at org.codehaus.groovy.tools.GroovyStarter.main(GroovyStarter.java:131)
)

2018-12-03 15:13:32 - [TEST_STEP][NOT_RUN] - openBrowser: NOT_RUN: openBrowser

2018-12-03 15:13:32 - [MESSAGE][NOT_RUN] - NOT_RUN: openBrowser

2018-12-03 15:13:32 - [TEST_STEP][NOT_RUN] - maximizeWindow: NOT_RUN: maximizeWindow

2018-12-03 15:13:32 - [MESSAGE][NOT_RUN] - NOT_RUN: maximizeWindow

2018-12-03 15:13:32 - [TEST_STEP][NOT_RUN] - navigateToUrl: NOT_RUN: navigateToUrl

2018-12-03 15:13:32 - [MESSAGE][NOT_RUN] - NOT_RUN: navigateToUrl

2018-12-03 15:13:32 - [TEST_STEP][NOT_RUN] - delay: NOT_RUN: delay

2018-12-03 15:13:32 - [MESSAGE][NOT_RUN] - NOT_RUN: delay

2018-12-03 15:13:32 - [TEST_STEP][NOT_RUN] - click: NOT_RUN: click

2018-12-03 15:13:32 - [MESSAGE][NOT_RUN] - NOT_RUN: click

2018-12-03 15:13:32 - [TEST_STEP][NOT_RUN] - delay: NOT_RUN: delay

2018-12-03 15:13:32 - [MESSAGE][NOT_RUN] - NOT_RUN: delay

2018-12-03 15:13:32 - [TEST_STEP][NOT_RUN] - setText: NOT_RUN: setText

2018-12-03 15:13:32 - [MESSAGE][NOT_RUN] - NOT_RUN: setText

2018-12-03 15:13:32 - [TEST_STEP][NOT_RUN] - delay: NOT_RUN: delay

2018-12-03 15:13:32 - [MESSAGE][NOT_RUN] - NOT_RUN: delay

2018-12-03 15:13:32 - [TEST_STEP][NOT_RUN] - setText: NOT_RUN: setText

2018-12-03 15:13:32 - [MESSAGE][NOT_RUN] - NOT_RUN: setText

2018-12-03 15:13:32 - [TEST_STEP][NOT_RUN] - delay: NOT_RUN: delay

2018-12-03 15:13:32 - [MESSAGE][NOT_RUN] - NOT_RUN: delay

2018-12-03 15:13:32 - [TEST_STEP][NOT_RUN] - click: NOT_RUN: click

2018-12-03 15:13:32 - [MESSAGE][NOT_RUN] - NOT_RUN: click

2018-12-03 15:13:32 - [TEST_STEP][NOT_RUN] - delay: NOT_RUN: delay

2018-12-03 15:13:32 - [MESSAGE][NOT_RUN] - NOT_RUN: delay

2018-12-03 15:13:32 - [TEST_STEP][PASSED] - click: Object: 'Object Repository/join to school/schools_btn' is clicked on

2018-12-03 15:13:34 - [MESSAGE][PASSED] - Object: 'Object Repository/join to school/schools_btn' is clicked on

2018-12-03 15:13:34 - [TEST_STEP][PASSED] - delay: Delayed 3 second(s)

2018-12-03 15:13:37 - [MESSAGE][PASSED] - Delayed 3 second(s)

2018-12-03 15:13:37 - [TEST_STEP][PASSED] - click: Object: 'Object Repository/join to school/yahiaschool_btn' is clicked on

2018-12-03 15:13:38 - [MESSAGE][PASSED] - Object: 'Object Repository/join to school/yahiaschool_btn' is clicked on

2018-12-03 15:13:38 - [TEST_STEP][PASSED] - delay: Delayed 3 second(s)

2018-12-03 15:13:41 - [MESSAGE][PASSED] - Delayed 3 second(s)

2018-12-03 15:13:41 - [TEST_STEP][PASSED] - click: Object: 'Object Repository/join to school/Joinschool_btn' is clicked on

2018-12-03 15:13:43 - [MESSAGE][PASSED] - Object: 'Object Repository/join to school/Joinschool_btn' is clicked on

2018-12-03 15:13:43 - [TEST_STEP][PASSED] - delay: Delayed 5 second(s)

2018-12-03 15:13:48 - [MESSAGE][PASSED] - Delayed 5 second(s)

2018-12-03 15:13:48 - [TEST_STEP][PASSED] - setText: Finding Test Object with id 'Object Repository/join to school/name_txt']]></system-out>
         <system-err><![CDATA[2018-12-03 15:13:31 - [TEST_CASE][ERROR] - Test Cases/Final/JoinToSchoool: Test Cases/Final/JoinToSchoool FAILED because (of) (Stack trace: groovy.lang.MissingPropertyException: No such property: RandomStringUtils for class: Script1543747816787
	at org.codehaus.groovy.runtime.ScriptBytecodeAdapter.unwrap(ScriptBytecodeAdapter.java:53)
	at org.codehaus.groovy.runtime.callsite.PogoGetPropertySite.getProperty(PogoGetPropertySite.java:52)
	at org.codehaus.groovy.runtime.callsite.AbstractCallSite.callGroovyObjectGetProperty(AbstractCallSite.java:307)
	at Script1543747816787.run(Script1543747816787.groovy:53)
	at com.kms.katalon.core.main.ScriptEngine.run(ScriptEngine.java:183)
	at com.kms.katalon.core.main.ScriptEngine.runScriptAsRawText(ScriptEngine.java:108)
	at com.kms.katalon.core.main.TestCaseExecutor.runScript(TestCaseExecutor.java:294)
	at com.kms.katalon.core.main.TestCaseExecutor.doExecute(TestCaseExecutor.java:285)
	at com.kms.katalon.core.main.TestCaseExecutor.processExecutionPhase(TestCaseExecutor.java:264)
	at com.kms.katalon.core.main.TestCaseExecutor.accessMainPhase(TestCaseExecutor.java:256)
	at com.kms.katalon.core.main.TestCaseExecutor.execute(TestCaseExecutor.java:200)
	at com.kms.katalon.core.main.TestSuiteExecutor.accessTestCaseMainPhase(TestSuiteExecutor.java:129)
	at com.kms.katalon.core.main.TestSuiteExecutor.accessTestSuiteMainPhase(TestSuiteExecutor.java:112)
	at com.kms.katalon.core.main.TestSuiteExecutor.execute(TestSuiteExecutor.java:81)
	at com.kms.katalon.core.main.TestCaseMain.startTestSuite(TestCaseMain.java:142)
	at com.kms.katalon.core.main.TestCaseMain$startTestSuite$0.call(Unknown Source)
	at org.codehaus.groovy.runtime.callsite.CallSiteArray.defaultCall(CallSiteArray.java:48)
	at org.codehaus.groovy.runtime.callsite.AbstractCallSite.call(AbstractCallSite.java:113)
	at org.codehaus.groovy.runtime.callsite.AbstractCallSite.call(AbstractCallSite.java:141)
	at TempTestSuite1543842718531.run(TempTestSuite1543842718531.groovy:36)
	at groovy.lang.GroovyShell.runScriptOrMainOrTestOrRunnable(GroovyShell.java:263)
	at groovy.lang.GroovyShell.run(GroovyShell.java:518)
	at groovy.lang.GroovyShell.run(GroovyShell.java:507)
	at groovy.ui.GroovyMain.processOnce(GroovyMain.java:653)
	at groovy.ui.GroovyMain.run(GroovyMain.java:384)
	at groovy.ui.GroovyMain.process(GroovyMain.java:370)
	at groovy.ui.GroovyMain.processArgs(GroovyMain.java:129)
	at groovy.ui.GroovyMain.main(GroovyMain.java:109)
	at sun.reflect.NativeMethodAccessorImpl.invoke0(Native Method)
	at sun.reflect.NativeMethodAccessorImpl.invoke(NativeMethodAccessorImpl.java:62)
	at sun.reflect.DelegatingMethodAccessorImpl.invoke(DelegatingMethodAccessorImpl.java:43)
	at java.lang.reflect.Method.invoke(Method.java:498)
	at org.codehaus.groovy.tools.GroovyStarter.rootLoader(GroovyStarter.java:109)
	at org.codehaus.groovy.tools.GroovyStarter.main(GroovyStarter.java:131)
)]]></system-err>
      </testcase>
      <system-out><![CDATA[2018-12-03 15:11:59 - [TEST_SUITE][ERROR] - parent can join to school: Test Cases/Final/JoinToSchoool FAILED because (of) (Stack trace: groovy.lang.MissingPropertyException: No such property: RandomStringUtils for class: Script1543747816787
	at org.codehaus.groovy.runtime.ScriptBytecodeAdapter.unwrap(ScriptBytecodeAdapter.java:53)
	at org.codehaus.groovy.runtime.callsite.PogoGetPropertySite.getProperty(PogoGetPropertySite.java:52)
	at org.codehaus.groovy.runtime.callsite.AbstractCallSite.callGroovyObjectGetProperty(AbstractCallSite.java:307)
	at Script1543747816787.run(Script1543747816787.groovy:53)
	at com.kms.katalon.core.main.ScriptEngine.run(ScriptEngine.java:183)
	at com.kms.katalon.core.main.ScriptEngine.runScriptAsRawText(ScriptEngine.java:108)
	at com.kms.katalon.core.main.TestCaseExecutor.runScript(TestCaseExecutor.java:294)
	at com.kms.katalon.core.main.TestCaseExecutor.doExecute(TestCaseExecutor.java:285)
	at com.kms.katalon.core.main.TestCaseExecutor.processExecutionPhase(TestCaseExecutor.java:264)
	at com.kms.katalon.core.main.TestCaseExecutor.accessMainPhase(TestCaseExecutor.java:256)
	at com.kms.katalon.core.main.TestCaseExecutor.execute(TestCaseExecutor.java:200)
	at com.kms.katalon.core.main.TestSuiteExecutor.accessTestCaseMainPhase(TestSuiteExecutor.java:129)
	at com.kms.katalon.core.main.TestSuiteExecutor.accessTestSuiteMainPhase(TestSuiteExecutor.java:112)
	at com.kms.katalon.core.main.TestSuiteExecutor.execute(TestSuiteExecutor.java:81)
	at com.kms.katalon.core.main.TestCaseMain.startTestSuite(TestCaseMain.java:142)
	at com.kms.katalon.core.main.TestCaseMain$startTestSuite$0.call(Unknown Source)
	at org.codehaus.groovy.runtime.callsite.CallSiteArray.defaultCall(CallSiteArray.java:48)
	at org.codehaus.groovy.runtime.callsite.AbstractCallSite.call(AbstractCallSite.java:113)
	at org.codehaus.groovy.runtime.callsite.AbstractCallSite.call(AbstractCallSite.java:141)
	at TempTestSuite1543842718531.run(TempTestSuite1543842718531.groovy:36)
	at groovy.lang.GroovyShell.runScriptOrMainOrTestOrRunnable(GroovyShell.java:263)
	at groovy.lang.GroovyShell.run(GroovyShell.java:518)
	at groovy.lang.GroovyShell.run(GroovyShell.java:507)
	at groovy.ui.GroovyMain.processOnce(GroovyMain.java:653)
	at groovy.ui.GroovyMain.run(GroovyMain.java:384)
	at groovy.ui.GroovyMain.process(GroovyMain.java:370)
	at groovy.ui.GroovyMain.processArgs(GroovyMain.java:129)
	at groovy.ui.GroovyMain.main(GroovyMain.java:109)
	at sun.reflect.NativeMethodAccessorImpl.invoke0(Native Method)
	at sun.reflect.NativeMethodAccessorImpl.invoke(NativeMethodAccessorImpl.java:62)
	at sun.reflect.DelegatingMethodAccessorImpl.invoke(DelegatingMethodAccessorImpl.java:43)
	at java.lang.reflect.Method.invoke(Method.java:498)
	at org.codehaus.groovy.tools.GroovyStarter.rootLoader(GroovyStarter.java:109)
	at org.codehaus.groovy.tools.GroovyStarter.main(GroovyStarter.java:131)
)]]></system-out>
      <system-err><![CDATA[2018-12-03 15:11:59 - [TEST_SUITE][ERROR] - parent can join to school: Test Cases/Final/JoinToSchoool FAILED because (of) (Stack trace: groovy.lang.MissingPropertyException: No such property: RandomStringUtils for class: Script1543747816787
	at org.codehaus.groovy.runtime.ScriptBytecodeAdapter.unwrap(ScriptBytecodeAdapter.java:53)
	at org.codehaus.groovy.runtime.callsite.PogoGetPropertySite.getProperty(PogoGetPropertySite.java:52)
	at org.codehaus.groovy.runtime.callsite.AbstractCallSite.callGroovyObjectGetProperty(AbstractCallSite.java:307)
	at Script1543747816787.run(Script1543747816787.groovy:53)
	at com.kms.katalon.core.main.ScriptEngine.run(ScriptEngine.java:183)
	at com.kms.katalon.core.main.ScriptEngine.runScriptAsRawText(ScriptEngine.java:108)
	at com.kms.katalon.core.main.TestCaseExecutor.runScript(TestCaseExecutor.java:294)
	at com.kms.katalon.core.main.TestCaseExecutor.doExecute(TestCaseExecutor.java:285)
	at com.kms.katalon.core.main.TestCaseExecutor.processExecutionPhase(TestCaseExecutor.java:264)
	at com.kms.katalon.core.main.TestCaseExecutor.accessMainPhase(TestCaseExecutor.java:256)
	at com.kms.katalon.core.main.TestCaseExecutor.execute(TestCaseExecutor.java:200)
	at com.kms.katalon.core.main.TestSuiteExecutor.accessTestCaseMainPhase(TestSuiteExecutor.java:129)
	at com.kms.katalon.core.main.TestSuiteExecutor.accessTestSuiteMainPhase(TestSuiteExecutor.java:112)
	at com.kms.katalon.core.main.TestSuiteExecutor.execute(TestSuiteExecutor.java:81)
	at com.kms.katalon.core.main.TestCaseMain.startTestSuite(TestCaseMain.java:142)
	at com.kms.katalon.core.main.TestCaseMain$startTestSuite$0.call(Unknown Source)
	at org.codehaus.groovy.runtime.callsite.CallSiteArray.defaultCall(CallSiteArray.java:48)
	at org.codehaus.groovy.runtime.callsite.AbstractCallSite.call(AbstractCallSite.java:113)
	at org.codehaus.groovy.runtime.callsite.AbstractCallSite.call(AbstractCallSite.java:141)
	at TempTestSuite1543842718531.run(TempTestSuite1543842718531.groovy:36)
	at groovy.lang.GroovyShell.runScriptOrMainOrTestOrRunnable(GroovyShell.java:263)
	at groovy.lang.GroovyShell.run(GroovyShell.java:518)
	at groovy.lang.GroovyShell.run(GroovyShell.java:507)
	at groovy.ui.GroovyMain.processOnce(GroovyMain.java:653)
	at groovy.ui.GroovyMain.run(GroovyMain.java:384)
	at groovy.ui.GroovyMain.process(GroovyMain.java:370)
	at groovy.ui.GroovyMain.processArgs(GroovyMain.java:129)
	at groovy.ui.GroovyMain.main(GroovyMain.java:109)
	at sun.reflect.NativeMethodAccessorImpl.invoke0(Native Method)
	at sun.reflect.NativeMethodAccessorImpl.invoke(NativeMethodAccessorImpl.java:62)
	at sun.reflect.DelegatingMethodAccessorImpl.invoke(DelegatingMethodAccessorImpl.java:43)
	at java.lang.reflect.Method.invoke(Method.java:498)
	at org.codehaus.groovy.tools.GroovyStarter.rootLoader(GroovyStarter.java:109)
	at org.codehaus.groovy.tools.GroovyStarter.main(GroovyStarter.java:131)
)]]></system-err>
   </testsuite>
</testsuites>
